#
# A fatal error has been detected by the Java Runtime Environment:
#
#  EXCEPTION_ACCESS_VIOLATION (0xc0000005) at pc=0x00007fff7f7ac973, pid=18200, tid=28860
#
# JRE version: Java(TM) SE Runtime Environment (18.0.2.1+1) (build 18.0.2.1+1-1)
# Java VM: Java HotSpot(TM) 64-Bit Server VM (18.0.2.1+1-1, mixed mode, sharing, tiered, compressed oops, compressed class ptrs, g1 gc, windows-amd64)
# Problematic frame:
# V  [jvm.dll+0x55c973]
#
# No core dump will be written. Minidumps are not enabled by default on client versions of Windows
#
# If you would like to submit a bug report, please visit:
#   https://bugreport.java.com/bugreport/crash.jsp
#

---------------  S U M M A R Y ------------

Command Line: -Xverify:none code.jar

Host: AMD Ryzen 5 2600 Six-Core Processor            , 12 cores, 15G,  Windows 11 , 64 bit Build 22621 (10.0.22621.2506)
Time: Mon Jan 15 13:18:48 2024 RTZ 2 (s 11 , 64 bit Build 22621 (10.0.22621.2506) elapsed time: 0.064417 seconds (0d 0h 0m 0s)

---------------  T H R E A D  ---------------

Current thread (0x000001ffdf916830):  JavaThread "main" [_thread_in_vm, id=28860, stack(0x0000003383c00000,0x0000003383d00000)]

Stack: [0x0000003383c00000,0x0000003383d00000],  sp=0x0000003383cff178,  free space=1020k
Native frames: (J=compiled Java code, j=interpreted, Vv=VM code, C=native code)
V  [jvm.dll+0x55c973]

Java frames: (J=compiled Java code, j=interpreted, Vv=VM code)
j  rtl.InOutFuncs.printNSStringStatic(Lrtl/NSString;)V+4
j  rtl.Program.main([Ljava/lang/String;)V+154
v  ~StubRoutines::call_stub

siginfo: EXCEPTION_ACCESS_VIOLATION (0xc0000005), reading address 0x000000088340044a


Register to memory mapping:

RIP=0x00007fff7f7ac973 jvm.dll
RAX=0x0000000000000002 is an unknown value
RBX=0x000001ffdf916830 is a thread
RCX=0x0000000883400282 is an unknown value
RDX=0x0000000000000002 is an unknown value
RSP=0x0000003383cff178 is pointing into the stack for thread: 0x000001ffdf916830
RBP=0x0000003383cff1e0 is pointing into the stack for thread: 0x000001ffdf916830
RSI=0x0000003383cff248 is pointing into the stack for thread: 0x000001ffdf916830
RDI=0x0000000000000002 is an unknown value
R8 =0x0000000800000d08 is a pointer to class: 
java.lang.Object {0x0000000800000d10}
 - instance size:     2
 - klass size:        62
 - access:            public synchronized 
 - state:             fully_initialized
 - name:              'java/lang/Object'
 - super:             NULL
 - sub:               'rtl/InOutFuncs'   'java/lang/Void'   'java/lang/PublicMethods$Key'   'java/lang/PublicMethods$MethodList'   (398 more klasses...)
 - arrays:            'java/lang/Object'[]
 - methods:           Array<T>(0x00000008005bd068)
 - method ordering:   Array<T>(0x00000008005bd0e0)
 - default_methods:   Array<T>(0x0000000000000000)
 - local interfaces:  Array<T>(0x00000008005bd0d0)
 - trans. interfaces: Array<T>(0x00000008005bd0d0)
 - constants:         constant pool [94] {0x00000008005bcd30} for 'java/lang/Object' cache=0x000000080043a828
 - class loader data:  loader data: 0x000001ffdf958bf0 of 'bootstrap'
 - source file:       'Object.java'
 - class annotations:       Array<T>(0x0000000000000000)
 - class type annotations:  Array<T>(0x0000000000000000)
 - field annotations:       Array<T>(0x0000000000000000)
 - field type annotations:  Array<T>(0x0000000000000000)
 - inner classes:     Array<T>(0x00000008005bd060)
 - nest members:     Array<T>(0x00000008005bd060)
 - permitted subclasses:     Array<T>(0x00000008005bd060)
 - java mirror:       a 'java/lang/Class'{0x0000000711400610} = 'java/lang/Object'
 - vtable length      5  (start addr: 0x0000000800000ec0)
 - itable length      2 (start addr: 0x0000000800000ee8)
 - ---- static fields (0 words):
 - ---- non-static fields (0 words):
 - non-static oop maps: 
R9 =0x000001ffdf9170f0 points into unknown readable memory: 0x0000003383cff628 | 28 f6 cf 83 33 00 00 00
R10=0x000001ffdf914360 points into unknown readable memory: 0x0000001e00000003 | 03 00 00 00 1e 00 00 00
R11={method} {0x0000000800000fb0} 'toString' '()Ljava/lang/String;' in 'java/lang/Object'
R12=0x0 is NULL
R13=0x0000000800000d08 is a pointer to class: 
java.lang.Object {0x0000000800000d10}
 - instance size:     2
 - klass size:        62
 - access:            public synchronized 
 - state:             fully_initialized
 - name:              'java/lang/Object'
 - super:             NULL
 - sub:               'rtl/InOutFuncs'   'java/lang/Void'   'java/lang/PublicMethods$Key'   'java/lang/PublicMethods$MethodList'   (398 more klasses...)
 - arrays:            'java/lang/Object'[]
 - methods:           Array<T>(0x00000008005bd068)
 - method ordering:   Array<T>(0x00000008005bd0e0)
 - default_methods:   Array<T>(0x0000000000000000)
 - local interfaces:  Array<T>(0x00000008005bd0d0)
 - trans. interfaces: Array<T>(0x00000008005bd0d0)
 - constants:         constant pool [94] {0x00000008005bcd30} for 'java/lang/Object' cache=0x000000080043a828
 - class loader data:  loader data: 0x000001ffdf958bf0 of 'bootstrap'
 - source file:       'Object.java'
 - class annotations:       Array<T>(0x0000000000000000)
 - class type annotations:  Array<T>(0x0000000000000000)
 - field annotations:       Array<T>(0x0000000000000000)
 - field type annotations:  Array<T>(0x0000000000000000)
 - inner classes:     Array<T>(0x00000008005bd060)
 - nest members:     Array<T>(0x00000008005bd060)
 - permitted subclasses:     Array<T>(0x00000008005bd060)
 - java mirror:       a 'java/lang/Class'{0x0000000711400610} = 'java/lang/Object'
 - vtable length      5  (start addr: 0x0000000800000ec0)
 - itable length      2 (start addr: 0x0000000800000ee8)
 - ---- static fields (0 words):
 - ---- non-static fields (0 words):
 - non-static oop maps: 
R14=0x0000000883400282 is an unknown value
R15=0x0000003383cff360 is pointing into the stack for thread: 0x000001ffdf916830


Registers:
RAX=0x0000000000000002, RBX=0x000001ffdf916830, RCX=0x0000000883400282, RDX=0x0000000000000002
RSP=0x0000003383cff178, RBP=0x0000003383cff1e0, RSI=0x0000003383cff248, RDI=0x0000000000000002
R8 =0x0000000800000d08, R9 =0x000001ffdf9170f0, R10=0x000001ffdf914360, R11=0x0000000800000fa8
R12=0x0000000000000000, R13=0x0000000800000d08, R14=0x0000000883400282, R15=0x0000003383cff360
RIP=0x00007fff7f7ac973, EFLAGS=0x0000000000010213

Top of Stack: (sp=0x0000003383cff178)
0x0000003383cff178:   00007fff7f7d153f 000001ff83400488
0x0000003383cff188:   0000000000170002 000001ff83400488
0x0000003383cff198:   000001ffdf916830 0000003383cff258
0x0000003383cff1a8:   00007fff7f7cc73b 0000ed5b53c2d4c0
0x0000003383cff1b8:   0000000000000000 0000000000000000
0x0000003383cff1c8:   0000003383cff360 0000000000000000
0x0000003383cff1d8:   0000000000000000 000001ff83400a4c
0x0000003383cff1e8:   000001ff83400a4c 0000003383cff249
0x0000003383cff1f8:   00007fff7f7cf678 000001ffdf9170f0
0x0000003383cff208:   0000000883400282 0000003383cff360
0x0000003383cff218:   000001ffdf916830 0000000883400282
0x0000003383cff228:   0000000300000001 000001ffdf916830
0x0000003383cff238:   0000000000000000 0000000800000fa8
0x0000003383cff248:   0000000800000fa8 000001ffdf916830
0x0000003383cff258:   0000000800444140 0000000800446948
0x0000003383cff268:   0000000800000d08 0000000800c009f0 

Instructions: (pc=0x00007fff7f7ac973)
0x00007fff7f7ac873:   c7 40 08 02 00 00 00 48 89 48 20 c6 40 0c 00 48
0x00007fff7f7ac883:   89 58 10 48 89 58 18 4c 89 38 eb 03 48 8b c3 48
0x00007fff7f7ac893:   8b d0 49 8b ce e8 b3 5d 0e 00 45 33 c0 41 8d 50
0x00007fff7f7ac8a3:   18 8d 4a 10 e8 84 68 b5 ff 48 85 c0 74 23 48 8d
0x00007fff7f7ac8b3:   8e 90 00 00 00 c7 40 08 02 00 00 00 48 89 48 20
0x00007fff7f7ac8c3:   c6 40 0c 00 48 89 58 10 48 89 58 18 4c 89 38 eb
0x00007fff7f7ac8d3:   03 48 8b c3 48 8b d0 49 8b ce e8 6e 5d 0e 00 83
0x00007fff7f7ac8e3:   be a0 00 00 00 00 8b fb 4c 8b 7c 24 48 7e 61 48
0x00007fff7f7ac8f3:   8d 2d df 35 3d 00 0f 1f 80 00 00 00 00 45 33 c0
0x00007fff7f7ac903:   41 8d 50 18 8d 4a 10 e8 21 68 b5 ff 48 85 c0 74
0x00007fff7f7ac913:   27 48 63 d7 48 83 c2 37 c7 40 08 02 00 00 00 c6
0x00007fff7f7ac923:   40 0c 00 48 89 58 10 48 89 58 18 48 8d 14 d6 48
0x00007fff7f7ac933:   89 28 48 89 50 20 eb 03 48 8b c3 48 8b d0 49 8b
0x00007fff7f7ac943:   ce e8 07 5d 0e 00 ff c7 3b be a0 00 00 00 7c ad
0x00007fff7f7ac953:   48 8b 5c 24 50 48 8b 6c 24 58 48 83 c4 20 41 5e
0x00007fff7f7ac963:   5f 5e c3 cc cc cc cc cc cc cc cc cc cc 48 63 c2
0x00007fff7f7ac973:   48 8b 84 c1 b8 01 00 00 c3 cc cc cc cc 48 89 5c
0x00007fff7f7ac983:   24 08 48 89 6c 24 10 48 89 74 24 18 57 41 54 41
0x00007fff7f7ac993:   55 41 56 41 57 48 83 ec 20 48 8b 99 88 00 00 00
0x00007fff7f7ac9a3:   44 0f b6 e2 48 85 db 0f 84 32 01 00 00 8b 0d 32
0x00007fff7f7ac9b3:   96 61 00 65 48 8b 04 25 58 00 00 00 be 50 00 00
0x00007fff7f7ac9c3:   00 bd 20 00 00 00 4c 8d 2c c8 0f 1f 00 48 8b 8b
0x00007fff7f7ac9d3:   98 00 00 00 e8 24 07 cb ff 84 c0 0f 85 1d 01 00
0x00007fff7f7ac9e3:   00 45 84 e4 0f 84 e5 00 00 00 48 8b 15 8c 83 5d
0x00007fff7f7ac9f3:   00 48 85 d2 0f 84 d5 00 00 00 49 8b 7d 00 8b c6
0x00007fff7f7aca03:   80 3c 38 00 75 0c e8 be 23 2f 00 48 8b 15 6b 83
0x00007fff7f7aca13:   5d 00 8b c5 48 8b 0c 38 48 8b b9 18 02 00 00 48
0x00007fff7f7aca23:   8b 77 10 48 8b 6f 18 4c 8b 77 20 4c 8b 7f 28 48
0x00007fff7f7aca33:   85 d2 74 6c 8b 43 08 85 c0 7e 18 8b 83 a4 00 00
0x00007fff7f7aca43:   00 c1 e8 1a a8 01 74 32 48 8b 4b 18 e8 bc f3 ff
0x00007fff7f7aca53:   ff eb 3e 3d 00 00 00 c0 7d 20 48 8b 83 d8 00 00
0x00007fff7f7aca63:   00 8b 88 a4 00 00 00 c1 e9 1a f6 c1 01 74 0b 48 


Stack slot to memory mapping:
stack at sp + 0 slots: 0x00007fff7f7d153f jvm.dll
stack at sp + 1 slots: 0x000001ff83400488 is pointing into metadata
stack at sp + 2 slots: 0x0000000000170002 is an unknown value
stack at sp + 3 slots: 0x000001ff83400488 is pointing into metadata
stack at sp + 4 slots: 0x000001ffdf916830 is a thread
stack at sp + 5 slots: 0x0000003383cff258 is pointing into the stack for thread: 0x000001ffdf916830
stack at sp + 6 slots: 0x00007fff7f7cc73b jvm.dll
stack at sp + 7 slots: 0x0000ed5b53c2d4c0 is an unknown value


---------------  P R O C E S S  ---------------

Threads class SMR info:
_java_thread_list=0x000001ff870b8690, length=12, elements={
0x000001ffdf916830, 0x000001ff82c20ee0, 0x000001ff82c22a60, 0x000001ff82c3c370,
0x000001ff82c3cc20, 0x000001ff82c3d4d0, 0x000001ff82c3dd80, 0x000001ff82c4a990,
0x000001ff82c4f2a0, 0x000001ff82c53090, 0x000001ff870d43a0, 0x000001ff870d7b20
}

Java Threads: ( => current thread )
=>0x000001ffdf916830 JavaThread "main" [_thread_in_vm, id=28860, stack(0x0000003383c00000,0x0000003383d00000)]
  0x000001ff82c20ee0 JavaThread "Reference Handler" daemon [_thread_blocked, id=2684, stack(0x0000003384300000,0x0000003384400000)]
  0x000001ff82c22a60 JavaThread "Finalizer" daemon [_thread_blocked, id=23680, stack(0x0000003384400000,0x0000003384500000)]
  0x000001ff82c3c370 JavaThread "Signal Dispatcher" daemon [_thread_blocked, id=21216, stack(0x0000003384500000,0x0000003384600000)]
  0x000001ff82c3cc20 JavaThread "Attach Listener" daemon [_thread_blocked, id=3184, stack(0x0000003384600000,0x0000003384700000)]
  0x000001ff82c3d4d0 JavaThread "Service Thread" daemon [_thread_blocked, id=27996, stack(0x0000003384700000,0x0000003384800000)]
  0x000001ff82c3dd80 JavaThread "Monitor Deflation Thread" daemon [_thread_blocked, id=26704, stack(0x0000003384800000,0x0000003384900000)]
  0x000001ff82c4a990 JavaThread "C2 CompilerThread0" daemon [_thread_blocked, id=4824, stack(0x0000003384900000,0x0000003384a00000)]
  0x000001ff82c4f2a0 JavaThread "C1 CompilerThread0" daemon [_thread_blocked, id=24780, stack(0x0000003384a00000,0x0000003384b00000)]
  0x000001ff82c53090 JavaThread "Sweeper thread" daemon [_thread_blocked, id=6760, stack(0x0000003384b00000,0x0000003384c00000)]
  0x000001ff870d43a0 JavaThread "Notification Thread" daemon [_thread_blocked, id=26072, stack(0x0000003384c00000,0x0000003384d00000)]
  0x000001ff870d7b20 JavaThread "Common-Cleaner" daemon [_thread_blocked, id=8264, stack(0x0000003384e00000,0x0000003384f00000)]

Other Threads:
  0x000001ffdf9a8bf0 VMThread "VM Thread" [stack: 0x0000003384200000,0x0000003384300000] [id=24360]
  0x000001ff870d74a0 WatcherThread "VM Periodic Task Thread" [stack: 0x0000003384d00000,0x0000003384e00000] [id=8768]
  0x000001ffdf98a1e0 WorkerThread "GC Thread#0" [stack: 0x0000003383d00000,0x0000003383e00000] [id=10088]
  0x000001ffdf99bfb0 ConcurrentGCThread "G1 Main Marker" [stack: 0x0000003383e00000,0x0000003383f00000] [id=24088]
  0x000001ffdf99c9a0 WorkerThread "G1 Conc#0" [stack: 0x0000003383f00000,0x0000003384000000] [id=27292]
  0x000001ff82ada9f0 ConcurrentGCThread "G1 Refine#0" [stack: 0x0000003384000000,0x0000003384100000] [id=28836]
  0x000001ff82adc220 ConcurrentGCThread "G1 Service" [stack: 0x0000003384100000,0x0000003384200000] [id=4960]

Threads with active compile tasks:

VM state: not at safepoint (normal execution)

VM Mutex/Monitor currently owned by a thread: None

Heap address: 0x0000000701600000, size: 4074 MB, Compressed Oops mode: Zero based, Oop shift amount: 3

CDS archive(s) mapped at: [0x0000000800000000-0x0000000800ba0000-0x0000000800ba0000), size 12189696, SharedBaseAddress: 0x0000000800000000, ArchiveRelocationMode: 0.
Compressed class space mapped at: 0x0000000800c00000-0x0000000840c00000, reserved size: 1073741824
Narrow klass base: 0x0000000800000000, Narrow klass shift: 0, Narrow klass range: 0x100000000

GC Precious Log:
 CardTable entry size: 512
 Card Set container configuration: InlinePtr #cards 4 size 8 Array Of Cards #cards 16 size 48 Howl #buckets 8 coarsen threshold 3686 Howl Bitmap #cards 512 size 80 coarsen threshold 460 Card regions per heap region 1 cards per card region 4096
 CPUs: 12 total, 12 available
 Memory: 16295M
 Large Page Support: Disabled
 NUMA Support: Disabled
 Compressed Oops: Enabled (Zero based)
 Heap Region Size: 2M
 Heap Min Capacity: 8M
 Heap Initial Capacity: 256M
 Heap Max Capacity: 4074M
 Pre-touch: Disabled
 Parallel Workers: 10
 Concurrent Workers: 3
 Concurrent Refinement Workers: 10
 Periodic GC: Disabled

Heap:
 garbage-first heap   total 262144K, used 0K [0x0000000701600000, 0x0000000800000000)
  region size 2048K, 1 young (2048K), 0 survivors (0K)
 Metaspace       used 211K, committed 448K, reserved 1114112K
  class space    used 11K, committed 128K, reserved 1048576K

Heap Regions: E=young(eden), S=young(survivor), O=old, HS=humongous(starts), HC=humongous(continues), CS=collection set, F=free, OA=open archive, CA=closed archive, TAMS=top-at-mark-start (previous, next)
|   0|0x0000000701600000, 0x0000000701600000, 0x0000000701800000|  0%| F|  |TAMS 0x0000000701600000, 0x0000000701600000| Untracked 
|   1|0x0000000701800000, 0x0000000701800000, 0x0000000701a00000|  0%| F|  |TAMS 0x0000000701800000, 0x0000000701800000| Untracked 
|   2|0x0000000701a00000, 0x0000000701a00000, 0x0000000701c00000|  0%| F|  |TAMS 0x0000000701a00000, 0x0000000701a00000| Untracked 
|   3|0x0000000701c00000, 0x0000000701c00000, 0x0000000701e00000|  0%| F|  |TAMS 0x0000000701c00000, 0x0000000701c00000| Untracked 
|   4|0x0000000701e00000, 0x0000000701e00000, 0x0000000702000000|  0%| F|  |TAMS 0x0000000701e00000, 0x0000000701e00000| Untracked 
|   5|0x0000000702000000, 0x0000000702000000, 0x0000000702200000|  0%| F|  |TAMS 0x0000000702000000, 0x0000000702000000| Untracked 
|   6|0x0000000702200000, 0x0000000702200000, 0x0000000702400000|  0%| F|  |TAMS 0x0000000702200000, 0x0000000702200000| Untracked 
|   7|0x0000000702400000, 0x0000000702400000, 0x0000000702600000|  0%| F|  |TAMS 0x0000000702400000, 0x0000000702400000| Untracked 
|   8|0x0000000702600000, 0x0000000702600000, 0x0000000702800000|  0%| F|  |TAMS 0x0000000702600000, 0x0000000702600000| Untracked 
|   9|0x0000000702800000, 0x0000000702800000, 0x0000000702a00000|  0%| F|  |TAMS 0x0000000702800000, 0x0000000702800000| Untracked 
|  10|0x0000000702a00000, 0x0000000702a00000, 0x0000000702c00000|  0%| F|  |TAMS 0x0000000702a00000, 0x0000000702a00000| Untracked 
|  11|0x0000000702c00000, 0x0000000702c00000, 0x0000000702e00000|  0%| F|  |TAMS 0x0000000702c00000, 0x0000000702c00000| Untracked 
|  12|0x0000000702e00000, 0x0000000702e00000, 0x0000000703000000|  0%| F|  |TAMS 0x0000000702e00000, 0x0000000702e00000| Untracked 
|  13|0x0000000703000000, 0x0000000703000000, 0x0000000703200000|  0%| F|  |TAMS 0x0000000703000000, 0x0000000703000000| Untracked 
|  14|0x0000000703200000, 0x0000000703200000, 0x0000000703400000|  0%| F|  |TAMS 0x0000000703200000, 0x0000000703200000| Untracked 
|  15|0x0000000703400000, 0x0000000703400000, 0x0000000703600000|  0%| F|  |TAMS 0x0000000703400000, 0x0000000703400000| Untracked 
|  16|0x0000000703600000, 0x0000000703600000, 0x0000000703800000|  0%| F|  |TAMS 0x0000000703600000, 0x0000000703600000| Untracked 
|  17|0x0000000703800000, 0x0000000703800000, 0x0000000703a00000|  0%| F|  |TAMS 0x0000000703800000, 0x0000000703800000| Untracked 
|  18|0x0000000703a00000, 0x0000000703a00000, 0x0000000703c00000|  0%| F|  |TAMS 0x0000000703a00000, 0x0000000703a00000| Untracked 
|  19|0x0000000703c00000, 0x0000000703c00000, 0x0000000703e00000|  0%| F|  |TAMS 0x0000000703c00000, 0x0000000703c00000| Untracked 
|  20|0x0000000703e00000, 0x0000000703e00000, 0x0000000704000000|  0%| F|  |TAMS 0x0000000703e00000, 0x0000000703e00000| Untracked 
|  21|0x0000000704000000, 0x0000000704000000, 0x0000000704200000|  0%| F|  |TAMS 0x0000000704000000, 0x0000000704000000| Untracked 
|  22|0x0000000704200000, 0x0000000704200000, 0x0000000704400000|  0%| F|  |TAMS 0x0000000704200000, 0x0000000704200000| Untracked 
|  23|0x0000000704400000, 0x0000000704400000, 0x0000000704600000|  0%| F|  |TAMS 0x0000000704400000, 0x0000000704400000| Untracked 
|  24|0x0000000704600000, 0x0000000704600000, 0x0000000704800000|  0%| F|  |TAMS 0x0000000704600000, 0x0000000704600000| Untracked 
|  25|0x0000000704800000, 0x0000000704800000, 0x0000000704a00000|  0%| F|  |TAMS 0x0000000704800000, 0x0000000704800000| Untracked 
|  26|0x0000000704a00000, 0x0000000704a00000, 0x0000000704c00000|  0%| F|  |TAMS 0x0000000704a00000, 0x0000000704a00000| Untracked 
|  27|0x0000000704c00000, 0x0000000704c00000, 0x0000000704e00000|  0%| F|  |TAMS 0x0000000704c00000, 0x0000000704c00000| Untracked 
|  28|0x0000000704e00000, 0x0000000704e00000, 0x0000000705000000|  0%| F|  |TAMS 0x0000000704e00000, 0x0000000704e00000| Untracked 
|  29|0x0000000705000000, 0x0000000705000000, 0x0000000705200000|  0%| F|  |TAMS 0x0000000705000000, 0x0000000705000000| Untracked 
|  30|0x0000000705200000, 0x0000000705200000, 0x0000000705400000|  0%| F|  |TAMS 0x0000000705200000, 0x0000000705200000| Untracked 
|  31|0x0000000705400000, 0x0000000705400000, 0x0000000705600000|  0%| F|  |TAMS 0x0000000705400000, 0x0000000705400000| Untracked 
|  32|0x0000000705600000, 0x0000000705600000, 0x0000000705800000|  0%| F|  |TAMS 0x0000000705600000, 0x0000000705600000| Untracked 
|  33|0x0000000705800000, 0x0000000705800000, 0x0000000705a00000|  0%| F|  |TAMS 0x0000000705800000, 0x0000000705800000| Untracked 
|  34|0x0000000705a00000, 0x0000000705a00000, 0x0000000705c00000|  0%| F|  |TAMS 0x0000000705a00000, 0x0000000705a00000| Untracked 
|  35|0x0000000705c00000, 0x0000000705c00000, 0x0000000705e00000|  0%| F|  |TAMS 0x0000000705c00000, 0x0000000705c00000| Untracked 
|  36|0x0000000705e00000, 0x0000000705e00000, 0x0000000706000000|  0%| F|  |TAMS 0x0000000705e00000, 0x0000000705e00000| Untracked 
|  37|0x0000000706000000, 0x0000000706000000, 0x0000000706200000|  0%| F|  |TAMS 0x0000000706000000, 0x0000000706000000| Untracked 
|  38|0x0000000706200000, 0x0000000706200000, 0x0000000706400000|  0%| F|  |TAMS 0x0000000706200000, 0x0000000706200000| Untracked 
|  39|0x0000000706400000, 0x0000000706400000, 0x0000000706600000|  0%| F|  |TAMS 0x0000000706400000, 0x0000000706400000| Untracked 
|  40|0x0000000706600000, 0x0000000706600000, 0x0000000706800000|  0%| F|  |TAMS 0x0000000706600000, 0x0000000706600000| Untracked 
|  41|0x0000000706800000, 0x0000000706800000, 0x0000000706a00000|  0%| F|  |TAMS 0x0000000706800000, 0x0000000706800000| Untracked 
|  42|0x0000000706a00000, 0x0000000706a00000, 0x0000000706c00000|  0%| F|  |TAMS 0x0000000706a00000, 0x0000000706a00000| Untracked 
|  43|0x0000000706c00000, 0x0000000706c00000, 0x0000000706e00000|  0%| F|  |TAMS 0x0000000706c00000, 0x0000000706c00000| Untracked 
|  44|0x0000000706e00000, 0x0000000706e00000, 0x0000000707000000|  0%| F|  |TAMS 0x0000000706e00000, 0x0000000706e00000| Untracked 
|  45|0x0000000707000000, 0x0000000707000000, 0x0000000707200000|  0%| F|  |TAMS 0x0000000707000000, 0x0000000707000000| Untracked 
|  46|0x0000000707200000, 0x0000000707200000, 0x0000000707400000|  0%| F|  |TAMS 0x0000000707200000, 0x0000000707200000| Untracked 
|  47|0x0000000707400000, 0x0000000707400000, 0x0000000707600000|  0%| F|  |TAMS 0x0000000707400000, 0x0000000707400000| Untracked 
|  48|0x0000000707600000, 0x0000000707600000, 0x0000000707800000|  0%| F|  |TAMS 0x0000000707600000, 0x0000000707600000| Untracked 
|  49|0x0000000707800000, 0x0000000707800000, 0x0000000707a00000|  0%| F|  |TAMS 0x0000000707800000, 0x0000000707800000| Untracked 
|  50|0x0000000707a00000, 0x0000000707a00000, 0x0000000707c00000|  0%| F|  |TAMS 0x0000000707a00000, 0x0000000707a00000| Untracked 
|  51|0x0000000707c00000, 0x0000000707c00000, 0x0000000707e00000|  0%| F|  |TAMS 0x0000000707c00000, 0x0000000707c00000| Untracked 
|  52|0x0000000707e00000, 0x0000000707e00000, 0x0000000708000000|  0%| F|  |TAMS 0x0000000707e00000, 0x0000000707e00000| Untracked 
|  53|0x0000000708000000, 0x0000000708000000, 0x0000000708200000|  0%| F|  |TAMS 0x0000000708000000, 0x0000000708000000| Untracked 
|  54|0x0000000708200000, 0x0000000708200000, 0x0000000708400000|  0%| F|  |TAMS 0x0000000708200000, 0x0000000708200000| Untracked 
|  55|0x0000000708400000, 0x0000000708400000, 0x0000000708600000|  0%| F|  |TAMS 0x0000000708400000, 0x0000000708400000| Untracked 
|  56|0x0000000708600000, 0x0000000708600000, 0x0000000708800000|  0%| F|  |TAMS 0x0000000708600000, 0x0000000708600000| Untracked 
|  57|0x0000000708800000, 0x0000000708800000, 0x0000000708a00000|  0%| F|  |TAMS 0x0000000708800000, 0x0000000708800000| Untracked 
|  58|0x0000000708a00000, 0x0000000708a00000, 0x0000000708c00000|  0%| F|  |TAMS 0x0000000708a00000, 0x0000000708a00000| Untracked 
|  59|0x0000000708c00000, 0x0000000708c00000, 0x0000000708e00000|  0%| F|  |TAMS 0x0000000708c00000, 0x0000000708c00000| Untracked 
|  60|0x0000000708e00000, 0x0000000708e00000, 0x0000000709000000|  0%| F|  |TAMS 0x0000000708e00000, 0x0000000708e00000| Untracked 
|  61|0x0000000709000000, 0x0000000709000000, 0x0000000709200000|  0%| F|  |TAMS 0x0000000709000000, 0x0000000709000000| Untracked 
|  62|0x0000000709200000, 0x0000000709200000, 0x0000000709400000|  0%| F|  |TAMS 0x0000000709200000, 0x0000000709200000| Untracked 
|  63|0x0000000709400000, 0x0000000709400000, 0x0000000709600000|  0%| F|  |TAMS 0x0000000709400000, 0x0000000709400000| Untracked 
|  64|0x0000000709600000, 0x0000000709600000, 0x0000000709800000|  0%| F|  |TAMS 0x0000000709600000, 0x0000000709600000| Untracked 
|  65|0x0000000709800000, 0x0000000709800000, 0x0000000709a00000|  0%| F|  |TAMS 0x0000000709800000, 0x0000000709800000| Untracked 
|  66|0x0000000709a00000, 0x0000000709a00000, 0x0000000709c00000|  0%| F|  |TAMS 0x0000000709a00000, 0x0000000709a00000| Untracked 
|  67|0x0000000709c00000, 0x0000000709c00000, 0x0000000709e00000|  0%| F|  |TAMS 0x0000000709c00000, 0x0000000709c00000| Untracked 
|  68|0x0000000709e00000, 0x0000000709e00000, 0x000000070a000000|  0%| F|  |TAMS 0x0000000709e00000, 0x0000000709e00000| Untracked 
|  69|0x000000070a000000, 0x000000070a000000, 0x000000070a200000|  0%| F|  |TAMS 0x000000070a000000, 0x000000070a000000| Untracked 
|  70|0x000000070a200000, 0x000000070a200000, 0x000000070a400000|  0%| F|  |TAMS 0x000000070a200000, 0x000000070a200000| Untracked 
|  71|0x000000070a400000, 0x000000070a400000, 0x000000070a600000|  0%| F|  |TAMS 0x000000070a400000, 0x000000070a400000| Untracked 
|  72|0x000000070a600000, 0x000000070a600000, 0x000000070a800000|  0%| F|  |TAMS 0x000000070a600000, 0x000000070a600000| Untracked 
|  73|0x000000070a800000, 0x000000070a800000, 0x000000070aa00000|  0%| F|  |TAMS 0x000000070a800000, 0x000000070a800000| Untracked 
|  74|0x000000070aa00000, 0x000000070aa00000, 0x000000070ac00000|  0%| F|  |TAMS 0x000000070aa00000, 0x000000070aa00000| Untracked 
|  75|0x000000070ac00000, 0x000000070ac00000, 0x000000070ae00000|  0%| F|  |TAMS 0x000000070ac00000, 0x000000070ac00000| Untracked 
|  76|0x000000070ae00000, 0x000000070ae00000, 0x000000070b000000|  0%| F|  |TAMS 0x000000070ae00000, 0x000000070ae00000| Untracked 
|  77|0x000000070b000000, 0x000000070b000000, 0x000000070b200000|  0%| F|  |TAMS 0x000000070b000000, 0x000000070b000000| Untracked 
|  78|0x000000070b200000, 0x000000070b200000, 0x000000070b400000|  0%| F|  |TAMS 0x000000070b200000, 0x000000070b200000| Untracked 
|  79|0x000000070b400000, 0x000000070b400000, 0x000000070b600000|  0%| F|  |TAMS 0x000000070b400000, 0x000000070b400000| Untracked 
|  80|0x000000070b600000, 0x000000070b600000, 0x000000070b800000|  0%| F|  |TAMS 0x000000070b600000, 0x000000070b600000| Untracked 
|  81|0x000000070b800000, 0x000000070b800000, 0x000000070ba00000|  0%| F|  |TAMS 0x000000070b800000, 0x000000070b800000| Untracked 
|  82|0x000000070ba00000, 0x000000070ba00000, 0x000000070bc00000|  0%| F|  |TAMS 0x000000070ba00000, 0x000000070ba00000| Untracked 
|  83|0x000000070bc00000, 0x000000070bc00000, 0x000000070be00000|  0%| F|  |TAMS 0x000000070bc00000, 0x000000070bc00000| Untracked 
|  84|0x000000070be00000, 0x000000070be00000, 0x000000070c000000|  0%| F|  |TAMS 0x000000070be00000, 0x000000070be00000| Untracked 
|  85|0x000000070c000000, 0x000000070c000000, 0x000000070c200000|  0%| F|  |TAMS 0x000000070c000000, 0x000000070c000000| Untracked 
|  86|0x000000070c200000, 0x000000070c200000, 0x000000070c400000|  0%| F|  |TAMS 0x000000070c200000, 0x000000070c200000| Untracked 
|  87|0x000000070c400000, 0x000000070c400000, 0x000000070c600000|  0%| F|  |TAMS 0x000000070c400000, 0x000000070c400000| Untracked 
|  88|0x000000070c600000, 0x000000070c600000, 0x000000070c800000|  0%| F|  |TAMS 0x000000070c600000, 0x000000070c600000| Untracked 
|  89|0x000000070c800000, 0x000000070c800000, 0x000000070ca00000|  0%| F|  |TAMS 0x000000070c800000, 0x000000070c800000| Untracked 
|  90|0x000000070ca00000, 0x000000070ca00000, 0x000000070cc00000|  0%| F|  |TAMS 0x000000070ca00000, 0x000000070ca00000| Untracked 
|  91|0x000000070cc00000, 0x000000070cc00000, 0x000000070ce00000|  0%| F|  |TAMS 0x000000070cc00000, 0x000000070cc00000| Untracked 
|  92|0x000000070ce00000, 0x000000070ce00000, 0x000000070d000000|  0%| F|  |TAMS 0x000000070ce00000, 0x000000070ce00000| Untracked 
|  93|0x000000070d000000, 0x000000070d000000, 0x000000070d200000|  0%| F|  |TAMS 0x000000070d000000, 0x000000070d000000| Untracked 
|  94|0x000000070d200000, 0x000000070d200000, 0x000000070d400000|  0%| F|  |TAMS 0x000000070d200000, 0x000000070d200000| Untracked 
|  95|0x000000070d400000, 0x000000070d400000, 0x000000070d600000|  0%| F|  |TAMS 0x000000070d400000, 0x000000070d400000| Untracked 
|  96|0x000000070d600000, 0x000000070d600000, 0x000000070d800000|  0%| F|  |TAMS 0x000000070d600000, 0x000000070d600000| Untracked 
|  97|0x000000070d800000, 0x000000070d800000, 0x000000070da00000|  0%| F|  |TAMS 0x000000070d800000, 0x000000070d800000| Untracked 
|  98|0x000000070da00000, 0x000000070da00000, 0x000000070dc00000|  0%| F|  |TAMS 0x000000070da00000, 0x000000070da00000| Untracked 
|  99|0x000000070dc00000, 0x000000070dc00000, 0x000000070de00000|  0%| F|  |TAMS 0x000000070dc00000, 0x000000070dc00000| Untracked 
| 100|0x000000070de00000, 0x000000070de00000, 0x000000070e000000|  0%| F|  |TAMS 0x000000070de00000, 0x000000070de00000| Untracked 
| 101|0x000000070e000000, 0x000000070e000000, 0x000000070e200000|  0%| F|  |TAMS 0x000000070e000000, 0x000000070e000000| Untracked 
| 102|0x000000070e200000, 0x000000070e200000, 0x000000070e400000|  0%| F|  |TAMS 0x000000070e200000, 0x000000070e200000| Untracked 
| 103|0x000000070e400000, 0x000000070e400000, 0x000000070e600000|  0%| F|  |TAMS 0x000000070e400000, 0x000000070e400000| Untracked 
| 104|0x000000070e600000, 0x000000070e600000, 0x000000070e800000|  0%| F|  |TAMS 0x000000070e600000, 0x000000070e600000| Untracked 
| 105|0x000000070e800000, 0x000000070e800000, 0x000000070ea00000|  0%| F|  |TAMS 0x000000070e800000, 0x000000070e800000| Untracked 
| 106|0x000000070ea00000, 0x000000070ea00000, 0x000000070ec00000|  0%| F|  |TAMS 0x000000070ea00000, 0x000000070ea00000| Untracked 
| 107|0x000000070ec00000, 0x000000070ec00000, 0x000000070ee00000|  0%| F|  |TAMS 0x000000070ec00000, 0x000000070ec00000| Untracked 
| 108|0x000000070ee00000, 0x000000070ee00000, 0x000000070f000000|  0%| F|  |TAMS 0x000000070ee00000, 0x000000070ee00000| Untracked 
| 109|0x000000070f000000, 0x000000070f000000, 0x000000070f200000|  0%| F|  |TAMS 0x000000070f000000, 0x000000070f000000| Untracked 
| 110|0x000000070f200000, 0x000000070f200000, 0x000000070f400000|  0%| F|  |TAMS 0x000000070f200000, 0x000000070f200000| Untracked 
| 111|0x000000070f400000, 0x000000070f400000, 0x000000070f600000|  0%| F|  |TAMS 0x000000070f400000, 0x000000070f400000| Untracked 
| 112|0x000000070f600000, 0x000000070f600000, 0x000000070f800000|  0%| F|  |TAMS 0x000000070f600000, 0x000000070f600000| Untracked 
| 113|0x000000070f800000, 0x000000070f800000, 0x000000070fa00000|  0%| F|  |TAMS 0x000000070f800000, 0x000000070f800000| Untracked 
| 114|0x000000070fa00000, 0x000000070fa00000, 0x000000070fc00000|  0%| F|  |TAMS 0x000000070fa00000, 0x000000070fa00000| Untracked 
| 115|0x000000070fc00000, 0x000000070fc00000, 0x000000070fe00000|  0%| F|  |TAMS 0x000000070fc00000, 0x000000070fc00000| Untracked 
| 116|0x000000070fe00000, 0x000000070fe00000, 0x0000000710000000|  0%| F|  |TAMS 0x000000070fe00000, 0x000000070fe00000| Untracked 
| 117|0x0000000710000000, 0x0000000710000000, 0x0000000710200000|  0%| F|  |TAMS 0x0000000710000000, 0x0000000710000000| Untracked 
| 118|0x0000000710200000, 0x0000000710200000, 0x0000000710400000|  0%| F|  |TAMS 0x0000000710200000, 0x0000000710200000| Untracked 
| 119|0x0000000710400000, 0x0000000710400000, 0x0000000710600000|  0%| F|  |TAMS 0x0000000710400000, 0x0000000710400000| Untracked 
| 120|0x0000000710600000, 0x0000000710600000, 0x0000000710800000|  0%| F|  |TAMS 0x0000000710600000, 0x0000000710600000| Untracked 
| 121|0x0000000710800000, 0x0000000710800000, 0x0000000710a00000|  0%| F|  |TAMS 0x0000000710800000, 0x0000000710800000| Untracked 
| 122|0x0000000710a00000, 0x0000000710a00000, 0x0000000710c00000|  0%| F|  |TAMS 0x0000000710a00000, 0x0000000710a00000| Untracked 
| 123|0x0000000710c00000, 0x0000000710c00000, 0x0000000710e00000|  0%| F|  |TAMS 0x0000000710c00000, 0x0000000710c00000| Untracked 
| 124|0x0000000710e00000, 0x0000000710e00000, 0x0000000711000000|  0%| F|  |TAMS 0x0000000710e00000, 0x0000000710e00000| Untracked 
| 125|0x0000000711000000, 0x0000000711000000, 0x0000000711200000|  0%| F|  |TAMS 0x0000000711000000, 0x0000000711000000| Untracked 
| 126|0x0000000711200000, 0x0000000711200000, 0x0000000711400000|  0%| F|  |TAMS 0x0000000711200000, 0x0000000711200000| Untracked 
| 127|0x0000000711400000, 0x00000007115c2af0, 0x0000000711600000| 88%| E|  |TAMS 0x0000000711400000, 0x0000000711400000| Complete 

Card table byte_map: [0x000001fff6fa0000,0x000001fff77a0000] _byte_map_base: 0x000001fff3795000

Marking Bits (Prev, Next): (CMBitMap*) 0x000001ffdf98b7f0, (CMBitMap*) 0x000001ffdf98b830
 Prev Bits: [0x000001fff7fa0000, 0x000001fffbf48000)
 Next Bits: [0x000001fffbf50000, 0x000001ffffef8000)

Polling page: 0x000001ffdd880000

Metaspace:

Usage:
  Non-class:    199.90 KB used.
      Class:     11.28 KB used.
       Both:    211.18 KB used.

Virtual space:
  Non-class space:       64.00 MB reserved,     320.00 KB ( <1%) committed,  1 nodes.
      Class space:        1.00 GB reserved,     128.00 KB ( <1%) committed,  1 nodes.
             Both:        1.06 GB reserved,     448.00 KB ( <1%) committed. 

Chunk freelists:
   Non-Class:  3.99 MB
       Class:  3.75 MB
        Both:  7.74 MB

MaxMetaspaceSize: unlimited
CompressedClassSpaceSize: 1.00 GB
Initial GC threshold: 21.00 MB
Current GC threshold: 21.00 MB
CDS: on
MetaspaceReclaimPolicy: balanced
 - commit_granule_bytes: 65536.
 - commit_granule_words: 8192.
 - virtual_space_node_default_size: 8388608.
 - enlarge_chunks_in_place: 1.
 - new_chunks_are_fully_committed: 0.
 - uncommit_free_chunks: 1.
 - use_allocation_guard: 0.


Internal statistics:

num_allocs_failed_limit: 0.
num_arena_births: 4.
num_arena_deaths: 0.
num_vsnodes_births: 2.
num_vsnodes_deaths: 0.
num_space_committed: 7.
num_space_uncommitted: 0.
num_chunks_returned_to_freelist: 0.
num_chunks_taken_from_freelist: 5.
num_chunk_merges: 0.
num_chunk_splits: 2.
num_chunks_enlarged: 1.
num_inconsistent_stats: 0.

CodeHeap 'non-profiled nmethods': size=120000Kb used=13Kb max_used=13Kb free=119986Kb
 bounds [0x000001ffeed10000, 0x000001ffeef80000, 0x000001fff6240000]
CodeHeap 'profiled nmethods': size=120000Kb used=95Kb max_used=95Kb free=119904Kb
 bounds [0x000001ffe77e0000, 0x000001ffe7a50000, 0x000001ffeed10000]
CodeHeap 'non-nmethods': size=5760Kb used=1068Kb max_used=1068Kb free=4691Kb
 bounds [0x000001ffe7240000, 0x000001ffe74b0000, 0x000001ffe77e0000]
 total_blobs=394 nmethods=74 adapters=233
 compilation: enabled
              stopped_count=0, restarted_count=0
 full_count=0

Compilation events (20 events):
Event: 0.043 Thread 0x000001ff82c4f2a0   65       3       java.lang.String::indexOf (29 bytes)
Event: 0.043 Thread 0x000001ff82c4f2a0 nmethod 65 0x000001ffe77f4b90 code [0x000001ffe77f4d60, 0x000001ffe77f5018]
Event: 0.049 Thread 0x000001ff82c4f2a0   66       3       java.lang.String::isEmpty (14 bytes)
Event: 0.049 Thread 0x000001ff82c4f2a0 nmethod 66 0x000001ffe77f5110 code [0x000001ffe77f52a0, 0x000001ffe77f5418]
Event: 0.051 Thread 0x000001ff82c4f2a0   67       3       java.lang.AbstractStringBuilder::ensureCapacityInternal (39 bytes)
Event: 0.051 Thread 0x000001ff82c4f2a0 nmethod 67 0x000001ffe77f5510 code [0x000001ffe77f56c0, 0x000001ffe77f58f8]
Event: 0.051 Thread 0x000001ff82c4f2a0   68       3       java.lang.AbstractStringBuilder::isLatin1 (19 bytes)
Event: 0.052 Thread 0x000001ff82c4f2a0 nmethod 68 0x000001ffe77f5a10 code [0x000001ffe77f5ba0, 0x000001ffe77f5d18]
Event: 0.052 Thread 0x000001ff82c4f2a0   69       3       java.lang.StringBuilder::append (8 bytes)
Event: 0.052 Thread 0x000001ff82c4f2a0 nmethod 69 0x000001ffe77f5d90 code [0x000001ffe77f5f20, 0x000001ffe77f6068]
Event: 0.052 Thread 0x000001ff82c4f2a0   70       3       java.lang.AbstractStringBuilder::append (77 bytes)
Event: 0.052 Thread 0x000001ff82c4f2a0 nmethod 70 0x000001ffe77f6110 code [0x000001ffe77f6320, 0x000001ffe77f6a18]
Event: 0.052 Thread 0x000001ff82c4f2a0   71       3       java.lang.CharacterDataLatin1::getProperties (11 bytes)
Event: 0.052 Thread 0x000001ff82c4f2a0 nmethod 71 0x000001ffe77f6c90 code [0x000001ffe77f6e20, 0x000001ffe77f6f58]
Event: 0.052 Thread 0x000001ff82c4f2a0   72       3       java.lang.CharacterDataLatin1::toLowerCase (39 bytes)
Event: 0.052 Thread 0x000001ff82c4f2a0 nmethod 72 0x000001ffe77f7010 code [0x000001ffe77f71c0, 0x000001ffe77f7418]
Event: 0.053 Thread 0x000001ff82c4f2a0   73       3       java.util.zip.ZipUtils::SH (21 bytes)
Event: 0.053 Thread 0x000001ff82c4f2a0 nmethod 73 0x000001ffe77f7510 code [0x000001ffe77f76a0, 0x000001ffe77f77f8]
Event: 0.054 Thread 0x000001ff82c4f2a0   74       3       java.lang.String::<init> (15 bytes)
Event: 0.054 Thread 0x000001ff82c4f2a0 nmethod 74 0x000001ffe77f7910 code [0x000001ffe77f7aa0, 0x000001ffe77f7c78]

GC Heap History (0 events):
No events

Deoptimization events (0 events):
No events

Classes loaded (12 events):
Event: 0.023 Loading class sun/nio/cs/MS1251
Event: 0.024 Loading class sun/nio/cs/MS1251 done
Event: 0.024 Loading class sun/nio/cs/MS1251$Holder
Event: 0.024 Loading class sun/nio/cs/MS1251$Holder done
Event: 0.026 Loading class sun/nio/cs/IBM866
Event: 0.026 Loading class sun/nio/cs/IBM866 done
Event: 0.026 Loading class sun/nio/cs/IBM866$Holder
Event: 0.026 Loading class sun/nio/cs/IBM866$Holder done
Event: 0.051 Loading class sun/nio/cs/UTF_8$Decoder
Event: 0.051 Loading class sun/nio/cs/UTF_8$Decoder done
Event: 0.053 Loading class sun/security/util/ManifestEntryVerifier
Event: 0.053 Loading class sun/security/util/ManifestEntryVerifier done

Classes unloaded (0 events):
No events

Classes redefined (0 events):
No events

Internal exceptions (0 events):
No events

VM Operations (2 events):
Event: 0.050 Executing VM operation: HandshakeAllThreads
Event: 0.050 Executing VM operation: HandshakeAllThreads done

Events (17 events):
Event: 0.008 Loaded shared library C:\Program Files\Java\jdk-18.0.2.1\bin\java.dll
Event: 0.015 Loaded shared library C:\Program Files\Java\jdk-18.0.2.1\bin\jsvml.dll
Event: 0.015 Thread 0x000001ffdf916830 Thread added: 0x000001ffdf916830
Event: 0.017 Thread 0x000001ff82c20ee0 Thread added: 0x000001ff82c20ee0
Event: 0.017 Thread 0x000001ff82c22a60 Thread added: 0x000001ff82c22a60
Event: 0.027 Thread 0x000001ff82c3c370 Thread added: 0x000001ff82c3c370
Event: 0.027 Thread 0x000001ff82c3cc20 Thread added: 0x000001ff82c3cc20
Event: 0.027 Thread 0x000001ff82c3d4d0 Thread added: 0x000001ff82c3d4d0
Event: 0.027 Thread 0x000001ff82c3dd80 Thread added: 0x000001ff82c3dd80
Event: 0.027 Thread 0x000001ff82c4a990 Thread added: 0x000001ff82c4a990
Event: 0.027 Thread 0x000001ff82c4f2a0 Thread added: 0x000001ff82c4f2a0
Event: 0.027 Thread 0x000001ff82c53090 Thread added: 0x000001ff82c53090
Event: 0.040 Thread 0x000001ff870d43a0 Thread added: 0x000001ff870d43a0
Event: 0.042 Thread 0x000001ff870d7b20 Thread added: 0x000001ff870d7b20
Event: 0.045 Loaded shared library C:\Program Files\Java\jdk-18.0.2.1\bin\net.dll
Event: 0.047 Loaded shared library C:\Program Files\Java\jdk-18.0.2.1\bin\nio.dll
Event: 0.050 Loaded shared library C:\Program Files\Java\jdk-18.0.2.1\bin\zip.dll


Dynamic libraries:
0x00007ff74e6b0000 - 0x00007ff74e6c0000 	C:\Program Files\Java\jdk-18.0.2.1\bin\java.exe
0x00007ff847170000 - 0x00007ff847387000 	C:\WINDOWS\SYSTEM32\ntdll.dll
0x00007ff8452a0000 - 0x00007ff845364000 	C:\WINDOWS\System32\KERNEL32.DLL
0x00007ff844830000 - 0x00007ff844bd6000 	C:\WINDOWS\System32\KERNELBASE.dll
0x00007ff844da0000 - 0x00007ff844eb1000 	C:\WINDOWS\System32\ucrtbase.dll
0x00007ff822b60000 - 0x00007ff822b78000 	C:\Program Files\Java\jdk-18.0.2.1\bin\jli.dll
0x00007ff845190000 - 0x00007ff845243000 	C:\WINDOWS\System32\ADVAPI32.dll
0x00007ff845800000 - 0x00007ff8458a7000 	C:\WINDOWS\System32\msvcrt.dll
0x00007ff846820000 - 0x00007ff8468c8000 	C:\WINDOWS\System32\sechost.dll
0x00007ff8444b0000 - 0x00007ff8444d8000 	C:\WINDOWS\System32\bcrypt.dll
0x00007ff846410000 - 0x00007ff846527000 	C:\WINDOWS\System32\RPCRT4.dll
0x00007ff8459b0000 - 0x00007ff845b5e000 	C:\WINDOWS\System32\USER32.dll
0x00007ff844be0000 - 0x00007ff844c06000 	C:\WINDOWS\System32\win32u.dll
0x00007ff8467f0000 - 0x00007ff846819000 	C:\WINDOWS\System32\GDI32.dll
0x00007ff844c80000 - 0x00007ff844d98000 	C:\WINDOWS\System32\gdi32full.dll
0x00007ff8444e0000 - 0x00007ff84457a000 	C:\WINDOWS\System32\msvcp_win.dll
0x00007ff822b30000 - 0x00007ff822b4a000 	C:\Program Files\Java\jdk-18.0.2.1\bin\VCRUNTIME140.dll
0x00007ff839030000 - 0x00007ff8392c3000 	C:\WINDOWS\WinSxS\amd64_microsoft.windows.common-controls_6595b64144ccf1df_6.0.22621.2506_none_270c5ae97388e100\COMCTL32.dll
0x00007ff83ae30000 - 0x00007ff83ae3a000 	C:\WINDOWS\SYSTEM32\VERSION.dll
0x00007ff845260000 - 0x00007ff845291000 	C:\WINDOWS\System32\IMM32.DLL
0x00007ff83f810000 - 0x00007ff83f81c000 	C:\Program Files\Java\jdk-18.0.2.1\bin\vcruntime140_1.dll
0x00007ff820c00000 - 0x00007ff820c8d000 	C:\Program Files\Java\jdk-18.0.2.1\bin\msvcp140.dll
0x00007fff7f250000 - 0x00007fff7fe61000 	C:\Program Files\Java\jdk-18.0.2.1\bin\server\jvm.dll
0x00007ff845250000 - 0x00007ff845258000 	C:\WINDOWS\System32\PSAPI.DLL
0x00007ff822ea0000 - 0x00007ff822ea9000 	C:\WINDOWS\SYSTEM32\WSOCK32.dll
0x00007ff846530000 - 0x00007ff8465a1000 	C:\WINDOWS\System32\WS2_32.dll
0x00007ff83a0b0000 - 0x00007ff83a0e4000 	C:\WINDOWS\SYSTEM32\WINMM.dll
0x00007ff8434a0000 - 0x00007ff8434b8000 	C:\WINDOWS\SYSTEM32\kernel.appcore.dll
0x00007ff83f7d0000 - 0x00007ff83f7da000 	C:\Program Files\Java\jdk-18.0.2.1\bin\jimage.dll
0x00007ff835510000 - 0x00007ff835743000 	C:\WINDOWS\SYSTEM32\DBGHELP.DLL
0x00007ff845f80000 - 0x00007ff846309000 	C:\WINDOWS\System32\combase.dll
0x00007ff845ea0000 - 0x00007ff845f77000 	C:\WINDOWS\System32\OLEAUT32.dll
0x00007ff837810000 - 0x00007ff837842000 	C:\WINDOWS\SYSTEM32\dbgcore.DLL
0x00007ff844640000 - 0x00007ff8446ba000 	C:\WINDOWS\System32\bcryptPrimitives.dll
0x00007ff821850000 - 0x00007ff821875000 	C:\Program Files\Java\jdk-18.0.2.1\bin\java.dll
0x00007ffffd680000 - 0x00007ffffd756000 	C:\Program Files\Java\jdk-18.0.2.1\bin\jsvml.dll
0x00007ff8468d0000 - 0x00007ff84712a000 	C:\WINDOWS\System32\SHELL32.dll
0x00007ff8423b0000 - 0x00007ff842ca6000 	C:\WINDOWS\SYSTEM32\windows.storage.dll
0x00007ff842270000 - 0x00007ff8423ae000 	C:\WINDOWS\SYSTEM32\wintypes.dll
0x00007ff846310000 - 0x00007ff846403000 	C:\WINDOWS\System32\SHCORE.dll
0x00007ff845d30000 - 0x00007ff845d8e000 	C:\WINDOWS\System32\shlwapi.dll
0x00007ff8443e0000 - 0x00007ff844406000 	C:\WINDOWS\SYSTEM32\profapi.dll
0x00007ff820be0000 - 0x00007ff820bf3000 	C:\Program Files\Java\jdk-18.0.2.1\bin\net.dll
0x00007ff83e2e0000 - 0x00007ff83e417000 	C:\WINDOWS\SYSTEM32\WINHTTP.dll
0x00007ff843910000 - 0x00007ff843979000 	C:\WINDOWS\system32\mswsock.dll
0x00007ff820bc0000 - 0x00007ff820bd6000 	C:\Program Files\Java\jdk-18.0.2.1\bin\nio.dll
0x00007ff8210a0000 - 0x00007ff8210b8000 	C:\Program Files\Java\jdk-18.0.2.1\bin\zip.dll

dbghelp: loaded successfully - version: 4.0.5 - missing functions: none
symbol engine: initialized successfully - sym options: 0x614 - pdb path: .;C:\Program Files\Java\jdk-18.0.2.1\bin;C:\WINDOWS\SYSTEM32;C:\WINDOWS\WinSxS\amd64_microsoft.windows.common-controls_6595b64144ccf1df_6.0.22621.2506_none_270c5ae97388e100;C:\Program Files\Java\jdk-18.0.2.1\bin\server

VM Arguments:
jvm_args: -Xverify:none 
java_command: code.jar
java_class_path (initial): code.jar
Launcher Type: SUN_STANDARD

[Global flags]
     intx CICompilerCount                          = 4                                         {product} {ergonomic}
     uint ConcGCThreads                            = 3                                         {product} {ergonomic}
     uint G1ConcRefinementThreads                  = 10                                        {product} {ergonomic}
   size_t G1HeapRegionSize                         = 2097152                                   {product} {ergonomic}
    uintx GCDrainStackTargetSize                   = 64                                        {product} {ergonomic}
   size_t InitialHeapSize                          = 268435456                                 {product} {ergonomic}
   size_t MarkStackSize                            = 4194304                                   {product} {ergonomic}
   size_t MaxHeapSize                              = 4271898624                                {product} {ergonomic}
   size_t MaxNewSize                               = 2562719744                                {product} {ergonomic}
   size_t MinHeapDeltaBytes                        = 2097152                                   {product} {ergonomic}
   size_t MinHeapSize                              = 8388608                                   {product} {ergonomic}
    uintx NonNMethodCodeHeapSize                   = 5839372                                {pd product} {ergonomic}
    uintx NonProfiledCodeHeapSize                  = 122909434                              {pd product} {ergonomic}
    uintx ProfiledCodeHeapSize                     = 122909434                              {pd product} {ergonomic}
    uintx ReservedCodeCacheSize                    = 251658240                              {pd product} {ergonomic}
     bool SegmentedCodeCache                       = true                                      {product} {ergonomic}
   size_t SoftMaxHeapSize                          = 4271898624                             {manageable} {ergonomic}
     bool UseCompressedClassPointers               = true                           {product lp64_product} {ergonomic}
     bool UseCompressedOops                        = true                           {product lp64_product} {ergonomic}
     bool UseG1GC                                  = true                                      {product} {ergonomic}
     bool UseLargePagesIndividualAllocation        = false                                  {pd product} {ergonomic}

Logging:
Log output configuration:
 #0: stdout all=warning uptime,level,tags foldmultilines=false
 #1: stderr all=off uptime,level,tags foldmultilines=false

Environment Variables:
PATH=C:\Program Files\Common Files\Oracle\Java\javapath;C:\Program Files (x86)\Common Files\Intel\Shared Libraries\redist\intel64_win\compiler;C:\Program Files (x86)\Common Files\Oracle\Java\javapath;C:\ProgramData\Oracle\Java\javapath;C:\Windows\system32;C:\Windows;C:\Windows\System32\Wbem;C:\Windows\System32\WindowsPowerShell\v1.0\;C:\Windows\System32\OpenSSH\;C:\Program Files\NVIDIA Corporation\NVIDIA NvDLISR;C:\Program Files (x86)\NVIDIA Corporation\PhysX\Common;C:\Program Files\doxygen\bin;C:\WINDOWS\system32;C:\WINDOWS;C:\WINDOWS\System32\Wbem;C:\WINDOWS\System32\WindowsPowerShell\v1.0\;C:\WINDOWS\System32\OpenSSH\;C:\Program Files\Git\cmd;C:\Program Files\Microsoft SQL Server\150\Tools\Binn\;C:\WINDOWS\system32;C:\WINDOWS;C:\WINDOWS\System32\Wbem;C:\WINDOWS\System32\WindowsPowerShell\v1.0\;C:\WINDOWS\System32\OpenSSH\;C:\Program Files\Microsoft SQL Server\Client SDK\ODBC\170\Tools\Binn\;C:\Program Files\dotnet\;C:\Users\User\AppData\Local\Packages\PythonSoftwareFoundation.Python.3.9_qbz5n2kfra8p0\LocalCache\local-packages\Python39\Scripts;D:\Programs\GNUstepCore\GNUstep\bin;D:\Programs\NodeJs\;C:\Program Files\Java\jdk-18.0.2.1\bin;C:\Program Files\MySQL\MySQL Shell 8.0\bin\;C:\Program Files\Graphviz\bin;C:\Users\User\AppData\Local\Microsoft\WindowsApps;C:\Users\User\AppData\Local\Programs\Microsoft VS Code\bin;C:\Users\User\AppData\Local\GitHubDesktop\bin;D:\Programs\IntelliJ IDEA Community Edition 2022.3.3\bin;C:\Users\User\.dotnet\tools;C:\Users\User\AppData\Local\JetBrains\Toolbox\scripts;C:\Users\User\AppData\Roaming\npm;D:\Programs\JetBrains\PhpStorm 2023.2.1\bin;;D:\Programs\JetBrains\DataSpell 2023.2.2\bin;;D:\Programs\GNUstepCore\GNUstep\bin;D:\Programs\GNUstepCore\GNUstep\GNUstep\System\Tools;D:\Programs\JetBrains\WebStorm 2023.2.3\bin;;D:\AppData\Roaming\npm;C:\Users\User\.dotnet\tools
USERNAME=User
OS=Windows_NT
PROCESSOR_IDENTIFIER=AMD64 Family 23 Model 8 Stepping 2, AuthenticAMD



---------------  S Y S T E M  ---------------

OS:
 Windows 11 , 64 bit Build 22621 (10.0.22621.2506)
OS uptime: 0 days 3:38 hours
Hyper-V role detected

CPU: total 12 (initial active 12) (12 cores per cpu, 2 threads per core) family 23 model 8 stepping 2 microcode 0x0, cx8, cmov, fxsr, ht, mmx, 3dnowpref, sse, sse2, sse3, ssse3, sse4a, sse4.1, sse4.2, popcnt, lzcnt, tsc, tscinvbit, avx, avx2, aes, clmul, bmi1, bmi2, adx, sha, fma, vzeroupper, clflush, clflushopt, hv

Memory: 4k page, system-wide physical 16295M (3489M free)
TotalPageFile size 28583M (AvailPageFile size 7134M)
current process WorkingSet (physical memory assigned to process): 29M, peak: 29M
current process commit charge ("private bytes"): 347M, peak: 347M

vm_info: Java HotSpot(TM) 64-Bit Server VM (18.0.2.1+1-1) for windows-amd64 JRE (18.0.2.1+1-1), built on Aug 16 2022 01:46:33 by "mach5one" with MS VC++ 16.8 / 16.9 (VS2019)

END.
