#
# A fatal error has been detected by the Java Runtime Environment:
#
#  EXCEPTION_ACCESS_VIOLATION (0xc0000005) at pc=0x000001950788a0f4, pid=8332, tid=8856
#
# JRE version: Java(TM) SE Runtime Environment (18.0.2.1+1) (build 18.0.2.1+1-1)
# Java VM: Java HotSpot(TM) 64-Bit Server VM (18.0.2.1+1-1, mixed mode, sharing, tiered, compressed oops, compressed class ptrs, g1 gc, windows-amd64)
# Problematic frame:
# j  java.lang.String.valueOf(Ljava/lang/Object;)Ljava/lang/String;+11 java.base@18.0.2.1
#
# No core dump will be written. Minidumps are not enabled by default on client versions of Windows
#
# If you would like to submit a bug report, please visit:
#   https://bugreport.java.com/bugreport/crash.jsp
#

---------------  S U M M A R Y ------------

Command Line: -Xverify:none code.jar

Host: AMD Ryzen 5 2600 Six-Core Processor            , 12 cores, 15G,  Windows 11 , 64 bit Build 22621 (10.0.22621.2506)
Time: Mon Jan 15 13:12:55 2024 RTZ 2 (s 11 , 64 bit Build 22621 (10.0.22621.2506) elapsed time: 0.060264 seconds (0d 0h 0m 0s)

---------------  T H R E A D  ---------------

Current thread (0x000001957b1966f0):  JavaThread "main" [_thread_in_Java, id=8856, stack(0x000000311cb00000,0x000000311cc00000)]

Stack: [0x000000311cb00000,0x000000311cc00000],  sp=0x000000311cbff270,  free space=1020k
Native frames: (J=compiled Java code, j=interpreted, Vv=VM code, C=native code)
C  0x000001950788a0f4


siginfo: EXCEPTION_ACCESS_VIOLATION (0xc0000005), reading address 0x000000081ec0044a


Register to memory mapping:

RIP=0x000001950788a0f4 is at code_begin+884 in an Interpreter codelet
invokevirtual  182 invokevirtual  [0x0000019507889d80, 0x000001950788a260]  1248 bytes
RAX=0x000000081ec00282 is an unknown value
RBX=0x0000000000000002 is an unknown value
RCX=0x000000311cbff3b8 is pointing into the stack for thread: 0x000001957b1966f0
RDX=0x0000000080000001 is an unknown value
RSP=0x000000311cbff270 is pointing into the stack for thread: 0x000001957b1966f0
RBP=0x000000311cbff2c8 is pointing into the stack for thread: 0x000001957b1966f0
RSI=0x0000000000000011 is an unknown value
RDI=0x0000019507879657 is at code_begin+1463 in an Interpreter codelet
return entry points  [0x00000195078790a0, 0x0000019507879ba0]  2816 bytes
R8 =0x0000000000000002 is an unknown value
R9 =0x0000000000000002 is an unknown value
R10=0x0000000800000000 is pointing into metadata
R11=0x000000311cbff2a0 is pointing into the stack for thread: 0x000001957b1966f0
R12=0x0 is NULL
R13=0x0000000800b1fef3 is pointing into metadata
R14=0x0 is NULL
R15=0x000001957b1966f0 is a thread


Registers:
RAX=0x000000081ec00282, RBX=0x0000000000000002, RCX=0x000000311cbff3b8, RDX=0x0000000080000001
RSP=0x000000311cbff270, RBP=0x000000311cbff2c8, RSI=0x0000000000000011, RDI=0x0000019507879657
R8 =0x0000000000000002, R9 =0x0000000000000002, R10=0x0000000800000000, R11=0x000000311cbff2a0
R12=0x0000000000000000, R13=0x0000000800b1fef3, R14=0x0000000000000000, R15=0x000001957b1966f0
RIP=0x000001950788a0f4, EFLAGS=0x0000000000010246

Top of Stack: (sp=0x000000311cbff270)
0x000000311cbff270:   0000019507879657 000000311cbff3b8
0x000000311cbff280:   000000311cbff280 0000000800b1fef3
0x000000311cbff290:   000000311cbff2d8 000000080042ea98
0x000000311cbff2a0:   0000000000000000 0000000711400c20
0x000000311cbff2b0:   000000080042dc60 0000000000000000
0x000000311cbff2c0:   000000311cbff2d8 000000311cbff330
0x000000311cbff2d0:   0000019507879657 000000311cbff3b8
0x000000311cbff2e0:   0000000711421850 000000311cbff2e8
0x000000311cbff2f0:   0000000800b2b5db 000000311cbff358
0x000000311cbff300:   0000000800436d40 0000000000000000
0x000000311cbff310:   00000007114217a8 0000000800005230
0x000000311cbff320:   000000311cbff2d8 000000311cbff350
0x000000311cbff330:   000000311cbff3a8 00000195078794fe
0x000000311cbff340:   0000000000000000 0000000000000000
0x000000311cbff350:   000000311cbff3b8 0000000711421850
0x000000311cbff360:   000000311cbff360 000001951ec00a2c 

Instructions: (pc=0x000001950788a0f4)
0x0000019507889ff4:   81 78 08 00 00 00 00 74 1e 48 81 78 08 01 00 00
0x000001950788a004:   00 74 14 4c 33 68 08 49 f7 c5 fc ff ff ff 74 0b
0x000001950788a014:   48 83 48 08 02 eb 04 4c 89 68 08 48 83 c0 10 4c
0x000001950788a024:   8b 68 d8 41 83 ed 04 41 c1 e5 03 49 03 c5 48 89
0x000001950788a034:   45 d8 4c 8d 6c 24 08 4c 89 6d f0 ff 63 50 8b 41
0x000001950788a044:   08 49 ba 00 00 00 00 08 00 00 00 49 03 c2 4c 8b
0x000001950788a054:   75 d8 4d 85 f6 0f 84 95 00 00 00 49 8b 56 18 48
0x000001950788a064:   3b d0 0f 85 0f 00 00 00 49 83 46 20 01 49 83 5e
0x000001950788a074:   20 00 e9 71 00 00 00 48 85 d2 0f 84 42 00 00 00
0x000001950788a084:   49 8b 56 28 48 3b d0 0f 85 0f 00 00 00 49 83 46
0x000001950788a094:   30 01 49 83 5e 30 00 e9 4c 00 00 00 48 85 d2 74
0x000001950788a0a4:   0f 49 83 46 08 01 49 83 5e 08 00 e9 38 00 00 00
0x000001950788a0b4:   49 89 46 28 ba 01 00 00 00 49 89 56 30 e9 26 00
0x000001950788a0c4:   00 00 49 3b 46 28 0f 85 0f 00 00 00 49 83 46 30
0x000001950788a0d4:   01 49 83 5e 30 00 e9 0d 00 00 00 49 89 46 18 ba
0x000001950788a0e4:   01 00 00 00 49 89 56 20 49 83 c6 38 4c 89 75 d8
0x000001950788a0f4:   48 8b 9c d8 b8 01 00 00 48 8b 55 d8 48 85 d2 0f
0x000001950788a104:   84 35 01 00 00 80 7a c8 0b 0f 85 2b 01 00 00 48
0x000001950788a114:   83 c2 08 4c 8b 6a f8 41 83 ed 00 41 83 fd 02 0f
0x000001950788a124:   8c 0a 01 00 00 4c 8b 6b 08 45 0f b7 6d 2c 4c 2b
0x000001950788a134:   2a 41 83 ed 01 4e 8b 6c ec 08 4d 85 ed 75 07 48
0x000001950788a144:   83 4a 08 01 eb 53 45 8b 6d 08 49 ba 00 00 00 00
0x000001950788a154:   08 00 00 00 4d 03 ea 4c 33 6a 08 49 f7 c5 fc ff
0x000001950788a164:   ff ff 74 35 49 f7 c5 02 00 00 00 75 2c 48 81 7a
0x000001950788a174:   08 00 00 00 00 74 1e 48 81 7a 08 01 00 00 00 74
0x000001950788a184:   14 4c 33 6a 08 49 f7 c5 fc ff ff ff 74 0b 48 83
0x000001950788a194:   4a 08 02 eb 04 4c 89 6a 08 48 83 c2 10 4c 8b 6a
0x000001950788a1a4:   e8 41 83 ed 02 41 83 fd 02 0f 8c 80 00 00 00 4c
0x000001950788a1b4:   8b 6b 08 45 0f b7 6d 2c 4c 2b 2a 41 83 ed 01 4e
0x000001950788a1c4:   8b 6c ec 08 4d 85 ed 75 07 48 83 4a 08 01 eb 53
0x000001950788a1d4:   45 8b 6d 08 49 ba 00 00 00 00 08 00 00 00 4d 03
0x000001950788a1e4:   ea 4c 33 6a 08 49 f7 c5 fc ff ff ff 74 35 49 f7 


Stack slot to memory mapping:
stack at sp + 0 slots: 0x0000019507879657 is at code_begin+1463 in an Interpreter codelet
return entry points  [0x00000195078790a0, 0x0000019507879ba0]  2816 bytes
stack at sp + 1 slots: 0x000000311cbff3b8 is pointing into the stack for thread: 0x000001957b1966f0
stack at sp + 2 slots: 0x000000311cbff280 is pointing into the stack for thread: 0x000001957b1966f0
stack at sp + 3 slots: 0x0000000800b1fef3 is pointing into metadata
stack at sp + 4 slots: 0x000000311cbff2d8 is pointing into the stack for thread: 0x000001957b1966f0
stack at sp + 5 slots: 0x000000080042ea98 is pointing into metadata
stack at sp + 6 slots: 0x0 is NULL
stack at sp + 7 slots: 0x0000000711400c20 is an oop: java.lang.Class 
{0x0000000711400c20} - klass: 'java/lang/Class'
 - ---- fields (total size 17 words):
 - private volatile transient 'classRedefinedCount' 'I' @12  0
 - abstract internal 'klass' 'J' @16  34359772728 (8638 8)
 - abstract internal 'array_klass' 'J' @24  34359774136 (8bb8 8)
 - abstract internal 'oop_size' 'I' @32  17 (11)
 - abstract internal 'static_oop_field_count' 'I' @36  2
 - private volatile transient 'cachedConstructor' 'Ljava/lang/reflect/Constructor;' @40  NULL (0)
 - private transient 'name' 'Ljava/lang/String;' @44  NULL (0)
 - private transient 'module' 'Ljava/lang/Module;' @48  a 'java/lang/Module'{0x00000007114684b8} (e228d097)
 - private final 'classLoader' 'Ljava/lang/ClassLoader;' @52  NULL (0)
 - private transient 'classData' 'Ljava/lang/Object;' @56  NULL (0)
 - private transient 'packageName' 'Ljava/lang/String;' @60  NULL (0)
 - private final 'componentType' 'Ljava/lang/Class;' @64  NULL (0)
 - private volatile transient 'reflectionData' 'Ljava/lang/ref/SoftReference;' @68  NULL (0)
 - private volatile transient 'genericInfo' 'Lsun/reflect/generics/repository/ClassRepository;' @72  NULL (0)
 - private volatile transient 'enumConstants' '[Ljava/lang/Object;' @76  NULL (0)
 - private volatile transient 'enumConstantDirectory' 'Ljava/util/Map;' @80  NULL (0)
 - private volatile transient 'annotationData' 'Ljava/lang/Class$AnnotationData;' @84  NULL (0)
 - private volatile transient 'annotationType' 'Lsun/reflect/annotation/AnnotationType;' @88  NULL (0)
 - transient 'classValueMap' 'Ljava/lang/ClassValue$ClassValueMap;' @92  NULL (0)
 - abstract internal 'protection_domain' 'Ljava/lang/Object;' @96  NULL (0)
 - abstract internal 'signers_name' 'Ljava/lang/Object;' @100  NULL (0)
 - abstract internal 'source_file' 'Ljava/lang/Object;' @104  NULL (0)
 - signature: Ljava/lang/String;
 - ---- static fields (2):
 - private static final 'serialVersionUID' 'J' @120  -6849794470754667710 (7a3bb342 a0f0a438)
 - static final 'COMPACT_STRINGS' 'Z' @130  true
 - private static final 'serialPersistentFields' '[Ljava/io/ObjectStreamField;' @112  a 'java/io/ObjectStreamField'[0] {0x0000000711409630} (e22812c6)
 - private static final 'REPL' 'C' @128    65533 (fffd)
 - public static final 'CASE_INSENSITIVE_ORDER' 'Ljava/util/Comparator;' @116  a 'java/lang/String$CaseInsensitiveComparator'{0x00000007114097e8} (e22812fd)
 - static final 'LATIN1' 'B' @131  0
 - static final 'UTF16' 'B' @132  1

invokevirtual  182 invokevirtual  [0x0000019507889d80, 0x000001950788a260]  1248 bytes
[MachCode]
  0x0000019507889d80: 4883 ec08 | c5fa 1104 | 24e9 2500 | 0000 4883 | ec10 c5fb | 1104 24e9 | 1700 0000 | 4883 ec10 
  0x0000019507889da0: 4889 0424 | 48c7 4424 | 0800 0000 | 00e9 0100 | 0000 504c | 896d c041 | 0fb7 5501 | 488b 4dd0 
  0x0000019507889dc0: c1e2 028b | 5cd1 20c1 | eb18 81e3 | ff00 0000 | 81fb b600 | 0000 0f84 | b600 0000 | bbb6 0000 
  0x0000019507889de0: 00e8 0500 | 0000 e99b | 0000 0048 | 8bd3 488d | 4424 084c | 896d c049 | 8bcf c5f8 | 7749 89af 
  0x0000019507889e00: 8002 0000 | 4989 8770 | 0200 0048 | 83ec 20f7 | c40f 0000 | 000f 841a | 0000 0048 | 83ec 0849 
  0x0000019507889e20: bad0 435f | 7fff 7f00 | 0041 ffd2 | 4883 c408 | e90d 0000 | 0049 bad0 | 435f 7fff | 7f00 0041 
  0x0000019507889e40: ffd2 4883 | c420 49c7 | 8770 0200 | 0000 0000 | 0049 c787 | 8002 0000 | 0000 0000 | 49c7 8778 
  0x0000019507889e60: 0200 0000 | 0000 00c5 | f877 4981 | 7f08 0000 | 0000 0f84 | 0500 0000 | e983 70fe | ff4c 8b6d 
  0x0000019507889e80: c04c 8b75 | c8c3 410f | b755 0148 | 8b4d d0c1 | e202 488b | 5cd1 308b | 54d1 388b | ca81 e1ff 
  0x0000019507889ea0: 0000 0048 | 8b4c ccf8 | 448b eac1 | ea1c 49ba | 7089 da7f | ff7f 0000 | 498b 14d2 | 5241 8bd5 
  0x0000019507889ec0: 4c8b 6dc0 | 8bc2 81e0 | 0000 1000 | 0f84 7001 | 0000 483b | 0148 8b45 | d848 85c0 | 0f84 1200 
  0x0000019507889ee0: 0000 4883 | 4008 0148 | 8358 0800 | 4883 c038 | 4889 45d8 | 488b 45d8 | 4885 c00f | 8435 0100 
  0x0000019507889f00: 0080 78c8 | 0b0f 852b | 0100 0048 | 83c0 084c | 8b68 f841 | 83ed 0041 | 83fd 020f | 8c0a 0100 
  0x0000019507889f20: 004c 8b6b | 0845 0fb7 | 6d2c 4c2b | 2841 83ed | 014e 8b6c | ec08 4d85 | ed75 0748 | 8348 0801 
  0x0000019507889f40: eb53 458b | 6d08 49ba | 0000 0000 | 0800 0000 | 4d03 ea4c | 3368 0849 | f7c5 fcff | ffff 7435 
  0x0000019507889f60: 49f7 c502 | 0000 0075 | 2c48 8178 | 0800 0000 | 0074 1e48 | 8178 0801 | 0000 0074 | 144c 3368 
  0x0000019507889f80: 0849 f7c5 | fcff ffff | 740b 4883 | 4808 02eb | 044c 8968 | 0848 83c0 | 104c 8b68 | e841 83ed 
  0x0000019507889fa0: 0241 83fd | 020f 8c80 | 0000 004c | 8b6b 0845 | 0fb7 6d2c | 4c2b 2841 | 83ed 014e | 8b6c ec08 
  0x0000019507889fc0: 4d85 ed75 | 0748 8348 | 0801 eb53 | 458b 6d08 | 49ba 0000 | 0000 0800 | 0000 4d03 | ea4c 3368 
  0x0000019507889fe0: 0849 f7c5 | fcff ffff | 7435 49f7 | c502 0000 | 0075 2c48 | 8178 0800 | 0000 0074 | 1e48 8178 
  0x000001950788a000: 0801 0000 | 0074 144c | 3368 0849 | f7c5 fcff | ffff 740b | 4883 4808 | 02eb 044c | 8968 0848 
  0x000001950788a020: 83c0 104c | 8b68 d841 | 83ed 0441 | c1e5 0349 | 03c5 4889 | 45d8 4c8d | 6c24 084c | 896d f0ff 
  0x000001950788a040: 6350 8b41 | 0849 ba00 | 0000 0008 | 0000 0049 | 03c2 4c8b | 75d8 4d85 | f60f 8495 | 0000 0049 
  0x000001950788a060: 8b56 1848 | 3bd0 0f85 | 0f00 0000 | 4983 4620 | 0149 835e | 2000 e971 | 0000 0048 | 85d2 0f84 
  0x000001950788a080: 4200 0000 | 498b 5628 | 483b d00f | 850f 0000 | 0049 8346 | 3001 4983 | 5e30 00e9 | 4c00 0000 
  0x000001950788a0a0: 4885 d274 | 0f49 8346 | 0801 4983 | 5e08 00e9 | 3800 0000 | 4989 4628 | ba01 0000 | 0049 8956 
  0x000001950788a0c0: 30e9 2600 | 0000 493b | 4628 0f85 | 0f00 0000 | 4983 4630 | 0149 835e | 3000 e90d | 0000 0049 
  0x000001950788a0e0: 8946 18ba | 0100 0000 | 4989 5620 | 4983 c638 | 4c89 75d8 | 488b 9cd8 | b801 0000 | 488b 55d8 
  0x000001950788a100: 4885 d20f | 8435 0100 | 0080 7ac8 | 0b0f 852b | 0100 0048 | 83c2 084c | 8b6a f841 | 83ed 0041 
  0x000001950788a120: 83fd 020f | 8c0a 0100 | 004c 8b6b | 0845 0fb7 | 6d2c 4c2b | 2a41 83ed | 014e 8b6c | ec08 4d85 
  0x000001950788a140: ed75 0748 | 834a 0801 | eb53 458b | 6d08 49ba | 0000 0000 | 0800 0000 | 4d03 ea4c | 336a 0849 
  0x000001950788a160: f7c5 fcff | ffff 7435 | 49f7 c502 | 0000 0075 | 2c48 817a | 0800 0000 | 0074 1e48 | 817a 0801 
  0x000001950788a180: 0000 0074 | 144c 336a | 0849 f7c5 | fcff ffff | 740b 4883 | 4a08 02eb | 044c 896a | 0848 83c2 
  0x000001950788a1a0: 104c 8b6a | e841 83ed | 0241 83fd | 020f 8c80 | 0000 004c | 8b6b 0845 | 0fb7 6d2c | 4c2b 2a41 
  0x000001950788a1c0: 83ed 014e | 8b6c ec08 | 4d85 ed75 | 0748 834a | 0801 eb53 | 458b 6d08 | 49ba 0000 | 0000 0800 
  0x000001950788a1e0: 0000 4d03 | ea4c 336a | 0849 f7c5 | fcff ffff | 7435 49f7 | c502 0000 | 0075 2c48 | 817a 0800 
  0x000001950788a200: 0000 0074 | 1e48 817a | 0801 0000 | 0074 144c | 336a 0849 | f7c5 fcff | ffff 740b | 4883 4a08 
  0x000001950788a220: 02eb 044c | 896a 0848 | 83c2 104c | 8b6a d841 | 83ed 0441 | c1e5 0349 | 03d5 4889 | 55d8 4c8d 
  0x000001950788a240: 6c24 084c | 896d f0ff | 6350 660f | 1f44 0000 | 0000 0000 | 0000 0000 | 0000 0000 | 0000 0000 
[/MachCode]

---------------  P R O C E S S  ---------------

Threads class SMR info:
_java_thread_list=0x00000195229e3ff0, length=12, elements={
0x000001957b1966f0, 0x000001957f4633a0, 0x000001957f465620, 0x000001957f47e3d0,
0x000001957f47ed70, 0x000001957f47f710, 0x000001957f4800b0, 0x000001957f4831a0,
0x000001957f485b90, 0x000001957f4992e0, 0x0000019522a02b30, 0x0000019522a06a50
}

Java Threads: ( => current thread )
=>0x000001957b1966f0 JavaThread "main" [_thread_in_Java, id=8856, stack(0x000000311cb00000,0x000000311cc00000)]
  0x000001957f4633a0 JavaThread "Reference Handler" daemon [_thread_blocked, id=12688, stack(0x000000311d200000,0x000000311d300000)]
  0x000001957f465620 JavaThread "Finalizer" daemon [_thread_blocked, id=13076, stack(0x000000311d300000,0x000000311d400000)]
  0x000001957f47e3d0 JavaThread "Signal Dispatcher" daemon [_thread_blocked, id=9236, stack(0x000000311d400000,0x000000311d500000)]
  0x000001957f47ed70 JavaThread "Attach Listener" daemon [_thread_blocked, id=29304, stack(0x000000311d500000,0x000000311d600000)]
  0x000001957f47f710 JavaThread "Service Thread" daemon [_thread_blocked, id=23940, stack(0x000000311d600000,0x000000311d700000)]
  0x000001957f4800b0 JavaThread "Monitor Deflation Thread" daemon [_thread_blocked, id=29272, stack(0x000000311d700000,0x000000311d800000)]
  0x000001957f4831a0 JavaThread "C2 CompilerThread0" daemon [_thread_blocked, id=3576, stack(0x000000311d800000,0x000000311d900000)]
  0x000001957f485b90 JavaThread "C1 CompilerThread0" daemon [_thread_blocked, id=18592, stack(0x000000311d900000,0x000000311da00000)]
  0x000001957f4992e0 JavaThread "Sweeper thread" daemon [_thread_blocked, id=29404, stack(0x000000311da00000,0x000000311db00000)]
  0x0000019522a02b30 JavaThread "Notification Thread" daemon [_thread_blocked, id=27912, stack(0x000000311db00000,0x000000311dc00000)]
  0x0000019522a06a50 JavaThread "Common-Cleaner" daemon [_thread_blocked, id=26952, stack(0x000000311dd00000,0x000000311de00000)]

Other Threads:
  0x000001957f4619f0 VMThread "VM Thread" [stack: 0x000000311d100000,0x000000311d200000] [id=23620]
  0x0000019522a05c10 WatcherThread "VM Periodic Task Thread" [stack: 0x000000311dc00000,0x000000311dd00000] [id=28704]
  0x000001957b20a0a0 WorkerThread "GC Thread#0" [stack: 0x000000311cc00000,0x000000311cd00000] [id=29028]
  0x000001957b21be70 ConcurrentGCThread "G1 Main Marker" [stack: 0x000000311cd00000,0x000000311ce00000] [id=29264]
  0x000001957b21c860 WorkerThread "G1 Conc#0" [stack: 0x000000311ce00000,0x000000311cf00000] [id=23400]
  0x000001957b24e5b0 ConcurrentGCThread "G1 Refine#0" [stack: 0x000000311cf00000,0x000000311d000000] [id=27556]
  0x000001957f31f020 ConcurrentGCThread "G1 Service" [stack: 0x000000311d000000,0x000000311d100000] [id=1168]

Threads with active compile tasks:

VM state: not at safepoint (normal execution)

VM Mutex/Monitor currently owned by a thread: None

Heap address: 0x0000000701600000, size: 4074 MB, Compressed Oops mode: Zero based, Oop shift amount: 3

CDS archive(s) mapped at: [0x0000000800000000-0x0000000800ba0000-0x0000000800ba0000), size 12189696, SharedBaseAddress: 0x0000000800000000, ArchiveRelocationMode: 0.
Compressed class space mapped at: 0x0000000800c00000-0x0000000840c00000, reserved size: 1073741824
Narrow klass base: 0x0000000800000000, Narrow klass shift: 0, Narrow klass range: 0x100000000

GC Precious Log:
 CardTable entry size: 512
 Card Set container configuration: InlinePtr #cards 4 size 8 Array Of Cards #cards 16 size 48 Howl #buckets 8 coarsen threshold 3686 Howl Bitmap #cards 512 size 80 coarsen threshold 460 Card regions per heap region 1 cards per card region 4096
 CPUs: 12 total, 12 available
 Memory: 16295M
 Large Page Support: Disabled
 NUMA Support: Disabled
 Compressed Oops: Enabled (Zero based)
 Heap Region Size: 2M
 Heap Min Capacity: 8M
 Heap Initial Capacity: 256M
 Heap Max Capacity: 4074M
 Pre-touch: Disabled
 Parallel Workers: 10
 Concurrent Workers: 3
 Concurrent Refinement Workers: 10
 Periodic GC: Disabled

Heap:
 garbage-first heap   total 262144K, used 0K [0x0000000701600000, 0x0000000800000000)
  region size 2048K, 1 young (2048K), 0 survivors (0K)
 Metaspace       used 211K, committed 448K, reserved 1114112K
  class space    used 11K, committed 128K, reserved 1048576K

Heap Regions: E=young(eden), S=young(survivor), O=old, HS=humongous(starts), HC=humongous(continues), CS=collection set, F=free, OA=open archive, CA=closed archive, TAMS=top-at-mark-start (previous, next)
|   0|0x0000000701600000, 0x0000000701600000, 0x0000000701800000|  0%| F|  |TAMS 0x0000000701600000, 0x0000000701600000| Untracked 
|   1|0x0000000701800000, 0x0000000701800000, 0x0000000701a00000|  0%| F|  |TAMS 0x0000000701800000, 0x0000000701800000| Untracked 
|   2|0x0000000701a00000, 0x0000000701a00000, 0x0000000701c00000|  0%| F|  |TAMS 0x0000000701a00000, 0x0000000701a00000| Untracked 
|   3|0x0000000701c00000, 0x0000000701c00000, 0x0000000701e00000|  0%| F|  |TAMS 0x0000000701c00000, 0x0000000701c00000| Untracked 
|   4|0x0000000701e00000, 0x0000000701e00000, 0x0000000702000000|  0%| F|  |TAMS 0x0000000701e00000, 0x0000000701e00000| Untracked 
|   5|0x0000000702000000, 0x0000000702000000, 0x0000000702200000|  0%| F|  |TAMS 0x0000000702000000, 0x0000000702000000| Untracked 
|   6|0x0000000702200000, 0x0000000702200000, 0x0000000702400000|  0%| F|  |TAMS 0x0000000702200000, 0x0000000702200000| Untracked 
|   7|0x0000000702400000, 0x0000000702400000, 0x0000000702600000|  0%| F|  |TAMS 0x0000000702400000, 0x0000000702400000| Untracked 
|   8|0x0000000702600000, 0x0000000702600000, 0x0000000702800000|  0%| F|  |TAMS 0x0000000702600000, 0x0000000702600000| Untracked 
|   9|0x0000000702800000, 0x0000000702800000, 0x0000000702a00000|  0%| F|  |TAMS 0x0000000702800000, 0x0000000702800000| Untracked 
|  10|0x0000000702a00000, 0x0000000702a00000, 0x0000000702c00000|  0%| F|  |TAMS 0x0000000702a00000, 0x0000000702a00000| Untracked 
|  11|0x0000000702c00000, 0x0000000702c00000, 0x0000000702e00000|  0%| F|  |TAMS 0x0000000702c00000, 0x0000000702c00000| Untracked 
|  12|0x0000000702e00000, 0x0000000702e00000, 0x0000000703000000|  0%| F|  |TAMS 0x0000000702e00000, 0x0000000702e00000| Untracked 
|  13|0x0000000703000000, 0x0000000703000000, 0x0000000703200000|  0%| F|  |TAMS 0x0000000703000000, 0x0000000703000000| Untracked 
|  14|0x0000000703200000, 0x0000000703200000, 0x0000000703400000|  0%| F|  |TAMS 0x0000000703200000, 0x0000000703200000| Untracked 
|  15|0x0000000703400000, 0x0000000703400000, 0x0000000703600000|  0%| F|  |TAMS 0x0000000703400000, 0x0000000703400000| Untracked 
|  16|0x0000000703600000, 0x0000000703600000, 0x0000000703800000|  0%| F|  |TAMS 0x0000000703600000, 0x0000000703600000| Untracked 
|  17|0x0000000703800000, 0x0000000703800000, 0x0000000703a00000|  0%| F|  |TAMS 0x0000000703800000, 0x0000000703800000| Untracked 
|  18|0x0000000703a00000, 0x0000000703a00000, 0x0000000703c00000|  0%| F|  |TAMS 0x0000000703a00000, 0x0000000703a00000| Untracked 
|  19|0x0000000703c00000, 0x0000000703c00000, 0x0000000703e00000|  0%| F|  |TAMS 0x0000000703c00000, 0x0000000703c00000| Untracked 
|  20|0x0000000703e00000, 0x0000000703e00000, 0x0000000704000000|  0%| F|  |TAMS 0x0000000703e00000, 0x0000000703e00000| Untracked 
|  21|0x0000000704000000, 0x0000000704000000, 0x0000000704200000|  0%| F|  |TAMS 0x0000000704000000, 0x0000000704000000| Untracked 
|  22|0x0000000704200000, 0x0000000704200000, 0x0000000704400000|  0%| F|  |TAMS 0x0000000704200000, 0x0000000704200000| Untracked 
|  23|0x0000000704400000, 0x0000000704400000, 0x0000000704600000|  0%| F|  |TAMS 0x0000000704400000, 0x0000000704400000| Untracked 
|  24|0x0000000704600000, 0x0000000704600000, 0x0000000704800000|  0%| F|  |TAMS 0x0000000704600000, 0x0000000704600000| Untracked 
|  25|0x0000000704800000, 0x0000000704800000, 0x0000000704a00000|  0%| F|  |TAMS 0x0000000704800000, 0x0000000704800000| Untracked 
|  26|0x0000000704a00000, 0x0000000704a00000, 0x0000000704c00000|  0%| F|  |TAMS 0x0000000704a00000, 0x0000000704a00000| Untracked 
|  27|0x0000000704c00000, 0x0000000704c00000, 0x0000000704e00000|  0%| F|  |TAMS 0x0000000704c00000, 0x0000000704c00000| Untracked 
|  28|0x0000000704e00000, 0x0000000704e00000, 0x0000000705000000|  0%| F|  |TAMS 0x0000000704e00000, 0x0000000704e00000| Untracked 
|  29|0x0000000705000000, 0x0000000705000000, 0x0000000705200000|  0%| F|  |TAMS 0x0000000705000000, 0x0000000705000000| Untracked 
|  30|0x0000000705200000, 0x0000000705200000, 0x0000000705400000|  0%| F|  |TAMS 0x0000000705200000, 0x0000000705200000| Untracked 
|  31|0x0000000705400000, 0x0000000705400000, 0x0000000705600000|  0%| F|  |TAMS 0x0000000705400000, 0x0000000705400000| Untracked 
|  32|0x0000000705600000, 0x0000000705600000, 0x0000000705800000|  0%| F|  |TAMS 0x0000000705600000, 0x0000000705600000| Untracked 
|  33|0x0000000705800000, 0x0000000705800000, 0x0000000705a00000|  0%| F|  |TAMS 0x0000000705800000, 0x0000000705800000| Untracked 
|  34|0x0000000705a00000, 0x0000000705a00000, 0x0000000705c00000|  0%| F|  |TAMS 0x0000000705a00000, 0x0000000705a00000| Untracked 
|  35|0x0000000705c00000, 0x0000000705c00000, 0x0000000705e00000|  0%| F|  |TAMS 0x0000000705c00000, 0x0000000705c00000| Untracked 
|  36|0x0000000705e00000, 0x0000000705e00000, 0x0000000706000000|  0%| F|  |TAMS 0x0000000705e00000, 0x0000000705e00000| Untracked 
|  37|0x0000000706000000, 0x0000000706000000, 0x0000000706200000|  0%| F|  |TAMS 0x0000000706000000, 0x0000000706000000| Untracked 
|  38|0x0000000706200000, 0x0000000706200000, 0x0000000706400000|  0%| F|  |TAMS 0x0000000706200000, 0x0000000706200000| Untracked 
|  39|0x0000000706400000, 0x0000000706400000, 0x0000000706600000|  0%| F|  |TAMS 0x0000000706400000, 0x0000000706400000| Untracked 
|  40|0x0000000706600000, 0x0000000706600000, 0x0000000706800000|  0%| F|  |TAMS 0x0000000706600000, 0x0000000706600000| Untracked 
|  41|0x0000000706800000, 0x0000000706800000, 0x0000000706a00000|  0%| F|  |TAMS 0x0000000706800000, 0x0000000706800000| Untracked 
|  42|0x0000000706a00000, 0x0000000706a00000, 0x0000000706c00000|  0%| F|  |TAMS 0x0000000706a00000, 0x0000000706a00000| Untracked 
|  43|0x0000000706c00000, 0x0000000706c00000, 0x0000000706e00000|  0%| F|  |TAMS 0x0000000706c00000, 0x0000000706c00000| Untracked 
|  44|0x0000000706e00000, 0x0000000706e00000, 0x0000000707000000|  0%| F|  |TAMS 0x0000000706e00000, 0x0000000706e00000| Untracked 
|  45|0x0000000707000000, 0x0000000707000000, 0x0000000707200000|  0%| F|  |TAMS 0x0000000707000000, 0x0000000707000000| Untracked 
|  46|0x0000000707200000, 0x0000000707200000, 0x0000000707400000|  0%| F|  |TAMS 0x0000000707200000, 0x0000000707200000| Untracked 
|  47|0x0000000707400000, 0x0000000707400000, 0x0000000707600000|  0%| F|  |TAMS 0x0000000707400000, 0x0000000707400000| Untracked 
|  48|0x0000000707600000, 0x0000000707600000, 0x0000000707800000|  0%| F|  |TAMS 0x0000000707600000, 0x0000000707600000| Untracked 
|  49|0x0000000707800000, 0x0000000707800000, 0x0000000707a00000|  0%| F|  |TAMS 0x0000000707800000, 0x0000000707800000| Untracked 
|  50|0x0000000707a00000, 0x0000000707a00000, 0x0000000707c00000|  0%| F|  |TAMS 0x0000000707a00000, 0x0000000707a00000| Untracked 
|  51|0x0000000707c00000, 0x0000000707c00000, 0x0000000707e00000|  0%| F|  |TAMS 0x0000000707c00000, 0x0000000707c00000| Untracked 
|  52|0x0000000707e00000, 0x0000000707e00000, 0x0000000708000000|  0%| F|  |TAMS 0x0000000707e00000, 0x0000000707e00000| Untracked 
|  53|0x0000000708000000, 0x0000000708000000, 0x0000000708200000|  0%| F|  |TAMS 0x0000000708000000, 0x0000000708000000| Untracked 
|  54|0x0000000708200000, 0x0000000708200000, 0x0000000708400000|  0%| F|  |TAMS 0x0000000708200000, 0x0000000708200000| Untracked 
|  55|0x0000000708400000, 0x0000000708400000, 0x0000000708600000|  0%| F|  |TAMS 0x0000000708400000, 0x0000000708400000| Untracked 
|  56|0x0000000708600000, 0x0000000708600000, 0x0000000708800000|  0%| F|  |TAMS 0x0000000708600000, 0x0000000708600000| Untracked 
|  57|0x0000000708800000, 0x0000000708800000, 0x0000000708a00000|  0%| F|  |TAMS 0x0000000708800000, 0x0000000708800000| Untracked 
|  58|0x0000000708a00000, 0x0000000708a00000, 0x0000000708c00000|  0%| F|  |TAMS 0x0000000708a00000, 0x0000000708a00000| Untracked 
|  59|0x0000000708c00000, 0x0000000708c00000, 0x0000000708e00000|  0%| F|  |TAMS 0x0000000708c00000, 0x0000000708c00000| Untracked 
|  60|0x0000000708e00000, 0x0000000708e00000, 0x0000000709000000|  0%| F|  |TAMS 0x0000000708e00000, 0x0000000708e00000| Untracked 
|  61|0x0000000709000000, 0x0000000709000000, 0x0000000709200000|  0%| F|  |TAMS 0x0000000709000000, 0x0000000709000000| Untracked 
|  62|0x0000000709200000, 0x0000000709200000, 0x0000000709400000|  0%| F|  |TAMS 0x0000000709200000, 0x0000000709200000| Untracked 
|  63|0x0000000709400000, 0x0000000709400000, 0x0000000709600000|  0%| F|  |TAMS 0x0000000709400000, 0x0000000709400000| Untracked 
|  64|0x0000000709600000, 0x0000000709600000, 0x0000000709800000|  0%| F|  |TAMS 0x0000000709600000, 0x0000000709600000| Untracked 
|  65|0x0000000709800000, 0x0000000709800000, 0x0000000709a00000|  0%| F|  |TAMS 0x0000000709800000, 0x0000000709800000| Untracked 
|  66|0x0000000709a00000, 0x0000000709a00000, 0x0000000709c00000|  0%| F|  |TAMS 0x0000000709a00000, 0x0000000709a00000| Untracked 
|  67|0x0000000709c00000, 0x0000000709c00000, 0x0000000709e00000|  0%| F|  |TAMS 0x0000000709c00000, 0x0000000709c00000| Untracked 
|  68|0x0000000709e00000, 0x0000000709e00000, 0x000000070a000000|  0%| F|  |TAMS 0x0000000709e00000, 0x0000000709e00000| Untracked 
|  69|0x000000070a000000, 0x000000070a000000, 0x000000070a200000|  0%| F|  |TAMS 0x000000070a000000, 0x000000070a000000| Untracked 
|  70|0x000000070a200000, 0x000000070a200000, 0x000000070a400000|  0%| F|  |TAMS 0x000000070a200000, 0x000000070a200000| Untracked 
|  71|0x000000070a400000, 0x000000070a400000, 0x000000070a600000|  0%| F|  |TAMS 0x000000070a400000, 0x000000070a400000| Untracked 
|  72|0x000000070a600000, 0x000000070a600000, 0x000000070a800000|  0%| F|  |TAMS 0x000000070a600000, 0x000000070a600000| Untracked 
|  73|0x000000070a800000, 0x000000070a800000, 0x000000070aa00000|  0%| F|  |TAMS 0x000000070a800000, 0x000000070a800000| Untracked 
|  74|0x000000070aa00000, 0x000000070aa00000, 0x000000070ac00000|  0%| F|  |TAMS 0x000000070aa00000, 0x000000070aa00000| Untracked 
|  75|0x000000070ac00000, 0x000000070ac00000, 0x000000070ae00000|  0%| F|  |TAMS 0x000000070ac00000, 0x000000070ac00000| Untracked 
|  76|0x000000070ae00000, 0x000000070ae00000, 0x000000070b000000|  0%| F|  |TAMS 0x000000070ae00000, 0x000000070ae00000| Untracked 
|  77|0x000000070b000000, 0x000000070b000000, 0x000000070b200000|  0%| F|  |TAMS 0x000000070b000000, 0x000000070b000000| Untracked 
|  78|0x000000070b200000, 0x000000070b200000, 0x000000070b400000|  0%| F|  |TAMS 0x000000070b200000, 0x000000070b200000| Untracked 
|  79|0x000000070b400000, 0x000000070b400000, 0x000000070b600000|  0%| F|  |TAMS 0x000000070b400000, 0x000000070b400000| Untracked 
|  80|0x000000070b600000, 0x000000070b600000, 0x000000070b800000|  0%| F|  |TAMS 0x000000070b600000, 0x000000070b600000| Untracked 
|  81|0x000000070b800000, 0x000000070b800000, 0x000000070ba00000|  0%| F|  |TAMS 0x000000070b800000, 0x000000070b800000| Untracked 
|  82|0x000000070ba00000, 0x000000070ba00000, 0x000000070bc00000|  0%| F|  |TAMS 0x000000070ba00000, 0x000000070ba00000| Untracked 
|  83|0x000000070bc00000, 0x000000070bc00000, 0x000000070be00000|  0%| F|  |TAMS 0x000000070bc00000, 0x000000070bc00000| Untracked 
|  84|0x000000070be00000, 0x000000070be00000, 0x000000070c000000|  0%| F|  |TAMS 0x000000070be00000, 0x000000070be00000| Untracked 
|  85|0x000000070c000000, 0x000000070c000000, 0x000000070c200000|  0%| F|  |TAMS 0x000000070c000000, 0x000000070c000000| Untracked 
|  86|0x000000070c200000, 0x000000070c200000, 0x000000070c400000|  0%| F|  |TAMS 0x000000070c200000, 0x000000070c200000| Untracked 
|  87|0x000000070c400000, 0x000000070c400000, 0x000000070c600000|  0%| F|  |TAMS 0x000000070c400000, 0x000000070c400000| Untracked 
|  88|0x000000070c600000, 0x000000070c600000, 0x000000070c800000|  0%| F|  |TAMS 0x000000070c600000, 0x000000070c600000| Untracked 
|  89|0x000000070c800000, 0x000000070c800000, 0x000000070ca00000|  0%| F|  |TAMS 0x000000070c800000, 0x000000070c800000| Untracked 
|  90|0x000000070ca00000, 0x000000070ca00000, 0x000000070cc00000|  0%| F|  |TAMS 0x000000070ca00000, 0x000000070ca00000| Untracked 
|  91|0x000000070cc00000, 0x000000070cc00000, 0x000000070ce00000|  0%| F|  |TAMS 0x000000070cc00000, 0x000000070cc00000| Untracked 
|  92|0x000000070ce00000, 0x000000070ce00000, 0x000000070d000000|  0%| F|  |TAMS 0x000000070ce00000, 0x000000070ce00000| Untracked 
|  93|0x000000070d000000, 0x000000070d000000, 0x000000070d200000|  0%| F|  |TAMS 0x000000070d000000, 0x000000070d000000| Untracked 
|  94|0x000000070d200000, 0x000000070d200000, 0x000000070d400000|  0%| F|  |TAMS 0x000000070d200000, 0x000000070d200000| Untracked 
|  95|0x000000070d400000, 0x000000070d400000, 0x000000070d600000|  0%| F|  |TAMS 0x000000070d400000, 0x000000070d400000| Untracked 
|  96|0x000000070d600000, 0x000000070d600000, 0x000000070d800000|  0%| F|  |TAMS 0x000000070d600000, 0x000000070d600000| Untracked 
|  97|0x000000070d800000, 0x000000070d800000, 0x000000070da00000|  0%| F|  |TAMS 0x000000070d800000, 0x000000070d800000| Untracked 
|  98|0x000000070da00000, 0x000000070da00000, 0x000000070dc00000|  0%| F|  |TAMS 0x000000070da00000, 0x000000070da00000| Untracked 
|  99|0x000000070dc00000, 0x000000070dc00000, 0x000000070de00000|  0%| F|  |TAMS 0x000000070dc00000, 0x000000070dc00000| Untracked 
| 100|0x000000070de00000, 0x000000070de00000, 0x000000070e000000|  0%| F|  |TAMS 0x000000070de00000, 0x000000070de00000| Untracked 
| 101|0x000000070e000000, 0x000000070e000000, 0x000000070e200000|  0%| F|  |TAMS 0x000000070e000000, 0x000000070e000000| Untracked 
| 102|0x000000070e200000, 0x000000070e200000, 0x000000070e400000|  0%| F|  |TAMS 0x000000070e200000, 0x000000070e200000| Untracked 
| 103|0x000000070e400000, 0x000000070e400000, 0x000000070e600000|  0%| F|  |TAMS 0x000000070e400000, 0x000000070e400000| Untracked 
| 104|0x000000070e600000, 0x000000070e600000, 0x000000070e800000|  0%| F|  |TAMS 0x000000070e600000, 0x000000070e600000| Untracked 
| 105|0x000000070e800000, 0x000000070e800000, 0x000000070ea00000|  0%| F|  |TAMS 0x000000070e800000, 0x000000070e800000| Untracked 
| 106|0x000000070ea00000, 0x000000070ea00000, 0x000000070ec00000|  0%| F|  |TAMS 0x000000070ea00000, 0x000000070ea00000| Untracked 
| 107|0x000000070ec00000, 0x000000070ec00000, 0x000000070ee00000|  0%| F|  |TAMS 0x000000070ec00000, 0x000000070ec00000| Untracked 
| 108|0x000000070ee00000, 0x000000070ee00000, 0x000000070f000000|  0%| F|  |TAMS 0x000000070ee00000, 0x000000070ee00000| Untracked 
| 109|0x000000070f000000, 0x000000070f000000, 0x000000070f200000|  0%| F|  |TAMS 0x000000070f000000, 0x000000070f000000| Untracked 
| 110|0x000000070f200000, 0x000000070f200000, 0x000000070f400000|  0%| F|  |TAMS 0x000000070f200000, 0x000000070f200000| Untracked 
| 111|0x000000070f400000, 0x000000070f400000, 0x000000070f600000|  0%| F|  |TAMS 0x000000070f400000, 0x000000070f400000| Untracked 
| 112|0x000000070f600000, 0x000000070f600000, 0x000000070f800000|  0%| F|  |TAMS 0x000000070f600000, 0x000000070f600000| Untracked 
| 113|0x000000070f800000, 0x000000070f800000, 0x000000070fa00000|  0%| F|  |TAMS 0x000000070f800000, 0x000000070f800000| Untracked 
| 114|0x000000070fa00000, 0x000000070fa00000, 0x000000070fc00000|  0%| F|  |TAMS 0x000000070fa00000, 0x000000070fa00000| Untracked 
| 115|0x000000070fc00000, 0x000000070fc00000, 0x000000070fe00000|  0%| F|  |TAMS 0x000000070fc00000, 0x000000070fc00000| Untracked 
| 116|0x000000070fe00000, 0x000000070fe00000, 0x0000000710000000|  0%| F|  |TAMS 0x000000070fe00000, 0x000000070fe00000| Untracked 
| 117|0x0000000710000000, 0x0000000710000000, 0x0000000710200000|  0%| F|  |TAMS 0x0000000710000000, 0x0000000710000000| Untracked 
| 118|0x0000000710200000, 0x0000000710200000, 0x0000000710400000|  0%| F|  |TAMS 0x0000000710200000, 0x0000000710200000| Untracked 
| 119|0x0000000710400000, 0x0000000710400000, 0x0000000710600000|  0%| F|  |TAMS 0x0000000710400000, 0x0000000710400000| Untracked 
| 120|0x0000000710600000, 0x0000000710600000, 0x0000000710800000|  0%| F|  |TAMS 0x0000000710600000, 0x0000000710600000| Untracked 
| 121|0x0000000710800000, 0x0000000710800000, 0x0000000710a00000|  0%| F|  |TAMS 0x0000000710800000, 0x0000000710800000| Untracked 
| 122|0x0000000710a00000, 0x0000000710a00000, 0x0000000710c00000|  0%| F|  |TAMS 0x0000000710a00000, 0x0000000710a00000| Untracked 
| 123|0x0000000710c00000, 0x0000000710c00000, 0x0000000710e00000|  0%| F|  |TAMS 0x0000000710c00000, 0x0000000710c00000| Untracked 
| 124|0x0000000710e00000, 0x0000000710e00000, 0x0000000711000000|  0%| F|  |TAMS 0x0000000710e00000, 0x0000000710e00000| Untracked 
| 125|0x0000000711000000, 0x0000000711000000, 0x0000000711200000|  0%| F|  |TAMS 0x0000000711000000, 0x0000000711000000| Untracked 
| 126|0x0000000711200000, 0x0000000711200000, 0x0000000711400000|  0%| F|  |TAMS 0x0000000711200000, 0x0000000711200000| Untracked 
| 127|0x0000000711400000, 0x00000007115c2a00, 0x0000000711600000| 88%| E|  |TAMS 0x0000000711400000, 0x0000000711400000| Complete 

Card table byte_map: [0x000001957bfa0000,0x000001957c7a0000] _byte_map_base: 0x0000019578795000

Marking Bits (Prev, Next): (CMBitMap*) 0x000001957b20b6b0, (CMBitMap*) 0x000001957b20b6f0
 Prev Bits: [0x0000019516870000, 0x000001951a818000)
 Next Bits: [0x000001951a820000, 0x000001951e7c8000)

Polling page: 0x000001957a950000

Metaspace:

Usage:
  Non-class:    199.84 KB used.
      Class:     11.28 KB used.
       Both:    211.12 KB used.

Virtual space:
  Non-class space:       64.00 MB reserved,     320.00 KB ( <1%) committed,  1 nodes.
      Class space:        1.00 GB reserved,     128.00 KB ( <1%) committed,  1 nodes.
             Both:        1.06 GB reserved,     448.00 KB ( <1%) committed. 

Chunk freelists:
   Non-Class:  3.99 MB
       Class:  3.75 MB
        Both:  7.74 MB

MaxMetaspaceSize: unlimited
CompressedClassSpaceSize: 1.00 GB
Initial GC threshold: 21.00 MB
Current GC threshold: 21.00 MB
CDS: on
MetaspaceReclaimPolicy: balanced
 - commit_granule_bytes: 65536.
 - commit_granule_words: 8192.
 - virtual_space_node_default_size: 8388608.
 - enlarge_chunks_in_place: 1.
 - new_chunks_are_fully_committed: 0.
 - uncommit_free_chunks: 1.
 - use_allocation_guard: 0.


Internal statistics:

num_allocs_failed_limit: 0.
num_arena_births: 4.
num_arena_deaths: 0.
num_vsnodes_births: 2.
num_vsnodes_deaths: 0.
num_space_committed: 7.
num_space_uncommitted: 0.
num_chunks_returned_to_freelist: 0.
num_chunks_taken_from_freelist: 5.
num_chunk_merges: 0.
num_chunk_splits: 2.
num_chunks_enlarged: 1.
num_inconsistent_stats: 0.

CodeHeap 'non-profiled nmethods': size=120000Kb used=14Kb max_used=14Kb free=119985Kb
 bounds [0x000001950f340000, 0x000001950f5b0000, 0x0000019516870000]
CodeHeap 'profiled nmethods': size=120000Kb used=96Kb max_used=96Kb free=119903Kb
 bounds [0x0000019507e10000, 0x0000019508080000, 0x000001950f340000]
CodeHeap 'non-nmethods': size=5760Kb used=1068Kb max_used=1068Kb free=4691Kb
 bounds [0x0000019507870000, 0x0000019507ae0000, 0x0000019507e10000]
 total_blobs=396 nmethods=76 adapters=233
 compilation: enabled
              stopped_count=0, restarted_count=0
 full_count=0

Compilation events (20 events):
Event: 0.045 Thread 0x000001957f485b90   67       3       java.lang.String::indexOf (29 bytes)
Event: 0.045 Thread 0x000001957f485b90 nmethod 67 0x0000019507e25090 code [0x0000019507e25260, 0x0000019507e25518]
Event: 0.050 Thread 0x000001957f485b90   68       3       java.lang.String::isEmpty (14 bytes)
Event: 0.050 Thread 0x000001957f485b90 nmethod 68 0x0000019507e25610 code [0x0000019507e257a0, 0x0000019507e25918]
Event: 0.053 Thread 0x000001957f485b90   69       3       java.lang.AbstractStringBuilder::ensureCapacityInternal (39 bytes)
Event: 0.053 Thread 0x000001957f485b90 nmethod 69 0x0000019507e25a10 code [0x0000019507e25bc0, 0x0000019507e25df8]
Event: 0.053 Thread 0x000001957f485b90   70       3       java.lang.AbstractStringBuilder::isLatin1 (19 bytes)
Event: 0.053 Thread 0x000001957f485b90 nmethod 70 0x0000019507e25f10 code [0x0000019507e260a0, 0x0000019507e26218]
Event: 0.054 Thread 0x000001957f485b90   71       3       java.lang.StringBuilder::append (8 bytes)
Event: 0.054 Thread 0x000001957f485b90 nmethod 71 0x0000019507e26290 code [0x0000019507e26420, 0x0000019507e26568]
Event: 0.054 Thread 0x000001957f485b90   72       3       java.lang.AbstractStringBuilder::append (77 bytes)
Event: 0.054 Thread 0x000001957f485b90 nmethod 72 0x0000019507e26610 code [0x0000019507e26820, 0x0000019507e26f18]
Event: 0.054 Thread 0x000001957f485b90   73       3       java.lang.CharacterDataLatin1::getProperties (11 bytes)
Event: 0.054 Thread 0x000001957f485b90 nmethod 73 0x0000019507e27190 code [0x0000019507e27320, 0x0000019507e27458]
Event: 0.054 Thread 0x000001957f485b90   74       3       java.lang.CharacterDataLatin1::toLowerCase (39 bytes)
Event: 0.054 Thread 0x000001957f485b90 nmethod 74 0x0000019507e27510 code [0x0000019507e276c0, 0x0000019507e27918]
Event: 0.055 Thread 0x000001957f485b90   75       3       java.util.zip.ZipUtils::SH (21 bytes)
Event: 0.055 Thread 0x000001957f485b90 nmethod 75 0x0000019507e27a10 code [0x0000019507e27ba0, 0x0000019507e27cf8]
Event: 0.056 Thread 0x000001957f485b90   76       3       java.lang.String::<init> (15 bytes)
Event: 0.057 Thread 0x000001957f485b90 nmethod 76 0x0000019507e27e10 code [0x0000019507e27fa0, 0x0000019507e28178]

GC Heap History (0 events):
No events

Deoptimization events (0 events):
No events

Classes loaded (12 events):
Event: 0.025 Loading class sun/nio/cs/MS1251
Event: 0.025 Loading class sun/nio/cs/MS1251 done
Event: 0.026 Loading class sun/nio/cs/MS1251$Holder
Event: 0.026 Loading class sun/nio/cs/MS1251$Holder done
Event: 0.027 Loading class sun/nio/cs/IBM866
Event: 0.027 Loading class sun/nio/cs/IBM866 done
Event: 0.027 Loading class sun/nio/cs/IBM866$Holder
Event: 0.028 Loading class sun/nio/cs/IBM866$Holder done
Event: 0.053 Loading class sun/nio/cs/UTF_8$Decoder
Event: 0.053 Loading class sun/nio/cs/UTF_8$Decoder done
Event: 0.055 Loading class sun/security/util/ManifestEntryVerifier
Event: 0.055 Loading class sun/security/util/ManifestEntryVerifier done

Classes unloaded (0 events):
No events

Classes redefined (0 events):
No events

Internal exceptions (0 events):
No events

VM Operations (2 events):
Event: 0.052 Executing VM operation: HandshakeAllThreads
Event: 0.052 Executing VM operation: HandshakeAllThreads done

Events (17 events):
Event: 0.010 Loaded shared library C:\Program Files\Java\jdk-18.0.2.1\bin\java.dll
Event: 0.017 Loaded shared library C:\Program Files\Java\jdk-18.0.2.1\bin\jsvml.dll
Event: 0.017 Thread 0x000001957b1966f0 Thread added: 0x000001957b1966f0
Event: 0.019 Thread 0x000001957f4633a0 Thread added: 0x000001957f4633a0
Event: 0.019 Thread 0x000001957f465620 Thread added: 0x000001957f465620
Event: 0.029 Thread 0x000001957f47e3d0 Thread added: 0x000001957f47e3d0
Event: 0.029 Thread 0x000001957f47ed70 Thread added: 0x000001957f47ed70
Event: 0.029 Thread 0x000001957f47f710 Thread added: 0x000001957f47f710
Event: 0.029 Thread 0x000001957f4800b0 Thread added: 0x000001957f4800b0
Event: 0.029 Thread 0x000001957f4831a0 Thread added: 0x000001957f4831a0
Event: 0.029 Thread 0x000001957f485b90 Thread added: 0x000001957f485b90
Event: 0.029 Thread 0x000001957f4992e0 Thread added: 0x000001957f4992e0
Event: 0.042 Thread 0x0000019522a02b30 Thread added: 0x0000019522a02b30
Event: 0.043 Thread 0x0000019522a06a50 Thread added: 0x0000019522a06a50
Event: 0.047 Loaded shared library C:\Program Files\Java\jdk-18.0.2.1\bin\net.dll
Event: 0.049 Loaded shared library C:\Program Files\Java\jdk-18.0.2.1\bin\nio.dll
Event: 0.051 Loaded shared library C:\Program Files\Java\jdk-18.0.2.1\bin\zip.dll


Dynamic libraries:
0x00007ff74e6b0000 - 0x00007ff74e6c0000 	C:\Program Files\Java\jdk-18.0.2.1\bin\java.exe
0x00007ff847170000 - 0x00007ff847387000 	C:\WINDOWS\SYSTEM32\ntdll.dll
0x00007ff8452a0000 - 0x00007ff845364000 	C:\WINDOWS\System32\KERNEL32.DLL
0x00007ff844830000 - 0x00007ff844bd6000 	C:\WINDOWS\System32\KERNELBASE.dll
0x00007ff844da0000 - 0x00007ff844eb1000 	C:\WINDOWS\System32\ucrtbase.dll
0x00007ff822b60000 - 0x00007ff822b78000 	C:\Program Files\Java\jdk-18.0.2.1\bin\jli.dll
0x00007ff845190000 - 0x00007ff845243000 	C:\WINDOWS\System32\ADVAPI32.dll
0x00007ff845800000 - 0x00007ff8458a7000 	C:\WINDOWS\System32\msvcrt.dll
0x00007ff846820000 - 0x00007ff8468c8000 	C:\WINDOWS\System32\sechost.dll
0x00007ff8444b0000 - 0x00007ff8444d8000 	C:\WINDOWS\System32\bcrypt.dll
0x00007ff846410000 - 0x00007ff846527000 	C:\WINDOWS\System32\RPCRT4.dll
0x00007ff8459b0000 - 0x00007ff845b5e000 	C:\WINDOWS\System32\USER32.dll
0x00007ff844be0000 - 0x00007ff844c06000 	C:\WINDOWS\System32\win32u.dll
0x00007ff8467f0000 - 0x00007ff846819000 	C:\WINDOWS\System32\GDI32.dll
0x00007ff844c80000 - 0x00007ff844d98000 	C:\WINDOWS\System32\gdi32full.dll
0x00007ff8444e0000 - 0x00007ff84457a000 	C:\WINDOWS\System32\msvcp_win.dll
0x00007ff822b30000 - 0x00007ff822b4a000 	C:\Program Files\Java\jdk-18.0.2.1\bin\VCRUNTIME140.dll
0x00007ff839030000 - 0x00007ff8392c3000 	C:\WINDOWS\WinSxS\amd64_microsoft.windows.common-controls_6595b64144ccf1df_6.0.22621.2506_none_270c5ae97388e100\COMCTL32.dll
0x00007ff83ae30000 - 0x00007ff83ae3a000 	C:\WINDOWS\SYSTEM32\VERSION.dll
0x00007ff845260000 - 0x00007ff845291000 	C:\WINDOWS\System32\IMM32.DLL
0x00007ff83f810000 - 0x00007ff83f81c000 	C:\Program Files\Java\jdk-18.0.2.1\bin\vcruntime140_1.dll
0x00007ff820c00000 - 0x00007ff820c8d000 	C:\Program Files\Java\jdk-18.0.2.1\bin\msvcp140.dll
0x00007fff7f250000 - 0x00007fff7fe61000 	C:\Program Files\Java\jdk-18.0.2.1\bin\server\jvm.dll
0x00007ff845250000 - 0x00007ff845258000 	C:\WINDOWS\System32\PSAPI.DLL
0x00007ff822ea0000 - 0x00007ff822ea9000 	C:\WINDOWS\SYSTEM32\WSOCK32.dll
0x00007ff846530000 - 0x00007ff8465a1000 	C:\WINDOWS\System32\WS2_32.dll
0x00007ff83a0b0000 - 0x00007ff83a0e4000 	C:\WINDOWS\SYSTEM32\WINMM.dll
0x00007ff8434a0000 - 0x00007ff8434b8000 	C:\WINDOWS\SYSTEM32\kernel.appcore.dll
0x00007ff83f7d0000 - 0x00007ff83f7da000 	C:\Program Files\Java\jdk-18.0.2.1\bin\jimage.dll
0x00007ff835510000 - 0x00007ff835743000 	C:\WINDOWS\SYSTEM32\DBGHELP.DLL
0x00007ff845f80000 - 0x00007ff846309000 	C:\WINDOWS\System32\combase.dll
0x00007ff845ea0000 - 0x00007ff845f77000 	C:\WINDOWS\System32\OLEAUT32.dll
0x00007ff837810000 - 0x00007ff837842000 	C:\WINDOWS\SYSTEM32\dbgcore.DLL
0x00007ff844640000 - 0x00007ff8446ba000 	C:\WINDOWS\System32\bcryptPrimitives.dll
0x00007ff821850000 - 0x00007ff821875000 	C:\Program Files\Java\jdk-18.0.2.1\bin\java.dll
0x00007ffffd680000 - 0x00007ffffd756000 	C:\Program Files\Java\jdk-18.0.2.1\bin\jsvml.dll
0x00007ff8468d0000 - 0x00007ff84712a000 	C:\WINDOWS\System32\SHELL32.dll
0x00007ff8423b0000 - 0x00007ff842ca6000 	C:\WINDOWS\SYSTEM32\windows.storage.dll
0x00007ff842270000 - 0x00007ff8423ae000 	C:\WINDOWS\SYSTEM32\wintypes.dll
0x00007ff846310000 - 0x00007ff846403000 	C:\WINDOWS\System32\SHCORE.dll
0x00007ff845d30000 - 0x00007ff845d8e000 	C:\WINDOWS\System32\shlwapi.dll
0x00007ff8443e0000 - 0x00007ff844406000 	C:\WINDOWS\SYSTEM32\profapi.dll
0x00007ff820be0000 - 0x00007ff820bf3000 	C:\Program Files\Java\jdk-18.0.2.1\bin\net.dll
0x00007ff83e2e0000 - 0x00007ff83e417000 	C:\WINDOWS\SYSTEM32\WINHTTP.dll
0x00007ff843910000 - 0x00007ff843979000 	C:\WINDOWS\system32\mswsock.dll
0x00007ff820bc0000 - 0x00007ff820bd6000 	C:\Program Files\Java\jdk-18.0.2.1\bin\nio.dll
0x00007ff8210a0000 - 0x00007ff8210b8000 	C:\Program Files\Java\jdk-18.0.2.1\bin\zip.dll

dbghelp: loaded successfully - version: 4.0.5 - missing functions: none
symbol engine: initialized successfully - sym options: 0x614 - pdb path: .;C:\Program Files\Java\jdk-18.0.2.1\bin;C:\WINDOWS\SYSTEM32;C:\WINDOWS\WinSxS\amd64_microsoft.windows.common-controls_6595b64144ccf1df_6.0.22621.2506_none_270c5ae97388e100;C:\Program Files\Java\jdk-18.0.2.1\bin\server

VM Arguments:
jvm_args: -Xverify:none 
java_command: code.jar
java_class_path (initial): code.jar
Launcher Type: SUN_STANDARD

[Global flags]
     intx CICompilerCount                          = 4                                         {product} {ergonomic}
     uint ConcGCThreads                            = 3                                         {product} {ergonomic}
     uint G1ConcRefinementThreads                  = 10                                        {product} {ergonomic}
   size_t G1HeapRegionSize                         = 2097152                                   {product} {ergonomic}
    uintx GCDrainStackTargetSize                   = 64                                        {product} {ergonomic}
   size_t InitialHeapSize                          = 268435456                                 {product} {ergonomic}
   size_t MarkStackSize                            = 4194304                                   {product} {ergonomic}
   size_t MaxHeapSize                              = 4271898624                                {product} {ergonomic}
   size_t MaxNewSize                               = 2562719744                                {product} {ergonomic}
   size_t MinHeapDeltaBytes                        = 2097152                                   {product} {ergonomic}
   size_t MinHeapSize                              = 8388608                                   {product} {ergonomic}
    uintx NonNMethodCodeHeapSize                   = 5839372                                {pd product} {ergonomic}
    uintx NonProfiledCodeHeapSize                  = 122909434                              {pd product} {ergonomic}
    uintx ProfiledCodeHeapSize                     = 122909434                              {pd product} {ergonomic}
    uintx ReservedCodeCacheSize                    = 251658240                              {pd product} {ergonomic}
     bool SegmentedCodeCache                       = true                                      {product} {ergonomic}
   size_t SoftMaxHeapSize                          = 4271898624                             {manageable} {ergonomic}
     bool UseCompressedClassPointers               = true                           {product lp64_product} {ergonomic}
     bool UseCompressedOops                        = true                           {product lp64_product} {ergonomic}
     bool UseG1GC                                  = true                                      {product} {ergonomic}
     bool UseLargePagesIndividualAllocation        = false                                  {pd product} {ergonomic}

Logging:
Log output configuration:
 #0: stdout all=warning uptime,level,tags foldmultilines=false
 #1: stderr all=off uptime,level,tags foldmultilines=false

Environment Variables:
PATH=C:\Program Files\Common Files\Oracle\Java\javapath;C:\Program Files (x86)\Common Files\Intel\Shared Libraries\redist\intel64_win\compiler;C:\Program Files (x86)\Common Files\Oracle\Java\javapath;C:\ProgramData\Oracle\Java\javapath;C:\Windows\system32;C:\Windows;C:\Windows\System32\Wbem;C:\Windows\System32\WindowsPowerShell\v1.0\;C:\Windows\System32\OpenSSH\;C:\Program Files\NVIDIA Corporation\NVIDIA NvDLISR;C:\Program Files (x86)\NVIDIA Corporation\PhysX\Common;C:\Program Files\doxygen\bin;C:\WINDOWS\system32;C:\WINDOWS;C:\WINDOWS\System32\Wbem;C:\WINDOWS\System32\WindowsPowerShell\v1.0\;C:\WINDOWS\System32\OpenSSH\;C:\Program Files\Git\cmd;C:\Program Files\Microsoft SQL Server\150\Tools\Binn\;C:\WINDOWS\system32;C:\WINDOWS;C:\WINDOWS\System32\Wbem;C:\WINDOWS\System32\WindowsPowerShell\v1.0\;C:\WINDOWS\System32\OpenSSH\;C:\Program Files\Microsoft SQL Server\Client SDK\ODBC\170\Tools\Binn\;C:\Program Files\dotnet\;C:\Users\User\AppData\Local\Packages\PythonSoftwareFoundation.Python.3.9_qbz5n2kfra8p0\LocalCache\local-packages\Python39\Scripts;D:\Programs\GNUstepCore\GNUstep\bin;D:\Programs\NodeJs\;C:\Program Files\Java\jdk-18.0.2.1\bin;C:\Program Files\MySQL\MySQL Shell 8.0\bin\;C:\Program Files\Graphviz\bin;C:\Users\User\AppData\Local\Microsoft\WindowsApps;C:\Users\User\AppData\Local\Programs\Microsoft VS Code\bin;C:\Users\User\AppData\Local\GitHubDesktop\bin;D:\Programs\IntelliJ IDEA Community Edition 2022.3.3\bin;C:\Users\User\.dotnet\tools;C:\Users\User\AppData\Local\JetBrains\Toolbox\scripts;C:\Users\User\AppData\Roaming\npm;D:\Programs\JetBrains\PhpStorm 2023.2.1\bin;;D:\Programs\JetBrains\DataSpell 2023.2.2\bin;;D:\Programs\GNUstepCore\GNUstep\bin;D:\Programs\GNUstepCore\GNUstep\GNUstep\System\Tools;D:\Programs\JetBrains\WebStorm 2023.2.3\bin;;D:\AppData\Roaming\npm;C:\Users\User\.dotnet\tools
USERNAME=User
OS=Windows_NT
PROCESSOR_IDENTIFIER=AMD64 Family 23 Model 8 Stepping 2, AuthenticAMD



---------------  S Y S T E M  ---------------

OS:
 Windows 11 , 64 bit Build 22621 (10.0.22621.2506)
OS uptime: 0 days 3:32 hours
Hyper-V role detected

CPU: total 12 (initial active 12) (12 cores per cpu, 2 threads per core) family 23 model 8 stepping 2 microcode 0x0, cx8, cmov, fxsr, ht, mmx, 3dnowpref, sse, sse2, sse3, ssse3, sse4a, sse4.1, sse4.2, popcnt, lzcnt, tsc, tscinvbit, avx, avx2, aes, clmul, bmi1, bmi2, adx, sha, fma, vzeroupper, clflush, clflushopt, hv

Memory: 4k page, system-wide physical 16295M (3721M free)
TotalPageFile size 28583M (AvailPageFile size 7364M)
current process WorkingSet (physical memory assigned to process): 29M, peak: 29M
current process commit charge ("private bytes"): 347M, peak: 347M

vm_info: Java HotSpot(TM) 64-Bit Server VM (18.0.2.1+1-1) for windows-amd64 JRE (18.0.2.1+1-1), built on Aug 16 2022 01:46:33 by "mach5one" with MS VC++ 16.8 / 16.9 (VS2019)

END.
