#
# A fatal error has been detected by the Java Runtime Environment:
#
#  EXCEPTION_ACCESS_VIOLATION (0xc0000005) at pc=0x000001dfa9b5f744, pid=26284, tid=25540
#
# JRE version: Java(TM) SE Runtime Environment (20.0.1+9) (build 20.0.1+9-29)
# Java VM: Java HotSpot(TM) 64-Bit Server VM (20.0.1+9-29, mixed mode, sharing, tiered, compressed oops, compressed class ptrs, g1 gc, windows-amd64)
# Problematic frame:
# j  rtl.!Program!.main([Ljava/lang/String;)V+0
#
# No core dump will be written. Minidumps are not enabled by default on client versions of Windows
#
# If you would like to submit a bug report, please visit:
#   https://bugreport.java.com/bugreport/crash.jsp
#

---------------  S U M M A R Y ------------

Command Line: -Xverify:none code.jar

Host: AMD Ryzen 5 3450U with Radeon Vega Mobile Gfx  , 8 cores, 13G,  Windows 11 , 64 bit Build 22621 (10.0.22621.2506)
Time: Mon Jan 29 17:29:59 2024 RTZ 2 (s 11 , 64 bit Build 22621 (10.0.22621.2506) elapsed time: 0.143069 seconds (0d 0h 0m 0s)

---------------  T H R E A D  ---------------

Current thread (0x000001df9a54dd40):  JavaThread "main" [_thread_in_Java, id=25540, stack(0x000000258a000000,0x000000258a100000)]

Stack: [0x000000258a000000,0x000000258a100000],  sp=0x000000258a0ff0e0,  free space=1020k
Native frames: (J=compiled Java code, j=interpreted, Vv=VM code, C=native code)
C  0x000001dfa9b5f744


siginfo: EXCEPTION_ACCESS_VIOLATION (0xc0000005), reading address 0x000001dfb9810003


Registers:
RAX=0x000001dfb9800000, RBX=0x00000000000000bb, RCX=0x000001dfb9800028, RDX=0x000000000000ffff
RSP=0x000000258a0ff0e0, RBP=0x000000258a0ff128, RSI=0x000000258a0ff510, RDI=0x000000258a0ff518
R8 =0x0000000000000002, R9 =0x0000000000000002, R10=0x00007ff9f2c7b350, R11=0x000001dfb98002c8
R12=0x0000000000000000, R13=0x000001dfb9800270, R14=0x000000258a0ff160, R15=0x000001df9a54dd40
RIP=0x000001dfa9b5f744, EFLAGS=0x0000000000010216


Register to memory mapping:

RIP=0x000001dfa9b5f744 is at code_begin+68 in an Interpreter codelet
new  187 new  [0x000001dfa9b5f700, 0x000001dfa9b5f900]  512 bytes
RAX=0x000001dfb9800000 is pointing into metadata
RBX=0x00000000000000bb is an unknown value
RCX=0x000001dfb9800028 is pointing into metadata
RDX=0x000000000000ffff is an unknown value
RSP=0x000000258a0ff0e0 is pointing into the stack for thread: 0x000001df9a54dd40
RBP=0x000000258a0ff128 is pointing into the stack for thread: 0x000001df9a54dd40
RSI=0x000000258a0ff510 is pointing into the stack for thread: 0x000001df9a54dd40
RDI=0x000000258a0ff518 is pointing into the stack for thread: 0x000001df9a54dd40
R8 =0x0000000000000002 is an unknown value
R9 =0x0000000000000002 is an unknown value
R10=0x00007ff9f2c7b350 jvm.dll
R11={method} {0x000001dfb98002d0} 'main' '([Ljava/lang/String;)V' in 'rtl/!Program!'
R12=0x0 is NULL
R13=0x000001dfb9800270 is pointing into metadata
R14=0x000000258a0ff160 is pointing into the stack for thread: 0x000001df9a54dd40
R15=0x000001df9a54dd40 is a thread


Top of Stack: (sp=0x000000258a0ff0e0)
0x000000258a0ff0e0:   000000258a0ff0e0 000001dfb9800270
0x000000258a0ff0f0:   000000258a0ff160 000001dfb9800320
0x000000258a0ff100:   0000000000000000 000000072fbf6ba8
0x000000258a0ff110:   000001dfb98002c8 0000000000000000
0x000000258a0ff120:   000000258a0ff160 000000258a0ff340
0x000000258a0ff130:   000001dfa9b3100d 0000000000000000
0x000000258a0ff140:   0000000000000000 0000000000000000
0x000000258a0ff150:   0000000000000000 0000000000000000
0x000000258a0ff160:   000000072fbf70f0 00007ff9f2463be9
0x000000258a0ff170:   000001df982502b4 0000000000000050
0x000000258a0ff180:   000001df98250cc0 000001df98252700
0x000000258a0ff190:   00000000000001b0 0000000000000040
0x000000258a0ff1a0:   0000000000000000 0000000000000050
0x000000258a0ff1b0:   0000000000000000 0000000000000005
0x000000258a0ff1c0:   0000000000000000 000000258a0ff279
0x000000258a0ff1d0:   000001df98330000 00007ffa9cd4c7ba
0x000000258a0ff1e0:   000001df98250000 0000000000000000
0x000000258a0ff1f0:   0000000000000040 0000002500000000
0x000000258a0ff200:   000001df98330000 00007ffa9cd4c7ba
0x000000258a0ff210:   000001df00000002 0000000000000003
0x000000258a0ff220:   0000000000000018 0000000000000000
0x000000258a0ff230:   0000000000000000 0000000000000000
0x000000258a0ff240:   0000000000000002 00007ff9f23a98b7
0x000000258a0ff250:   00003c7312a6c4dd 0000000000000000
0x000000258a0ff260:   0000000000000000 0000000000000000
0x000000258a0ff270:   0000000000000000 0000000000000000
0x000000258a0ff280:   0000000000000000 0000000000000000
0x000000258a0ff290:   0000000000000000 0000000000000000
0x000000258a0ff2a0:   0000000000000000 0000000000000000
0x000000258a0ff2b0:   0000000000000000 0000000000000000
0x000000258a0ff2c0:   0000000000000000 0000000000000000
0x000000258a0ff2d0:   0000000000000000 0000000000000000 

Instructions: (pc=0x000001dfa9b5f744)
0x000001dfa9b5f644:   08 02 eb 04 4c 89 6a 08 48 83 c2 10 4c 8b 6a e8
0x000001dfa9b5f654:   41 83 ed 02 41 83 fd 02 0f 8c 77 00 00 00 4c 8b
0x000001dfa9b5f664:   6b 08 45 0f b7 6d 2c 4c 2b 2a 41 83 ed 01 4e 8b
0x000001dfa9b5f674:   6c ec 08 4d 85 ed 75 07 48 83 4a 08 01 eb 4a 45
0x000001dfa9b5f684:   8b 6d 08 49 ba 00 00 00 00 08 00 00 00 4d 03 ea
0x000001dfa9b5f694:   4c 33 6a 08 49 f7 c5 fc ff ff ff 74 2c 41 f6 c5
0x000001dfa9b5f6a4:   02 75 26 48 83 7a 08 00 74 1b 48 83 7a 08 01 74
0x000001dfa9b5f6b4:   14 4c 33 6a 08 49 f7 c5 fc ff ff ff 74 0b 48 83
0x000001dfa9b5f6c4:   4a 08 02 eb 04 4c 89 6a 08 48 83 c2 10 4c 8b 6a
0x000001dfa9b5f6d4:   d8 41 83 ed 04 41 c1 e5 03 49 03 d5 48 89 55 d8
0x000001dfa9b5f6e4:   4c 8d 6c 24 08 4c 89 6d f0 ff 63 50 c0 74 9e f2
0x000001dfa9b5f6f4:   f9 7f 00 00 10 02 00 00 bb 00 00 00 48 83 ec 08
0x000001dfa9b5f704:   c5 fa 11 04 24 eb 1f 48 83 ec 10 c5 fb 11 04 24
0x000001dfa9b5f714:   eb 14 48 83 ec 10 48 89 04 24 48 c7 44 24 08 00
0x000001dfa9b5f724:   00 00 00 eb 01 50 41 0f b7 55 01 0f ca c1 ea 10
0x000001dfa9b5f734:   48 8b 4d e8 48 8b 49 08 48 8b 49 08 48 8b 41 08
0x000001dfa9b5f744:   80 7c 10 04 07 0f 85 d3 00 00 00 66 8b 54 d1 48
0x000001dfa9b5f754:   48 8b 49 28 48 8b 4c d1 08 51 80 b9 23 01 00 00
0x000001dfa9b5f764:   05 0f 85 b6 00 00 00 8b 51 08 f6 c2 01 0f 85 aa
0x000001dfa9b5f774:   00 00 00 49 8b 87 f8 00 00 00 48 8d 1c 10 49 3b
0x000001dfa9b5f784:   9f 08 01 00 00 0f 87 92 00 00 00 49 89 9f f8 00
0x000001dfa9b5f794:   00 00 48 83 ea 10 0f 84 0f 00 00 00 33 c9 c1 ea
0x000001dfa9b5f7a4:   03 48 89 4c d0 08 48 ff ca 75 f6 48 c7 00 01 00
0x000001dfa9b5f7b4:   00 00 59 33 f6 89 70 0c 49 ba 00 00 00 00 08 00
0x000001dfa9b5f7c4:   00 00 49 2b ca 89 48 08 49 ba e2 09 c5 f2 f9 7f
0x000001dfa9b5f7d4:   00 00 41 80 3a 00 0f 84 3c 00 00 00 50 48 8b c8
0x000001dfa9b5f7e4:   48 83 ec 20 40 f6 c4 0f 0f 84 19 00 00 00 48 83
0x000001dfa9b5f7f4:   ec 08 48 b8 e0 06 7c f2 f9 7f 00 00 ff d0 48 83
0x000001dfa9b5f804:   c4 08 e9 0c 00 00 00 48 b8 e0 06 7c f2 f9 7f 00
0x000001dfa9b5f814:   00 ff d0 48 83 c4 20 58 e9 c6 00 00 00 59 48 8b
0x000001dfa9b5f824:   55 e8 48 8b 52 08 48 8b 52 08 45 0f b7 45 01 41
0x000001dfa9b5f834:   0f c8 41 c1 e8 10 e8 05 00 00 00 e9 a3 00 00 00 


Stack slot to memory mapping:
stack at sp + 0 slots: 0x000000258a0ff0e0 is pointing into the stack for thread: 0x000001df9a54dd40
stack at sp + 1 slots: 0x000001dfb9800270 is pointing into metadata
stack at sp + 2 slots: 0x000000258a0ff160 is pointing into the stack for thread: 0x000001df9a54dd40
stack at sp + 3 slots: 0x000001dfb9800320 is pointing into metadata
stack at sp + 4 slots: 0x0 is NULL
stack at sp + 5 slots: 0x000000072fbf6ba8 is an oop: java.lang.Class 
{0x000000072fbf6ba8} - klass: 'java/lang/Class'
 - ---- fields (total size 14 words):
 - private volatile transient 'classRedefinedCount' 'I' @12  0 (0x00000000)
 - abstract internal 'klass' 'J' @16  34376517632 (0x0000000801000800)
 - abstract internal 'array_klass' 'J' @24  0 (0x0000000000000000)
 - abstract internal 'oop_size' 'I' @32  14 (0x0000000e)
 - abstract internal 'static_oop_field_count' 'I' @36  0 (0x00000000)
 - private volatile transient 'cachedConstructor' 'Ljava/lang/reflect/Constructor;' @40  NULL (0x00000000)
 - private transient 'name' 'Ljava/lang/String;' @44  "rtl.!Program!"{0x000000072fbf6c50} (0xe5f7ed8a)
 - private transient 'module' 'Ljava/lang/Module;' @48  a 'java/lang/Module'{0x000000072fa61910} (0xe5f4c322)
 - private final 'classLoader' 'Ljava/lang/ClassLoader;' @52  a 'jdk/internal/loader/ClassLoaders$AppClassLoader'{0x000000072fa61750} (0xe5f4c2ea)
 - private transient 'classData' 'Ljava/lang/Object;' @56  NULL (0x00000000)
 - private transient 'packageName' 'Ljava/lang/String;' @60  "rtl"{0x000000072fbf48b0} (0xe5f7e916)
 - private final 'componentType' 'Ljava/lang/Class;' @64  NULL (0x00000000)
 - private volatile transient 'reflectionData' 'Ljava/lang/ref/SoftReference;' @68  a 'java/lang/ref/SoftReference'{0x000000072fbf6d78} (0xe5f7edaf)
 - private volatile transient 'genericInfo' 'Lsun/reflect/generics/repository/ClassRepository;' @72  NULL (0x00000000)
 - private volatile transient 'enumConstants' '[Ljava/lang/Object;' @76  NULL (0x00000000)
 - private volatile transient 'enumConstantDirectory' 'Ljava/util/Map;' @80  NULL (0x00000000)
 - private volatile transient 'annotationData' 'Ljava/lang/Class$AnnotationData;' @84  NULL (0x00000000)
 - private volatile transient 'annotationType' 'Lsun/reflect/annotation/AnnotationType;' @88  NULL (0x00000000)
 - transient 'classValueMap' 'Ljava/lang/ClassValue$ClassValueMap;' @92  NULL (0x00000000)
 - abstract internal 'protection_domain' 'Ljava/lang/Object;' @96  a 'java/security/ProtectionDomain'{0x000000072fbf6800} (0xe5f7ed00)
 - abstract internal 'signers_name' 'Ljava/lang/Object;' @100  NULL (0x00000000)
 - abstract internal 'source_file' 'Ljava/lang/Object;' @104  NULL (0x00000000)
 - signature: Lrtl/!Program!;
 - ---- static fields (0):
stack at sp + 6 slots: {method} {0x000001dfb98002d0} 'main' '([Ljava/lang/String;)V' in 'rtl/!Program!'
stack at sp + 7 slots: 0x0 is NULL

new  187 new  [0x000001dfa9b5f700, 0x000001dfa9b5f900]  512 bytes
[MachCode]
  0x000001dfa9b5f700: 4883 ec08 | c5fa 1104 | 24eb 1f48 | 83ec 10c5 | fb11 0424 | eb14 4883 | ec10 4889 | 0424 48c7 
  0x000001dfa9b5f720: 4424 0800 | 0000 00eb | 0150 410f | b755 010f | cac1 ea10 | 488b 4de8 | 488b 4908 | 488b 4908 
  0x000001dfa9b5f740: 488b 4108 | 807c 1004 | 070f 85d3 | 0000 0066 | 8b54 d148 | 488b 4928 | 488b 4cd1 | 0851 80b9 
  0x000001dfa9b5f760: 2301 0000 | 050f 85b6 | 0000 008b | 5108 f6c2 | 010f 85aa | 0000 0049 | 8b87 f800 | 0000 488d 
  0x000001dfa9b5f780: 1c10 493b | 9f08 0100 | 000f 8792 | 0000 0049 | 899f f800 | 0000 4883 | ea10 0f84 | 0f00 0000 
  0x000001dfa9b5f7a0: 33c9 c1ea | 0348 894c | d008 48ff | ca75 f648 | c700 0100 | 0000 5933 | f689 700c | 49ba 0000 
  0x000001dfa9b5f7c0: 0000 0800 | 0000 492b | ca89 4808 | 49ba e209 | c5f2 f97f | 0000 4180 | 3a00 0f84 | 3c00 0000 
  0x000001dfa9b5f7e0: 5048 8bc8 | 4883 ec20 | 40f6 c40f | 0f84 1900 | 0000 4883 | ec08 48b8 | e006 7cf2 | f97f 0000 
  0x000001dfa9b5f800: ffd0 4883 | c408 e90c | 0000 0048 | b8e0 067c | f2f9 7f00 | 00ff d048 | 83c4 2058 | e9c6 0000 
  0x000001dfa9b5f820: 0059 488b | 55e8 488b | 5208 488b | 5208 450f | b745 0141 | 0fc8 41c1 | e810 e805 | 0000 00e9 
  0x000001dfa9b5f840: a300 0000 | 488d 4424 | 084c 896d | c049 8bcf | c5f8 7749 | 89af d002 | 0000 4989 | 87c0 0200 
  0x000001dfa9b5f860: 0048 83ec | 2040 f6c4 | 0f0f 8419 | 0000 0048 | 83ec 0848 | b8b0 8447 | f2f9 7f00 | 00ff d048 
  0x000001dfa9b5f880: 83c4 08e9 | 0c00 0000 | 48b8 b084 | 47f2 f97f | 0000 ffd0 | 4883 c420 | 49c7 87c0 | 0200 0000 
  0x000001dfa9b5f8a0: 0000 0049 | c787 d002 | 0000 0000 | 0000 49c7 | 87c8 0200 | 0000 0000 | 00c5 f877 | 4983 7f08 
  0x000001dfa9b5f8c0: 000f 8405 | 0000 00e9 | 3416 fdff | 498b 8718 | 0300 0049 | c787 1803 | 0000 0000 | 0000 4c8b 
  0x000001dfa9b5f8e0: 6dc0 4c8b | 75c8 c341 | 0fb6 5d03 | 4983 c503 | 49ba 50ab | c7f2 f97f | 0000 41ff | 24da 6690 
[/MachCode]

---------------  P R O C E S S  ---------------

Threads class SMR info:
_java_thread_list=0x000001dfbd4dd680, length=11, elements={
0x000001df9a54dd40, 0x000001dfb8fe5040, 0x000001dfb8fe5fe0, 0x000001dfb8fe8cc0,
0x000001dfb8fecd90, 0x000001dfb8fed870, 0x000001dfb8ff0360, 0x000001dfb8ff1850,
0x000001dfb8ff40c0, 0x000001dfbd4f9e30, 0x000001dfbd501c20
}

Java Threads: ( => current thread )
=>0x000001df9a54dd40 JavaThread "main" [_thread_in_Java, id=25540, stack(0x000000258a000000,0x000000258a100000)]
  0x000001dfb8fe5040 JavaThread "Reference Handler" daemon [_thread_blocked, id=27436, stack(0x000000258a700000,0x000000258a800000)]
  0x000001dfb8fe5fe0 JavaThread "Finalizer" daemon [_thread_blocked, id=13576, stack(0x000000258a800000,0x000000258a900000)]
  0x000001dfb8fe8cc0 JavaThread "Signal Dispatcher" daemon [_thread_blocked, id=24936, stack(0x000000258a900000,0x000000258aa00000)]
  0x000001dfb8fecd90 JavaThread "Attach Listener" daemon [_thread_blocked, id=25632, stack(0x000000258aa00000,0x000000258ab00000)]
  0x000001dfb8fed870 JavaThread "Service Thread" daemon [_thread_blocked, id=7148, stack(0x000000258ab00000,0x000000258ac00000)]
  0x000001dfb8ff0360 JavaThread "Monitor Deflation Thread" daemon [_thread_blocked, id=3792, stack(0x000000258ac00000,0x000000258ad00000)]
  0x000001dfb8ff1850 JavaThread "C2 CompilerThread0" daemon [_thread_blocked, id=15168, stack(0x000000258ad00000,0x000000258ae00000)]
  0x000001dfb8ff40c0 JavaThread "C1 CompilerThread0" daemon [_thread_blocked, id=23972, stack(0x000000258ae00000,0x000000258af00000)]
  0x000001dfbd4f9e30 JavaThread "Notification Thread" daemon [_thread_blocked, id=9276, stack(0x000000258af00000,0x000000258b000000)]
  0x000001dfbd501c20 JavaThread "Common-Cleaner" daemon [_thread_blocked, id=15788, stack(0x000000258b100000,0x000000258b200000)]

Other Threads:
  0x000001dfb8fc9b40 VMThread "VM Thread" [stack: 0x000000258a600000,0x000000258a700000] [id=25032]
  0x000001dfbd5007b0 WatcherThread "VM Periodic Task Thread" [stack: 0x000000258b000000,0x000000258b100000] [id=7336]
  0x000001df9a5b42c0 WorkerThread "GC Thread#0" [stack: 0x000000258a100000,0x000000258a200000] [id=17556]
  0x000001df9a5c3010 ConcurrentGCThread "G1 Main Marker" [stack: 0x000000258a200000,0x000000258a300000] [id=15088]
  0x000001df9a5c3be0 WorkerThread "G1 Conc#0" [stack: 0x000000258a300000,0x000000258a400000] [id=20404]
  0x000001dfb8e87500 ConcurrentGCThread "G1 Refine#0" [stack: 0x000000258a400000,0x000000258a500000] [id=5368]
  0x000001df9a60e410 ConcurrentGCThread "G1 Service" [stack: 0x000000258a500000,0x000000258a600000] [id=16484]

Threads with active compile tasks:

VM state: not at safepoint (normal execution)

VM Mutex/Monitor currently owned by a thread: None

Heap address: 0x0000000721c00000, size: 3556 MB, Compressed Oops mode: Zero based, Oop shift amount: 3

CDS archive(s) mapped at: [0x0000000800000000-0x0000000800c60000-0x0000000800c60000), size 12976128, SharedBaseAddress: 0x0000000800000000, ArchiveRelocationMode: 0.
Compressed class space mapped at: 0x0000000801000000-0x0000000841000000, reserved size: 1073741824
Narrow klass base: 0x0000000800000000, Narrow klass shift: 0, Narrow klass range: 0x100000000

GC Precious Log:
 CardTable entry size: 512
 Card Set container configuration: InlinePtr #cards 4 size 8 Array Of Cards #cards 16 size 48 Howl #buckets 8 coarsen threshold 3686 Howl Bitmap #cards 512 size 80 coarsen threshold 460 Card regions per heap region 1 cards per card region 4096
 CPUs: 8 total, 8 available
 Memory: 14222M
 Large Page Support: Disabled
 NUMA Support: Disabled
 Compressed Oops: Enabled (Zero based)
 Heap Region Size: 2M
 Heap Min Capacity: 8M
 Heap Initial Capacity: 224M
 Heap Max Capacity: 3556M
 Pre-touch: Disabled
 Parallel Workers: 8
 Concurrent Workers: 2
 Concurrent Refinement Workers: 8
 Periodic GC: Disabled

Heap:
 garbage-first heap   total 229376K, used 2048K [0x0000000721c00000, 0x0000000800000000)
  region size 2048K, 2 young (4096K), 0 survivors (0K)
 Metaspace       used 207K, committed 448K, reserved 1114112K
  class space    used 12K, committed 128K, reserved 1048576K

Heap Regions: E=young(eden), S=young(survivor), O=old, HS=humongous(starts), HC=humongous(continues), CS=collection set, F=free, OA=open archive, CA=closed archive, TAMS=top-at-mark-start, PB=parsable bottom
|   0|0x0000000721c00000, 0x0000000721c00000, 0x0000000721e00000|  0%| F|  |TAMS 0x0000000721c00000| PB 0x0000000721c00000| Untracked 
|   1|0x0000000721e00000, 0x0000000721e00000, 0x0000000722000000|  0%| F|  |TAMS 0x0000000721e00000| PB 0x0000000721e00000| Untracked 
|   2|0x0000000722000000, 0x0000000722000000, 0x0000000722200000|  0%| F|  |TAMS 0x0000000722000000| PB 0x0000000722000000| Untracked 
|   3|0x0000000722200000, 0x0000000722200000, 0x0000000722400000|  0%| F|  |TAMS 0x0000000722200000| PB 0x0000000722200000| Untracked 
|   4|0x0000000722400000, 0x0000000722400000, 0x0000000722600000|  0%| F|  |TAMS 0x0000000722400000| PB 0x0000000722400000| Untracked 
|   5|0x0000000722600000, 0x0000000722600000, 0x0000000722800000|  0%| F|  |TAMS 0x0000000722600000| PB 0x0000000722600000| Untracked 
|   6|0x0000000722800000, 0x0000000722800000, 0x0000000722a00000|  0%| F|  |TAMS 0x0000000722800000| PB 0x0000000722800000| Untracked 
|   7|0x0000000722a00000, 0x0000000722a00000, 0x0000000722c00000|  0%| F|  |TAMS 0x0000000722a00000| PB 0x0000000722a00000| Untracked 
|   8|0x0000000722c00000, 0x0000000722c00000, 0x0000000722e00000|  0%| F|  |TAMS 0x0000000722c00000| PB 0x0000000722c00000| Untracked 
|   9|0x0000000722e00000, 0x0000000722e00000, 0x0000000723000000|  0%| F|  |TAMS 0x0000000722e00000| PB 0x0000000722e00000| Untracked 
|  10|0x0000000723000000, 0x0000000723000000, 0x0000000723200000|  0%| F|  |TAMS 0x0000000723000000| PB 0x0000000723000000| Untracked 
|  11|0x0000000723200000, 0x0000000723200000, 0x0000000723400000|  0%| F|  |TAMS 0x0000000723200000| PB 0x0000000723200000| Untracked 
|  12|0x0000000723400000, 0x0000000723400000, 0x0000000723600000|  0%| F|  |TAMS 0x0000000723400000| PB 0x0000000723400000| Untracked 
|  13|0x0000000723600000, 0x0000000723600000, 0x0000000723800000|  0%| F|  |TAMS 0x0000000723600000| PB 0x0000000723600000| Untracked 
|  14|0x0000000723800000, 0x0000000723800000, 0x0000000723a00000|  0%| F|  |TAMS 0x0000000723800000| PB 0x0000000723800000| Untracked 
|  15|0x0000000723a00000, 0x0000000723a00000, 0x0000000723c00000|  0%| F|  |TAMS 0x0000000723a00000| PB 0x0000000723a00000| Untracked 
|  16|0x0000000723c00000, 0x0000000723c00000, 0x0000000723e00000|  0%| F|  |TAMS 0x0000000723c00000| PB 0x0000000723c00000| Untracked 
|  17|0x0000000723e00000, 0x0000000723e00000, 0x0000000724000000|  0%| F|  |TAMS 0x0000000723e00000| PB 0x0000000723e00000| Untracked 
|  18|0x0000000724000000, 0x0000000724000000, 0x0000000724200000|  0%| F|  |TAMS 0x0000000724000000| PB 0x0000000724000000| Untracked 
|  19|0x0000000724200000, 0x0000000724200000, 0x0000000724400000|  0%| F|  |TAMS 0x0000000724200000| PB 0x0000000724200000| Untracked 
|  20|0x0000000724400000, 0x0000000724400000, 0x0000000724600000|  0%| F|  |TAMS 0x0000000724400000| PB 0x0000000724400000| Untracked 
|  21|0x0000000724600000, 0x0000000724600000, 0x0000000724800000|  0%| F|  |TAMS 0x0000000724600000| PB 0x0000000724600000| Untracked 
|  22|0x0000000724800000, 0x0000000724800000, 0x0000000724a00000|  0%| F|  |TAMS 0x0000000724800000| PB 0x0000000724800000| Untracked 
|  23|0x0000000724a00000, 0x0000000724a00000, 0x0000000724c00000|  0%| F|  |TAMS 0x0000000724a00000| PB 0x0000000724a00000| Untracked 
|  24|0x0000000724c00000, 0x0000000724c00000, 0x0000000724e00000|  0%| F|  |TAMS 0x0000000724c00000| PB 0x0000000724c00000| Untracked 
|  25|0x0000000724e00000, 0x0000000724e00000, 0x0000000725000000|  0%| F|  |TAMS 0x0000000724e00000| PB 0x0000000724e00000| Untracked 
|  26|0x0000000725000000, 0x0000000725000000, 0x0000000725200000|  0%| F|  |TAMS 0x0000000725000000| PB 0x0000000725000000| Untracked 
|  27|0x0000000725200000, 0x0000000725200000, 0x0000000725400000|  0%| F|  |TAMS 0x0000000725200000| PB 0x0000000725200000| Untracked 
|  28|0x0000000725400000, 0x0000000725400000, 0x0000000725600000|  0%| F|  |TAMS 0x0000000725400000| PB 0x0000000725400000| Untracked 
|  29|0x0000000725600000, 0x0000000725600000, 0x0000000725800000|  0%| F|  |TAMS 0x0000000725600000| PB 0x0000000725600000| Untracked 
|  30|0x0000000725800000, 0x0000000725800000, 0x0000000725a00000|  0%| F|  |TAMS 0x0000000725800000| PB 0x0000000725800000| Untracked 
|  31|0x0000000725a00000, 0x0000000725a00000, 0x0000000725c00000|  0%| F|  |TAMS 0x0000000725a00000| PB 0x0000000725a00000| Untracked 
|  32|0x0000000725c00000, 0x0000000725c00000, 0x0000000725e00000|  0%| F|  |TAMS 0x0000000725c00000| PB 0x0000000725c00000| Untracked 
|  33|0x0000000725e00000, 0x0000000725e00000, 0x0000000726000000|  0%| F|  |TAMS 0x0000000725e00000| PB 0x0000000725e00000| Untracked 
|  34|0x0000000726000000, 0x0000000726000000, 0x0000000726200000|  0%| F|  |TAMS 0x0000000726000000| PB 0x0000000726000000| Untracked 
|  35|0x0000000726200000, 0x0000000726200000, 0x0000000726400000|  0%| F|  |TAMS 0x0000000726200000| PB 0x0000000726200000| Untracked 
|  36|0x0000000726400000, 0x0000000726400000, 0x0000000726600000|  0%| F|  |TAMS 0x0000000726400000| PB 0x0000000726400000| Untracked 
|  37|0x0000000726600000, 0x0000000726600000, 0x0000000726800000|  0%| F|  |TAMS 0x0000000726600000| PB 0x0000000726600000| Untracked 
|  38|0x0000000726800000, 0x0000000726800000, 0x0000000726a00000|  0%| F|  |TAMS 0x0000000726800000| PB 0x0000000726800000| Untracked 
|  39|0x0000000726a00000, 0x0000000726a00000, 0x0000000726c00000|  0%| F|  |TAMS 0x0000000726a00000| PB 0x0000000726a00000| Untracked 
|  40|0x0000000726c00000, 0x0000000726c00000, 0x0000000726e00000|  0%| F|  |TAMS 0x0000000726c00000| PB 0x0000000726c00000| Untracked 
|  41|0x0000000726e00000, 0x0000000726e00000, 0x0000000727000000|  0%| F|  |TAMS 0x0000000726e00000| PB 0x0000000726e00000| Untracked 
|  42|0x0000000727000000, 0x0000000727000000, 0x0000000727200000|  0%| F|  |TAMS 0x0000000727000000| PB 0x0000000727000000| Untracked 
|  43|0x0000000727200000, 0x0000000727200000, 0x0000000727400000|  0%| F|  |TAMS 0x0000000727200000| PB 0x0000000727200000| Untracked 
|  44|0x0000000727400000, 0x0000000727400000, 0x0000000727600000|  0%| F|  |TAMS 0x0000000727400000| PB 0x0000000727400000| Untracked 
|  45|0x0000000727600000, 0x0000000727600000, 0x0000000727800000|  0%| F|  |TAMS 0x0000000727600000| PB 0x0000000727600000| Untracked 
|  46|0x0000000727800000, 0x0000000727800000, 0x0000000727a00000|  0%| F|  |TAMS 0x0000000727800000| PB 0x0000000727800000| Untracked 
|  47|0x0000000727a00000, 0x0000000727a00000, 0x0000000727c00000|  0%| F|  |TAMS 0x0000000727a00000| PB 0x0000000727a00000| Untracked 
|  48|0x0000000727c00000, 0x0000000727c00000, 0x0000000727e00000|  0%| F|  |TAMS 0x0000000727c00000| PB 0x0000000727c00000| Untracked 
|  49|0x0000000727e00000, 0x0000000727e00000, 0x0000000728000000|  0%| F|  |TAMS 0x0000000727e00000| PB 0x0000000727e00000| Untracked 
|  50|0x0000000728000000, 0x0000000728000000, 0x0000000728200000|  0%| F|  |TAMS 0x0000000728000000| PB 0x0000000728000000| Untracked 
|  51|0x0000000728200000, 0x0000000728200000, 0x0000000728400000|  0%| F|  |TAMS 0x0000000728200000| PB 0x0000000728200000| Untracked 
|  52|0x0000000728400000, 0x0000000728400000, 0x0000000728600000|  0%| F|  |TAMS 0x0000000728400000| PB 0x0000000728400000| Untracked 
|  53|0x0000000728600000, 0x0000000728600000, 0x0000000728800000|  0%| F|  |TAMS 0x0000000728600000| PB 0x0000000728600000| Untracked 
|  54|0x0000000728800000, 0x0000000728800000, 0x0000000728a00000|  0%| F|  |TAMS 0x0000000728800000| PB 0x0000000728800000| Untracked 
|  55|0x0000000728a00000, 0x0000000728a00000, 0x0000000728c00000|  0%| F|  |TAMS 0x0000000728a00000| PB 0x0000000728a00000| Untracked 
|  56|0x0000000728c00000, 0x0000000728c00000, 0x0000000728e00000|  0%| F|  |TAMS 0x0000000728c00000| PB 0x0000000728c00000| Untracked 
|  57|0x0000000728e00000, 0x0000000728e00000, 0x0000000729000000|  0%| F|  |TAMS 0x0000000728e00000| PB 0x0000000728e00000| Untracked 
|  58|0x0000000729000000, 0x0000000729000000, 0x0000000729200000|  0%| F|  |TAMS 0x0000000729000000| PB 0x0000000729000000| Untracked 
|  59|0x0000000729200000, 0x0000000729200000, 0x0000000729400000|  0%| F|  |TAMS 0x0000000729200000| PB 0x0000000729200000| Untracked 
|  60|0x0000000729400000, 0x0000000729400000, 0x0000000729600000|  0%| F|  |TAMS 0x0000000729400000| PB 0x0000000729400000| Untracked 
|  61|0x0000000729600000, 0x0000000729600000, 0x0000000729800000|  0%| F|  |TAMS 0x0000000729600000| PB 0x0000000729600000| Untracked 
|  62|0x0000000729800000, 0x0000000729800000, 0x0000000729a00000|  0%| F|  |TAMS 0x0000000729800000| PB 0x0000000729800000| Untracked 
|  63|0x0000000729a00000, 0x0000000729a00000, 0x0000000729c00000|  0%| F|  |TAMS 0x0000000729a00000| PB 0x0000000729a00000| Untracked 
|  64|0x0000000729c00000, 0x0000000729c00000, 0x0000000729e00000|  0%| F|  |TAMS 0x0000000729c00000| PB 0x0000000729c00000| Untracked 
|  65|0x0000000729e00000, 0x0000000729e00000, 0x000000072a000000|  0%| F|  |TAMS 0x0000000729e00000| PB 0x0000000729e00000| Untracked 
|  66|0x000000072a000000, 0x000000072a000000, 0x000000072a200000|  0%| F|  |TAMS 0x000000072a000000| PB 0x000000072a000000| Untracked 
|  67|0x000000072a200000, 0x000000072a200000, 0x000000072a400000|  0%| F|  |TAMS 0x000000072a200000| PB 0x000000072a200000| Untracked 
|  68|0x000000072a400000, 0x000000072a400000, 0x000000072a600000|  0%| F|  |TAMS 0x000000072a400000| PB 0x000000072a400000| Untracked 
|  69|0x000000072a600000, 0x000000072a600000, 0x000000072a800000|  0%| F|  |TAMS 0x000000072a600000| PB 0x000000072a600000| Untracked 
|  70|0x000000072a800000, 0x000000072a800000, 0x000000072aa00000|  0%| F|  |TAMS 0x000000072a800000| PB 0x000000072a800000| Untracked 
|  71|0x000000072aa00000, 0x000000072aa00000, 0x000000072ac00000|  0%| F|  |TAMS 0x000000072aa00000| PB 0x000000072aa00000| Untracked 
|  72|0x000000072ac00000, 0x000000072ac00000, 0x000000072ae00000|  0%| F|  |TAMS 0x000000072ac00000| PB 0x000000072ac00000| Untracked 
|  73|0x000000072ae00000, 0x000000072ae00000, 0x000000072b000000|  0%| F|  |TAMS 0x000000072ae00000| PB 0x000000072ae00000| Untracked 
|  74|0x000000072b000000, 0x000000072b000000, 0x000000072b200000|  0%| F|  |TAMS 0x000000072b000000| PB 0x000000072b000000| Untracked 
|  75|0x000000072b200000, 0x000000072b200000, 0x000000072b400000|  0%| F|  |TAMS 0x000000072b200000| PB 0x000000072b200000| Untracked 
|  76|0x000000072b400000, 0x000000072b400000, 0x000000072b600000|  0%| F|  |TAMS 0x000000072b400000| PB 0x000000072b400000| Untracked 
|  77|0x000000072b600000, 0x000000072b600000, 0x000000072b800000|  0%| F|  |TAMS 0x000000072b600000| PB 0x000000072b600000| Untracked 
|  78|0x000000072b800000, 0x000000072b800000, 0x000000072ba00000|  0%| F|  |TAMS 0x000000072b800000| PB 0x000000072b800000| Untracked 
|  79|0x000000072ba00000, 0x000000072ba00000, 0x000000072bc00000|  0%| F|  |TAMS 0x000000072ba00000| PB 0x000000072ba00000| Untracked 
|  80|0x000000072bc00000, 0x000000072bc00000, 0x000000072be00000|  0%| F|  |TAMS 0x000000072bc00000| PB 0x000000072bc00000| Untracked 
|  81|0x000000072be00000, 0x000000072be00000, 0x000000072c000000|  0%| F|  |TAMS 0x000000072be00000| PB 0x000000072be00000| Untracked 
|  82|0x000000072c000000, 0x000000072c000000, 0x000000072c200000|  0%| F|  |TAMS 0x000000072c000000| PB 0x000000072c000000| Untracked 
|  83|0x000000072c200000, 0x000000072c200000, 0x000000072c400000|  0%| F|  |TAMS 0x000000072c200000| PB 0x000000072c200000| Untracked 
|  84|0x000000072c400000, 0x000000072c400000, 0x000000072c600000|  0%| F|  |TAMS 0x000000072c400000| PB 0x000000072c400000| Untracked 
|  85|0x000000072c600000, 0x000000072c600000, 0x000000072c800000|  0%| F|  |TAMS 0x000000072c600000| PB 0x000000072c600000| Untracked 
|  86|0x000000072c800000, 0x000000072c800000, 0x000000072ca00000|  0%| F|  |TAMS 0x000000072c800000| PB 0x000000072c800000| Untracked 
|  87|0x000000072ca00000, 0x000000072ca00000, 0x000000072cc00000|  0%| F|  |TAMS 0x000000072ca00000| PB 0x000000072ca00000| Untracked 
|  88|0x000000072cc00000, 0x000000072cc00000, 0x000000072ce00000|  0%| F|  |TAMS 0x000000072cc00000| PB 0x000000072cc00000| Untracked 
|  89|0x000000072ce00000, 0x000000072ce00000, 0x000000072d000000|  0%| F|  |TAMS 0x000000072ce00000| PB 0x000000072ce00000| Untracked 
|  90|0x000000072d000000, 0x000000072d000000, 0x000000072d200000|  0%| F|  |TAMS 0x000000072d000000| PB 0x000000072d000000| Untracked 
|  91|0x000000072d200000, 0x000000072d200000, 0x000000072d400000|  0%| F|  |TAMS 0x000000072d200000| PB 0x000000072d200000| Untracked 
|  92|0x000000072d400000, 0x000000072d400000, 0x000000072d600000|  0%| F|  |TAMS 0x000000072d400000| PB 0x000000072d400000| Untracked 
|  93|0x000000072d600000, 0x000000072d600000, 0x000000072d800000|  0%| F|  |TAMS 0x000000072d600000| PB 0x000000072d600000| Untracked 
|  94|0x000000072d800000, 0x000000072d800000, 0x000000072da00000|  0%| F|  |TAMS 0x000000072d800000| PB 0x000000072d800000| Untracked 
|  95|0x000000072da00000, 0x000000072da00000, 0x000000072dc00000|  0%| F|  |TAMS 0x000000072da00000| PB 0x000000072da00000| Untracked 
|  96|0x000000072dc00000, 0x000000072dc00000, 0x000000072de00000|  0%| F|  |TAMS 0x000000072dc00000| PB 0x000000072dc00000| Untracked 
|  97|0x000000072de00000, 0x000000072de00000, 0x000000072e000000|  0%| F|  |TAMS 0x000000072de00000| PB 0x000000072de00000| Untracked 
|  98|0x000000072e000000, 0x000000072e000000, 0x000000072e200000|  0%| F|  |TAMS 0x000000072e000000| PB 0x000000072e000000| Untracked 
|  99|0x000000072e200000, 0x000000072e200000, 0x000000072e400000|  0%| F|  |TAMS 0x000000072e200000| PB 0x000000072e200000| Untracked 
| 100|0x000000072e400000, 0x000000072e400000, 0x000000072e600000|  0%| F|  |TAMS 0x000000072e400000| PB 0x000000072e400000| Untracked 
| 101|0x000000072e600000, 0x000000072e600000, 0x000000072e800000|  0%| F|  |TAMS 0x000000072e600000| PB 0x000000072e600000| Untracked 
| 102|0x000000072e800000, 0x000000072e800000, 0x000000072ea00000|  0%| F|  |TAMS 0x000000072e800000| PB 0x000000072e800000| Untracked 
| 103|0x000000072ea00000, 0x000000072ea00000, 0x000000072ec00000|  0%| F|  |TAMS 0x000000072ea00000| PB 0x000000072ea00000| Untracked 
| 104|0x000000072ec00000, 0x000000072ec00000, 0x000000072ee00000|  0%| F|  |TAMS 0x000000072ec00000| PB 0x000000072ec00000| Untracked 
| 105|0x000000072ee00000, 0x000000072ee00000, 0x000000072f000000|  0%| F|  |TAMS 0x000000072ee00000| PB 0x000000072ee00000| Untracked 
| 106|0x000000072f000000, 0x000000072f000000, 0x000000072f200000|  0%| F|  |TAMS 0x000000072f000000| PB 0x000000072f000000| Untracked 
| 107|0x000000072f200000, 0x000000072f200000, 0x000000072f400000|  0%| F|  |TAMS 0x000000072f200000| PB 0x000000072f200000| Untracked 
| 108|0x000000072f400000, 0x000000072f400000, 0x000000072f600000|  0%| F|  |TAMS 0x000000072f400000| PB 0x000000072f400000| Untracked 
| 109|0x000000072f600000, 0x000000072f600000, 0x000000072f800000|  0%| F|  |TAMS 0x000000072f600000| PB 0x000000072f600000| Untracked 
| 110|0x000000072f800000, 0x000000072f871258, 0x000000072fa00000| 22%| E|  |TAMS 0x000000072f800000| PB 0x000000072f800000| Complete 
| 111|0x000000072fa00000, 0x000000072fc00000, 0x000000072fc00000|100%| E|CS|TAMS 0x000000072fa00000| PB 0x000000072fa00000| Complete 

Card table byte_map: [0x000001dfb2030000,0x000001dfb2730000] _byte_map_base: 0x000001dfae722000

Marking Bits: (CMBitMap*) 0x000001df9a5b48f0
 Bits: [0x000001dfb2e30000, 0x000001dfb65c0000)

Polling page: 0x000001df98540000

Metaspace:

Usage:
  Non-class:    194.47 KB used.
      Class:     12.61 KB used.
       Both:    207.08 KB used.

Virtual space:
  Non-class space:       64.00 MB reserved,     320.00 KB ( <1%) committed,  1 nodes.
      Class space:        1.00 GB reserved,     128.00 KB ( <1%) committed,  1 nodes.
             Both:        1.06 GB reserved,     448.00 KB ( <1%) committed. 

Chunk freelists:
   Non-Class:  4.00 MB
       Class:  3.75 MB
        Both:  7.74 MB

MaxMetaspaceSize: unlimited
CompressedClassSpaceSize: 1.00 GB
Initial GC threshold: 21.00 MB
Current GC threshold: 21.00 MB
CDS: on
MetaspaceReclaimPolicy: balanced
 - commit_granule_bytes: 65536.
 - commit_granule_words: 8192.
 - virtual_space_node_default_size: 8388608.
 - enlarge_chunks_in_place: 1.
 - new_chunks_are_fully_committed: 0.
 - uncommit_free_chunks: 1.
 - use_allocation_guard: 0.


Internal statistics:

num_allocs_failed_limit: 0.
num_arena_births: 4.
num_arena_deaths: 0.
num_vsnodes_births: 2.
num_vsnodes_deaths: 0.
num_space_committed: 7.
num_space_uncommitted: 0.
num_chunks_returned_to_freelist: 0.
num_chunks_taken_from_freelist: 5.
num_chunk_merges: 0.
num_chunk_splits: 2.
num_chunks_enlarged: 0.
num_inconsistent_stats: 0.

CodeHeap 'non-profiled nmethods': size=120000Kb used=13Kb max_used=13Kb free=119986Kb
 bounds [0x000001dfaa0d0000, 0x000001dfaa340000, 0x000001dfb1600000]
CodeHeap 'profiled nmethods': size=120000Kb used=91Kb max_used=91Kb free=119908Kb
 bounds [0x000001dfa2600000, 0x000001dfa2870000, 0x000001dfa9b30000]
CodeHeap 'non-nmethods': size=5760Kb used=1264Kb max_used=1264Kb free=4495Kb
 bounds [0x000001dfa9b30000, 0x000001dfa9da0000, 0x000001dfaa0d0000]
 total_blobs=400 nmethods=71 adapters=240
 compilation: enabled
              stopped_count=0, restarted_count=0
 full_count=0

Compilation events (20 events):
Event: 0.107 Thread 0x000001dfb8ff40c0   62       3       java.lang.StringLatin1::indexOfChar (33 bytes)
Event: 0.108 Thread 0x000001dfb8ff40c0 nmethod 62 0x000001dfa2613f10 code [0x000001dfa26140a0, 0x000001dfa26142d8]
Event: 0.108 Thread 0x000001dfb8ff40c0   63       3       java.lang.StringLatin1::canEncode (13 bytes)
Event: 0.108 Thread 0x000001dfb8ff40c0 nmethod 63 0x000001dfa2614410 code [0x000001dfa26145a0, 0x000001dfa26146f0]
Event: 0.108 Thread 0x000001dfb8ff40c0   64       3       java.lang.Math::min (11 bytes)
Event: 0.108 Thread 0x000001dfb8ff40c0 nmethod 64 0x000001dfa2614790 code [0x000001dfa2614920, 0x000001dfa2614a60]
Event: 0.116 Thread 0x000001dfb8ff40c0   65       3       java.lang.String::isEmpty (14 bytes)
Event: 0.117 Thread 0x000001dfb8ff40c0 nmethod 65 0x000001dfa2614b10 code [0x000001dfa2614ca0, 0x000001dfa2614e18]
Event: 0.123 Thread 0x000001dfb8ff40c0   66       3       java.util.HashMap::afterNodeInsertion (1 bytes)
Event: 0.123 Thread 0x000001dfb8ff40c0 nmethod 66 0x000001dfa2614f10 code [0x000001dfa26150a0, 0x000001dfa26151b0]
Event: 0.124 Thread 0x000001dfb8ff40c0   67       3       java.lang.AbstractStringBuilder::ensureCapacityInternal (39 bytes)
Event: 0.125 Thread 0x000001dfb8ff40c0 nmethod 67 0x000001dfa2615210 code [0x000001dfa26153c0, 0x000001dfa26155f0]
Event: 0.125 Thread 0x000001dfb8ff40c0   68       3       java.lang.AbstractStringBuilder::isLatin1 (19 bytes)
Event: 0.126 Thread 0x000001dfb8ff40c0 nmethod 68 0x000001dfa2615710 code [0x000001dfa26158a0, 0x000001dfa2615a20]
Event: 0.126 Thread 0x000001dfb8ff40c0   69       3       java.lang.StringBuilder::append (8 bytes)
Event: 0.126 Thread 0x000001dfb8ff40c0 nmethod 69 0x000001dfa2615a90 code [0x000001dfa2615c20, 0x000001dfa2615d68]
Event: 0.126 Thread 0x000001dfb8ff40c0   70       3       java.lang.AbstractStringBuilder::append (77 bytes)
Event: 0.127 Thread 0x000001dfb8ff40c0 nmethod 70 0x000001dfa2615e10 code [0x000001dfa2616000, 0x000001dfa26166f8]
Event: 0.127 Thread 0x000001dfb8ff40c0   71       3       java.util.zip.ZipUtils::SH (21 bytes)
Event: 0.127 Thread 0x000001dfb8ff40c0 nmethod 71 0x000001dfa2616990 code [0x000001dfa2616b20, 0x000001dfa2616c68]

GC Heap History (0 events):
No events

Dll operation events (5 events):
Event: 0.017 Loaded shared library D:\Programs\jdk20\bin\java.dll
Event: 0.034 Loaded shared library D:\Programs\jdk20\bin\jsvml.dll
Event: 0.110 Loaded shared library D:\Programs\jdk20\bin\net.dll
Event: 0.114 Loaded shared library D:\Programs\jdk20\bin\nio.dll
Event: 0.121 Loaded shared library D:\Programs\jdk20\bin\zip.dll

Deoptimization events (0 events):
No events

Classes loaded (20 events):
Event: 0.052 Loading class sun/nio/cs/MS1251
Event: 0.052 Loading class sun/nio/cs/MS1251 done
Event: 0.053 Loading class sun/nio/cs/MS1251$Holder
Event: 0.053 Loading class sun/nio/cs/MS1251$Holder done
Event: 0.059 Loading class sun/nio/cs/IBM866
Event: 0.059 Loading class sun/nio/cs/IBM866 done
Event: 0.060 Loading class sun/nio/cs/IBM866$Holder
Event: 0.060 Loading class sun/nio/cs/IBM866$Holder done
Event: 0.125 Loading class sun/nio/cs/UTF_8$Decoder
Event: 0.125 Loading class sun/nio/cs/UTF_8$Decoder done
Event: 0.127 Loading class java/util/StringTokenizer
Event: 0.127 Loading class java/util/StringTokenizer done
Event: 0.127 Loading class java/util/jar/JarFile$ThreadTrackHolder
Event: 0.127 Loading class java/util/jar/JarFile$ThreadTrackHolder done
Event: 0.127 Loading class jdk/internal/misc/ThreadTracker
Event: 0.128 Loading class jdk/internal/misc/ThreadTracker done
Event: 0.128 Loading class jdk/internal/misc/ThreadTracker$ThreadRef
Event: 0.128 Loading class jdk/internal/misc/ThreadTracker$ThreadRef done
Event: 0.128 Loading class sun/security/util/ManifestEntryVerifier
Event: 0.128 Loading class sun/security/util/ManifestEntryVerifier done

Classes unloaded (0 events):
No events

Classes redefined (0 events):
No events

Internal exceptions (0 events):
No events

VM Operations (2 events):
Event: 0.122 Executing VM operation: HandshakeAllThreads
Event: 0.122 Executing VM operation: HandshakeAllThreads done

Events (11 events):
Event: 0.034 Thread 0x000001df9a54dd40 Thread added: 0x000001df9a54dd40
Event: 0.062 Thread 0x000001dfb8fe5040 Thread added: 0x000001dfb8fe5040
Event: 0.063 Thread 0x000001dfb8fe5fe0 Thread added: 0x000001dfb8fe5fe0
Event: 0.063 Thread 0x000001dfb8fe8cc0 Thread added: 0x000001dfb8fe8cc0
Event: 0.063 Thread 0x000001dfb8fecd90 Thread added: 0x000001dfb8fecd90
Event: 0.064 Thread 0x000001dfb8fed870 Thread added: 0x000001dfb8fed870
Event: 0.064 Thread 0x000001dfb8ff0360 Thread added: 0x000001dfb8ff0360
Event: 0.064 Thread 0x000001dfb8ff1850 Thread added: 0x000001dfb8ff1850
Event: 0.064 Thread 0x000001dfb8ff40c0 Thread added: 0x000001dfb8ff40c0
Event: 0.100 Thread 0x000001dfbd4f9e30 Thread added: 0x000001dfbd4f9e30
Event: 0.104 Thread 0x000001dfbd501c20 Thread added: 0x000001dfbd501c20


Dynamic libraries:
0x00007ff6a8470000 - 0x00007ff6a8480000 	D:\Programs\jdk20\bin\java.exe
0x00007ffa9cd10000 - 0x00007ffa9cf27000 	C:\Windows\SYSTEM32\ntdll.dll
0x00007ffa9b840000 - 0x00007ffa9b904000 	C:\Windows\System32\KERNEL32.DLL
0x00007ffa9a540000 - 0x00007ffa9a8e6000 	C:\Windows\System32\KERNELBASE.dll
0x00007ffa9a420000 - 0x00007ffa9a531000 	C:\Windows\System32\ucrtbase.dll
0x00007ffa74720000 - 0x00007ffa74739000 	D:\Programs\jdk20\bin\jli.dll
0x00007ffa74700000 - 0x00007ffa7471b000 	D:\Programs\jdk20\bin\VCRUNTIME140.dll
0x00007ffa9c190000 - 0x00007ffa9c241000 	C:\Windows\System32\ADVAPI32.dll
0x00007ffa9ad50000 - 0x00007ffa9adf7000 	C:\Windows\System32\msvcrt.dll
0x00007ffa9c250000 - 0x00007ffa9c2f5000 	C:\Windows\System32\sechost.dll
0x00007ffa9ca50000 - 0x00007ffa9cb67000 	C:\Windows\System32\RPCRT4.dll
0x00007ffa9c360000 - 0x00007ffa9c50e000 	C:\Windows\System32\USER32.dll
0x00007ffa9a3f0000 - 0x00007ffa9a416000 	C:\Windows\System32\win32u.dll
0x00007ffa75d60000 - 0x00007ffa75ff3000 	C:\Windows\WinSxS\amd64_microsoft.windows.common-controls_6595b64144ccf1df_6.0.22621.2506_none_270c5ae97388e100\COMCTL32.dll
0x00007ffa9b920000 - 0x00007ffa9b949000 	C:\Windows\System32\GDI32.dll
0x00007ffa9a250000 - 0x00007ffa9a368000 	C:\Windows\System32\gdi32full.dll
0x00007ffa9a080000 - 0x00007ffa9a11a000 	C:\Windows\System32\msvcp_win.dll
0x00007ffa90180000 - 0x00007ffa9018a000 	C:\Windows\SYSTEM32\VERSION.dll
0x00007ffa9c320000 - 0x00007ffa9c351000 	C:\Windows\System32\IMM32.DLL
0x00007ffa76860000 - 0x00007ffa7686c000 	D:\Programs\jdk20\bin\vcruntime140_1.dll
0x00007ffa478b0000 - 0x00007ffa4793e000 	D:\Programs\jdk20\bin\msvcp140.dll
0x00007ff9f20a0000 - 0x00007ff9f2d37000 	D:\Programs\jdk20\bin\server\jvm.dll
0x00007ffa924a0000 - 0x00007ffa924d4000 	C:\Windows\SYSTEM32\WINMM.dll
0x00007ffa74de0000 - 0x00007ffa74de9000 	C:\Windows\SYSTEM32\WSOCK32.dll
0x00007ffa9bee0000 - 0x00007ffa9bf51000 	C:\Windows\System32\WS2_32.dll
0x00007ffa99040000 - 0x00007ffa99058000 	C:\Windows\SYSTEM32\kernel.appcore.dll
0x00007ffa746f0000 - 0x00007ffa746fa000 	D:\Programs\jdk20\bin\jimage.dll
0x00007ffa8d4e0000 - 0x00007ffa8d713000 	C:\Windows\SYSTEM32\DBGHELP.DLL
0x00007ffa9b9b0000 - 0x00007ffa9bd39000 	C:\Windows\System32\combase.dll
0x00007ffa9cb70000 - 0x00007ffa9cc47000 	C:\Windows\System32\OLEAUT32.dll
0x00007ffa8e0a0000 - 0x00007ffa8e0d2000 	C:\Windows\SYSTEM32\dbgcore.DLL
0x00007ffa9a370000 - 0x00007ffa9a3ea000 	C:\Windows\System32\bcryptPrimitives.dll
0x00007ffa66380000 - 0x00007ffa663a6000 	D:\Programs\jdk20\bin\java.dll
0x00007ffa44160000 - 0x00007ffa44237000 	D:\Programs\jdk20\bin\jsvml.dll
0x00007ffa9ae90000 - 0x00007ffa9b6ea000 	C:\Windows\System32\SHELL32.dll
0x00007ffa97f50000 - 0x00007ffa98846000 	C:\Windows\SYSTEM32\windows.storage.dll
0x00007ffa97e10000 - 0x00007ffa97f4e000 	C:\Windows\SYSTEM32\wintypes.dll
0x00007ffa9b740000 - 0x00007ffa9b833000 	C:\Windows\System32\SHCORE.dll
0x00007ffa9b950000 - 0x00007ffa9b9ae000 	C:\Windows\System32\shlwapi.dll
0x00007ffa99fb0000 - 0x00007ffa99fd6000 	C:\Windows\SYSTEM32\profapi.dll
0x00007ffa746d0000 - 0x00007ffa746e3000 	D:\Programs\jdk20\bin\net.dll
0x00007ffa930e0000 - 0x00007ffa93217000 	C:\Windows\SYSTEM32\WINHTTP.dll
0x00007ffa994b0000 - 0x00007ffa99519000 	C:\Windows\system32\mswsock.dll
0x00007ffa6b5e0000 - 0x00007ffa6b5f6000 	D:\Programs\jdk20\bin\nio.dll
0x00007ffa67420000 - 0x00007ffa67438000 	D:\Programs\jdk20\bin\zip.dll

dbghelp: loaded successfully - version: 4.0.5 - missing functions: none
symbol engine: initialized successfully - sym options: 0x614 - pdb path: .;D:\Programs\jdk20\bin;C:\Windows\SYSTEM32;C:\Windows\WinSxS\amd64_microsoft.windows.common-controls_6595b64144ccf1df_6.0.22621.2506_none_270c5ae97388e100;D:\Programs\jdk20\bin\server

VM Arguments:
jvm_args: -Xverify:none 
java_command: code.jar
java_class_path (initial): code.jar
Launcher Type: SUN_STANDARD

[Global flags]
     intx CICompilerCount                          = 4                                         {product} {ergonomic}
     uint ConcGCThreads                            = 2                                         {product} {ergonomic}
     uint G1ConcRefinementThreads                  = 8                                         {product} {ergonomic}
   size_t G1HeapRegionSize                         = 2097152                                   {product} {ergonomic}
    uintx GCDrainStackTargetSize                   = 64                                        {product} {ergonomic}
   size_t InitialHeapSize                          = 234881024                                 {product} {ergonomic}
   size_t MarkStackSize                            = 4194304                                   {product} {ergonomic}
   size_t MaxHeapSize                              = 3728736256                                {product} {ergonomic}
   size_t MaxNewSize                               = 2235564032                                {product} {ergonomic}
   size_t MinHeapDeltaBytes                        = 2097152                                   {product} {ergonomic}
   size_t MinHeapSize                              = 8388608                                   {product} {ergonomic}
    uintx NonNMethodCodeHeapSize                   = 5839372                                {pd product} {ergonomic}
    uintx NonProfiledCodeHeapSize                  = 122909434                              {pd product} {ergonomic}
    uintx ProfiledCodeHeapSize                     = 122909434                              {pd product} {ergonomic}
    uintx ReservedCodeCacheSize                    = 251658240                              {pd product} {ergonomic}
     bool SegmentedCodeCache                       = true                                      {product} {ergonomic}
   size_t SoftMaxHeapSize                          = 3728736256                             {manageable} {ergonomic}
     bool UseCompressedClassPointers               = true                           {product lp64_product} {ergonomic}
     bool UseCompressedOops                        = true                           {product lp64_product} {ergonomic}
     bool UseG1GC                                  = true                                      {product} {ergonomic}
     bool UseLargePagesIndividualAllocation        = false                                  {pd product} {ergonomic}

Logging:
Log output configuration:
 #0: stdout all=warning uptime,level,tags foldmultilines=false
 #1: stderr all=off uptime,level,tags foldmultilines=false

Environment Variables:
PATH=C:\Program Files\Microsoft MPI\Bin\;C:\Python312\Scripts\;C:\Python312\;C:\Program Files\Common Files\Oracle\Java\javapath;C:\Windows\system32;C:\Windows;C:\Windows\System32\Wbem;C:\Windows\System32\WindowsPowerShell\v1.0\;C:\Windows\System32\OpenSSH\;D;D:\Programs\Git\cmd;C:\Program Files\Microsoft SQL Server\150\Tools\Binn\;C:\Program Files\Microsoft SQL Server\Client SDK\ODBC\170\Tools\Binn\;C:\Program Files\dotnet\;C:\Users\yaros\AppData\Local\Packages\PythonSoftwareFoundation.Python.3.9_qbz5n2kfra8p0\LocalCache\local-packages\Python39\Scripts;D:\Programs\nodeJS\;C:\ProgramData\chocolatey\bin;C:\Program Files\Java\jdk-18.0.2.1\bin;C:\Program Files\MySQL\MySQL Shell 8.0\bin\;C:\Users\yaros\AppData\Local\Microsoft\WindowsApps;C:\Users\yaros\AppData\Local\Programs\Microsoft VS Code\bin;C:\Users\yaros\.dotnet\tools;D:\Programs\JetBrains\PhpStorm 2023.1.4\bin;;D:\Programs\JetBrains\PyCharm 2023.1.4\bin;;D:\Programs\JetBrains\IntelliJ IDEA 2023.2\bin;;C:\Users\yaros\AppData\Local\GitHubDesktop\bin;D:\Programs\JetBrains\WebStorm 2023.2.1\bin;;D:\Programs\JetBrains\DataSpell 2023.2.2\bin;;D:\Programs\Graphviz\bin;C:\Users\yaros\AppData\Roaming\npm
USERNAME=yaros
OS=Windows_NT
PROCESSOR_IDENTIFIER=AMD64 Family 23 Model 24 Stepping 1, AuthenticAMD
TMP=C:\Users\yaros\AppData\Local\Temp
TEMP=C:\Users\yaros\AppData\Local\Temp




---------------  S Y S T E M  ---------------

OS:
 Windows 11 , 64 bit Build 22621 (10.0.22621.2506)
OS uptime: 1 days 8:06 hours
Hyper-V role detected

CPU: total 8 (initial active 8) (8 cores per cpu, 2 threads per core) family 23 model 24 stepping 1 microcode 0x0, cx8, cmov, fxsr, ht, mmx, 3dnowpref, sse, sse2, sse3, ssse3, sse4a, sse4.1, sse4.2, popcnt, lzcnt, tsc, tscinvbit, avx, avx2, aes, clmul, bmi1, bmi2, adx, sha, fma, vzeroupper, clflush, clflushopt, hv, rdtscp, f16c

Memory: 4k page, system-wide physical 14222M (4173M free)
TotalPageFile size 22926M (AvailPageFile size 9323M)
current process WorkingSet (physical memory assigned to process): 29M, peak: 29M
current process commit charge ("private bytes"): 306M, peak: 306M

vm_info: Java HotSpot(TM) 64-Bit Server VM (20.0.1+9-29) for windows-amd64 JRE (20.0.1+9-29), built on 2023-03-07T13:56:11Z by "mach5one" with MS VC++ 17.1 (VS2022)

END.
