#
# A fatal error has been detected by the Java Runtime Environment:
#
#  EXCEPTION_ACCESS_VIOLATION (0xc0000005) at pc=0x00007ffbfc54f605, pid=14464, tid=26644
#
# JRE version: Java(TM) SE Runtime Environment (18.0.2.1+1) (build 18.0.2.1+1-1)
# Java VM: Java HotSpot(TM) 64-Bit Server VM (18.0.2.1+1-1, mixed mode, sharing, tiered, compressed oops, compressed class ptrs, g1 gc, windows-amd64)
# Problematic frame:
# V  [jvm.dll+0x57f605]
#
# No core dump will be written. Minidumps are not enabled by default on client versions of Windows
#
# If you would like to submit a bug report, please visit:
#   https://bugreport.java.com/bugreport/crash.jsp
#

---------------  S U M M A R Y ------------

Command Line: -Xverify:none code.jar

Host: AMD Ryzen 5 2600 Six-Core Processor            , 12 cores, 15G,  Windows 11 , 64 bit Build 22621 (10.0.22621.2506)
Time: Tue Jan 16 12:53:17 2024 RTZ 2 (s 11 , 64 bit Build 22621 (10.0.22621.2506) elapsed time: 0.089553 seconds (0d 0h 0m 0s)

---------------  T H R E A D  ---------------

Current thread (0x0000013b81c56830):  JavaThread "main" [_thread_in_vm, id=26644, stack(0x0000001263200000,0x0000001263300000)]

Stack: [0x0000001263200000,0x0000001263300000],  sp=0x00000012632ff340,  free space=1020k
Native frames: (J=compiled Java code, j=interpreted, Vv=VM code, C=native code)
V  [jvm.dll+0x57f605]
V  [jvm.dll+0x3a4da3]
V  [jvm.dll+0x3a443f]
C  0x0000013b89599e2c

Java frames: (J=compiled Java code, j=interpreted, Vv=VM code)
j  rtl.Program.main([Ljava/lang/String;)V+261
v  ~StubRoutines::call_stub

siginfo: EXCEPTION_ACCESS_VIOLATION (0xc0000005), reading address 0x0000000000000012


Register to memory mapping:

RIP=0x00007ffbfc54f605 jvm.dll
RAX=0x00000012632ff398 is pointing into the stack for thread: 0x0000013b81c56830
RBX=0x0000013b81c570f0 points into unknown readable memory: 0x000000000000000a | 0a 00 00 00 00 00 00 00
RCX=0x00000012632ff310 is pointing into the stack for thread: 0x0000013b81c56830
RDX=0x00000012632ff310 is pointing into the stack for thread: 0x0000013b81c56830
RSP=0x00000012632ff340 is pointing into the stack for thread: 0x0000013b81c56830
RBP=0x00000012632ff389 is pointing into the stack for thread: 0x0000013b81c56830
RSI=0x0000013b81c56830 is a thread
RDI=0x000000000000000a is an unknown value
R8 =0x0 is NULL
R9 =0x0000013ba5400378 is pointing into metadata
R10=0x0000013ba5400030 is pointing into metadata
R11=0x0 is NULL
R12=0x0 is NULL
R13=0x0000013ba5400305 is pointing into metadata
R14=0x00000012632ff4a0 is pointing into the stack for thread: 0x0000013b81c56830
R15=0x0000013ba5400305 is pointing into metadata


Registers:
RAX=0x00000012632ff398, RBX=0x0000013b81c570f0, RCX=0x00000012632ff310, RDX=0x00000012632ff310
RSP=0x00000012632ff340, RBP=0x00000012632ff389, RSI=0x0000013b81c56830, RDI=0x000000000000000a
R8 =0x0000000000000000, R9 =0x0000013ba5400378, R10=0x0000013ba5400030, R11=0x0000000000000000
R12=0x0000000000000000, R13=0x0000013ba5400305, R14=0x00000012632ff4a0, R15=0x0000013ba5400305
RIP=0x00007ffbfc54f605, EFLAGS=0x0000000000010202

Top of Stack: (sp=0x00000012632ff340)
0x00000012632ff340:   0000000800067f0a 0000013b81c570f0
0x00000012632ff350:   00000012632ff389 0000000400000003
0x00000012632ff360:   0000000000000004 000000030000000e
0x00000012632ff370:   0000000800440068 0000000000000000
0x00000012632ff380:   00000000000000b6 00007ffbfc2b564f
0x00000012632ff390:   00000008006f01d1 0000013ba90df5e0
0x00000012632ff3a0:   00000008004462d0 0000000800c00400
0x00000012632ff3b0:   0000000800c00800 0000000000000000
0x00000012632ff3c0:   0000000000000000 00000012000a0101
0x00000012632ff3d0:   00000012632ff4e0 00007ffbfc374da3
0x00000012632ff3e0:   0000013bff903d00 0000013b81c56830
0x00000012632ff3f0:   0000013b81c570f0 00000000000000b6
0x00000012632ff400:   00000008000000b6 0000013b81c56830
0x00000012632ff410:   0000013ba5400320 0000013b81c56830
0x00000012632ff420:   0000000000000000 0000000000000000
0x00000012632ff430:   0000013ba5400030 0000013b81c56830 

Instructions: (pc=0x00007ffbfc54f605)
0x00007ffbfc54f505:   bc 24 a8 00 00 00 48 98 0f b6 84 01 a8 f7 57 00
0x00007ffbfc54f515:   8b 94 81 8c f7 57 00 48 03 d1 ff e2 48 8b 5d 7f
0x00007ffbfc54f525:   48 8d 4d 0f 4c 8b cb 45 8b c2 49 8b d3 e8 59 d1
0x00007ffbfc54f535:   ff ff 48 83 7b 08 00 0f 85 1c 02 00 00 4c 8b cb
0x00007ffbfc54f545:   48 8d 55 0f 41 b0 01 49 8b ce e8 2c 10 00 00 e9
0x00007ffbfc54f555:   05 02 00 00 48 8b 7d 7f 48 8d 4d 0f 4c 8b cf 45
0x00007ffbfc54f565:   8b c2 49 8b d3 e8 21 d1 ff ff 48 83 7f 08 00 0f
0x00007ffbfc54f575:   85 e4 01 00 00 48 8b d7 48 8d 4d 0f e8 8a e0 ff
0x00007ffbfc54f585:   ff 48 83 7f 08 00 0f 85 cd 01 00 00 48 89 45 ff
0x00007ffbfc54f595:   48 89 7d 07 48 85 c0 74 14 48 8b 8f 28 02 00 00
0x00007ffbfc54f5a5:   48 8d 55 f7 48 89 45 f7 e8 0e 06 a9 ff 4c 8b cb
0x00007ffbfc54f5b5:   48 89 7c 24 20 4c 8d 45 ff 49 8b ce 48 8d 55 0f
0x00007ffbfc54f5c5:   e8 46 19 00 00 e9 86 01 00 00 48 8b 75 7f 48 8d
0x00007ffbfc54f5d5:   4d 0f 4c 8b ce 45 8b c2 49 8b d3 e8 ab d0 ff ff
0x00007ffbfc54f5e5:   48 83 7e 08 00 0f 85 6e 01 00 00 48 85 db 75 04
0x00007ffbfc54f5f5:   33 ff eb 25 80 3d 29 45 5b 00 00 48 8b 3b 74 15
0x00007ffbfc54f605:   8b 7f 08 8b 0d a2 03 54 00 48 d3 e7 48 03 3d 90
0x00007ffbfc54f615:   03 54 00 eb 04 48 8b 7f 08 48 8b d6 48 8d 4d 0f
0x00007ffbfc54f625:   e8 56 e5 ff ff 48 83 7e 08 00 0f 85 29 01 00 00
0x00007ffbfc54f635:   48 89 45 ff 48 89 75 07 48 85 c0 74 14 48 8b 8e
0x00007ffbfc54f645:   28 02 00 00 48 8d 55 f7 48 89 45 f7 e8 6a 05 a9
0x00007ffbfc54f655:   ff 4c 8b 45 1f 48 8d 55 ff 48 89 74 24 30 4c 8b
0x00007ffbfc54f665:   cb c6 44 24 28 01 49 8b ce 48 89 7c 24 20 e8 08
0x00007ffbfc54f675:   1e 00 00 e9 d8 00 00 00 4c 8b 4d 7f 45 8b c2 49
0x00007ffbfc54f685:   8b d3 49 8b ce e8 31 03 00 00 e9 d3 00 00 00 4c
0x00007ffbfc54f695:   8b 4d 7f 45 8b c2 49 8b d3 49 8b ce e8 3a 01 00
0x00007ffbfc54f6a5:   00 e9 bc 00 00 00 48 8b 75 7f 48 8d 4d 0f 4c 8b
0x00007ffbfc54f6b5:   ce 45 8b c2 49 8b d3 e8 cf cf ff ff 48 83 7e 08
0x00007ffbfc54f6c5:   00 0f 85 92 00 00 00 48 85 db 75 04 33 ff eb 25
0x00007ffbfc54f6d5:   80 3d 4d 44 5b 00 00 48 8b 3b 74 15 8b 7f 08 8b
0x00007ffbfc54f6e5:   0d c6 02 54 00 48 d3 e7 48 03 3d b4 02 54 00 eb
0x00007ffbfc54f6f5:   04 48 8b 7f 08 4c 8b c6 48 8d 4d 0f ba b9 00 00 


Stack slot to memory mapping:
stack at sp + 0 slots: 0x0000000800067f0a is pointing into metadata
stack at sp + 1 slots: 0x0000013b81c570f0 points into unknown readable memory: 0x000000000000000a | 0a 00 00 00 00 00 00 00
stack at sp + 2 slots: 0x00000012632ff389 is pointing into the stack for thread: 0x0000013b81c56830
stack at sp + 3 slots: 0x0000000400000003 is an unknown value
stack at sp + 4 slots: 0x0000000000000004 is an unknown value
stack at sp + 5 slots: 0x000000030000000e is an unknown value
stack at sp + 6 slots: 0x0000000800440068 is pointing into metadata
stack at sp + 7 slots: 0x0 is NULL


---------------  P R O C E S S  ---------------

Threads class SMR info:
_java_thread_list=0x0000013ba90ade20, length=12, elements={
0x0000013b81c56830, 0x0000013ba4e40e40, 0x0000013ba4e42ab0, 0x0000013ba4e5c5a0,
0x0000013ba4e5ce50, 0x0000013ba4e5d7f0, 0x0000013ba4e5e190, 0x0000013ba4e6ae90,
0x0000013ba4e72160, 0x0000013ba4e77280, 0x0000013ba90cdea0, 0x0000013ba90ce9e0
}

Java Threads: ( => current thread )
=>0x0000013b81c56830 JavaThread "main" [_thread_in_vm, id=26644, stack(0x0000001263200000,0x0000001263300000)]
  0x0000013ba4e40e40 JavaThread "Reference Handler" daemon [_thread_blocked, id=9716, stack(0x0000001263900000,0x0000001263a00000)]
  0x0000013ba4e42ab0 JavaThread "Finalizer" daemon [_thread_blocked, id=25436, stack(0x0000001263a00000,0x0000001263b00000)]
  0x0000013ba4e5c5a0 JavaThread "Signal Dispatcher" daemon [_thread_blocked, id=23392, stack(0x0000001263b00000,0x0000001263c00000)]
  0x0000013ba4e5ce50 JavaThread "Attach Listener" daemon [_thread_blocked, id=6252, stack(0x0000001263c00000,0x0000001263d00000)]
  0x0000013ba4e5d7f0 JavaThread "Service Thread" daemon [_thread_blocked, id=21908, stack(0x0000001263d00000,0x0000001263e00000)]
  0x0000013ba4e5e190 JavaThread "Monitor Deflation Thread" daemon [_thread_blocked, id=8196, stack(0x0000001263e00000,0x0000001263f00000)]
  0x0000013ba4e6ae90 JavaThread "C2 CompilerThread0" daemon [_thread_blocked, id=26876, stack(0x0000001263f00000,0x0000001264000000)]
  0x0000013ba4e72160 JavaThread "C1 CompilerThread0" daemon [_thread_blocked, id=13816, stack(0x0000001264000000,0x0000001264100000)]
  0x0000013ba4e77280 JavaThread "Sweeper thread" daemon [_thread_blocked, id=15940, stack(0x0000001264100000,0x0000001264200000)]
  0x0000013ba90cdea0 JavaThread "Notification Thread" daemon [_thread_blocked, id=22340, stack(0x0000001264200000,0x0000001264300000)]
  0x0000013ba90ce9e0 JavaThread "Common-Cleaner" daemon [_thread_blocked, id=25960, stack(0x0000001264400000,0x0000001264500000)]

Other Threads:
  0x0000013b81cfd750 VMThread "VM Thread" [stack: 0x0000001263800000,0x0000001263900000] [id=13796]
  0x0000013ba90ce770 WatcherThread "VM Periodic Task Thread" [stack: 0x0000001264300000,0x0000001264400000] [id=6272]
  0x0000013b81cca1e0 WorkerThread "GC Thread#0" [stack: 0x0000001263300000,0x0000001263400000] [id=27016]
  0x0000013b81cdbfb0 ConcurrentGCThread "G1 Main Marker" [stack: 0x0000001263400000,0x0000001263500000] [id=25948]
  0x0000013b81cdc9a0 WorkerThread "G1 Conc#0" [stack: 0x0000001263500000,0x0000001263600000] [id=7492]
  0x0000013ba4cfb800 ConcurrentGCThread "G1 Refine#0" [stack: 0x0000001263600000,0x0000001263700000] [id=25828]
  0x0000013ba4cfc020 ConcurrentGCThread "G1 Service" [stack: 0x0000001263700000,0x0000001263800000] [id=23888]

Threads with active compile tasks:

VM state: not at safepoint (normal execution)

VM Mutex/Monitor currently owned by a thread: None

Heap address: 0x0000000701600000, size: 4074 MB, Compressed Oops mode: Zero based, Oop shift amount: 3

CDS archive(s) mapped at: [0x0000000800000000-0x0000000800ba0000-0x0000000800ba0000), size 12189696, SharedBaseAddress: 0x0000000800000000, ArchiveRelocationMode: 0.
Compressed class space mapped at: 0x0000000800c00000-0x0000000840c00000, reserved size: 1073741824
Narrow klass base: 0x0000000800000000, Narrow klass shift: 0, Narrow klass range: 0x100000000

GC Precious Log:
 CardTable entry size: 512
 Card Set container configuration: InlinePtr #cards 4 size 8 Array Of Cards #cards 16 size 48 Howl #buckets 8 coarsen threshold 3686 Howl Bitmap #cards 512 size 80 coarsen threshold 460 Card regions per heap region 1 cards per card region 4096
 CPUs: 12 total, 12 available
 Memory: 16295M
 Large Page Support: Disabled
 NUMA Support: Disabled
 Compressed Oops: Enabled (Zero based)
 Heap Region Size: 2M
 Heap Min Capacity: 8M
 Heap Initial Capacity: 256M
 Heap Max Capacity: 4074M
 Pre-touch: Disabled
 Parallel Workers: 10
 Concurrent Workers: 3
 Concurrent Refinement Workers: 10
 Periodic GC: Disabled

Heap:
 garbage-first heap   total 262144K, used 0K [0x0000000701600000, 0x0000000800000000)
  region size 2048K, 1 young (2048K), 0 survivors (0K)
 Metaspace       used 216K, committed 448K, reserved 1114112K
  class space    used 12K, committed 128K, reserved 1048576K

Heap Regions: E=young(eden), S=young(survivor), O=old, HS=humongous(starts), HC=humongous(continues), CS=collection set, F=free, OA=open archive, CA=closed archive, TAMS=top-at-mark-start (previous, next)
|   0|0x0000000701600000, 0x0000000701600000, 0x0000000701800000|  0%| F|  |TAMS 0x0000000701600000, 0x0000000701600000| Untracked 
|   1|0x0000000701800000, 0x0000000701800000, 0x0000000701a00000|  0%| F|  |TAMS 0x0000000701800000, 0x0000000701800000| Untracked 
|   2|0x0000000701a00000, 0x0000000701a00000, 0x0000000701c00000|  0%| F|  |TAMS 0x0000000701a00000, 0x0000000701a00000| Untracked 
|   3|0x0000000701c00000, 0x0000000701c00000, 0x0000000701e00000|  0%| F|  |TAMS 0x0000000701c00000, 0x0000000701c00000| Untracked 
|   4|0x0000000701e00000, 0x0000000701e00000, 0x0000000702000000|  0%| F|  |TAMS 0x0000000701e00000, 0x0000000701e00000| Untracked 
|   5|0x0000000702000000, 0x0000000702000000, 0x0000000702200000|  0%| F|  |TAMS 0x0000000702000000, 0x0000000702000000| Untracked 
|   6|0x0000000702200000, 0x0000000702200000, 0x0000000702400000|  0%| F|  |TAMS 0x0000000702200000, 0x0000000702200000| Untracked 
|   7|0x0000000702400000, 0x0000000702400000, 0x0000000702600000|  0%| F|  |TAMS 0x0000000702400000, 0x0000000702400000| Untracked 
|   8|0x0000000702600000, 0x0000000702600000, 0x0000000702800000|  0%| F|  |TAMS 0x0000000702600000, 0x0000000702600000| Untracked 
|   9|0x0000000702800000, 0x0000000702800000, 0x0000000702a00000|  0%| F|  |TAMS 0x0000000702800000, 0x0000000702800000| Untracked 
|  10|0x0000000702a00000, 0x0000000702a00000, 0x0000000702c00000|  0%| F|  |TAMS 0x0000000702a00000, 0x0000000702a00000| Untracked 
|  11|0x0000000702c00000, 0x0000000702c00000, 0x0000000702e00000|  0%| F|  |TAMS 0x0000000702c00000, 0x0000000702c00000| Untracked 
|  12|0x0000000702e00000, 0x0000000702e00000, 0x0000000703000000|  0%| F|  |TAMS 0x0000000702e00000, 0x0000000702e00000| Untracked 
|  13|0x0000000703000000, 0x0000000703000000, 0x0000000703200000|  0%| F|  |TAMS 0x0000000703000000, 0x0000000703000000| Untracked 
|  14|0x0000000703200000, 0x0000000703200000, 0x0000000703400000|  0%| F|  |TAMS 0x0000000703200000, 0x0000000703200000| Untracked 
|  15|0x0000000703400000, 0x0000000703400000, 0x0000000703600000|  0%| F|  |TAMS 0x0000000703400000, 0x0000000703400000| Untracked 
|  16|0x0000000703600000, 0x0000000703600000, 0x0000000703800000|  0%| F|  |TAMS 0x0000000703600000, 0x0000000703600000| Untracked 
|  17|0x0000000703800000, 0x0000000703800000, 0x0000000703a00000|  0%| F|  |TAMS 0x0000000703800000, 0x0000000703800000| Untracked 
|  18|0x0000000703a00000, 0x0000000703a00000, 0x0000000703c00000|  0%| F|  |TAMS 0x0000000703a00000, 0x0000000703a00000| Untracked 
|  19|0x0000000703c00000, 0x0000000703c00000, 0x0000000703e00000|  0%| F|  |TAMS 0x0000000703c00000, 0x0000000703c00000| Untracked 
|  20|0x0000000703e00000, 0x0000000703e00000, 0x0000000704000000|  0%| F|  |TAMS 0x0000000703e00000, 0x0000000703e00000| Untracked 
|  21|0x0000000704000000, 0x0000000704000000, 0x0000000704200000|  0%| F|  |TAMS 0x0000000704000000, 0x0000000704000000| Untracked 
|  22|0x0000000704200000, 0x0000000704200000, 0x0000000704400000|  0%| F|  |TAMS 0x0000000704200000, 0x0000000704200000| Untracked 
|  23|0x0000000704400000, 0x0000000704400000, 0x0000000704600000|  0%| F|  |TAMS 0x0000000704400000, 0x0000000704400000| Untracked 
|  24|0x0000000704600000, 0x0000000704600000, 0x0000000704800000|  0%| F|  |TAMS 0x0000000704600000, 0x0000000704600000| Untracked 
|  25|0x0000000704800000, 0x0000000704800000, 0x0000000704a00000|  0%| F|  |TAMS 0x0000000704800000, 0x0000000704800000| Untracked 
|  26|0x0000000704a00000, 0x0000000704a00000, 0x0000000704c00000|  0%| F|  |TAMS 0x0000000704a00000, 0x0000000704a00000| Untracked 
|  27|0x0000000704c00000, 0x0000000704c00000, 0x0000000704e00000|  0%| F|  |TAMS 0x0000000704c00000, 0x0000000704c00000| Untracked 
|  28|0x0000000704e00000, 0x0000000704e00000, 0x0000000705000000|  0%| F|  |TAMS 0x0000000704e00000, 0x0000000704e00000| Untracked 
|  29|0x0000000705000000, 0x0000000705000000, 0x0000000705200000|  0%| F|  |TAMS 0x0000000705000000, 0x0000000705000000| Untracked 
|  30|0x0000000705200000, 0x0000000705200000, 0x0000000705400000|  0%| F|  |TAMS 0x0000000705200000, 0x0000000705200000| Untracked 
|  31|0x0000000705400000, 0x0000000705400000, 0x0000000705600000|  0%| F|  |TAMS 0x0000000705400000, 0x0000000705400000| Untracked 
|  32|0x0000000705600000, 0x0000000705600000, 0x0000000705800000|  0%| F|  |TAMS 0x0000000705600000, 0x0000000705600000| Untracked 
|  33|0x0000000705800000, 0x0000000705800000, 0x0000000705a00000|  0%| F|  |TAMS 0x0000000705800000, 0x0000000705800000| Untracked 
|  34|0x0000000705a00000, 0x0000000705a00000, 0x0000000705c00000|  0%| F|  |TAMS 0x0000000705a00000, 0x0000000705a00000| Untracked 
|  35|0x0000000705c00000, 0x0000000705c00000, 0x0000000705e00000|  0%| F|  |TAMS 0x0000000705c00000, 0x0000000705c00000| Untracked 
|  36|0x0000000705e00000, 0x0000000705e00000, 0x0000000706000000|  0%| F|  |TAMS 0x0000000705e00000, 0x0000000705e00000| Untracked 
|  37|0x0000000706000000, 0x0000000706000000, 0x0000000706200000|  0%| F|  |TAMS 0x0000000706000000, 0x0000000706000000| Untracked 
|  38|0x0000000706200000, 0x0000000706200000, 0x0000000706400000|  0%| F|  |TAMS 0x0000000706200000, 0x0000000706200000| Untracked 
|  39|0x0000000706400000, 0x0000000706400000, 0x0000000706600000|  0%| F|  |TAMS 0x0000000706400000, 0x0000000706400000| Untracked 
|  40|0x0000000706600000, 0x0000000706600000, 0x0000000706800000|  0%| F|  |TAMS 0x0000000706600000, 0x0000000706600000| Untracked 
|  41|0x0000000706800000, 0x0000000706800000, 0x0000000706a00000|  0%| F|  |TAMS 0x0000000706800000, 0x0000000706800000| Untracked 
|  42|0x0000000706a00000, 0x0000000706a00000, 0x0000000706c00000|  0%| F|  |TAMS 0x0000000706a00000, 0x0000000706a00000| Untracked 
|  43|0x0000000706c00000, 0x0000000706c00000, 0x0000000706e00000|  0%| F|  |TAMS 0x0000000706c00000, 0x0000000706c00000| Untracked 
|  44|0x0000000706e00000, 0x0000000706e00000, 0x0000000707000000|  0%| F|  |TAMS 0x0000000706e00000, 0x0000000706e00000| Untracked 
|  45|0x0000000707000000, 0x0000000707000000, 0x0000000707200000|  0%| F|  |TAMS 0x0000000707000000, 0x0000000707000000| Untracked 
|  46|0x0000000707200000, 0x0000000707200000, 0x0000000707400000|  0%| F|  |TAMS 0x0000000707200000, 0x0000000707200000| Untracked 
|  47|0x0000000707400000, 0x0000000707400000, 0x0000000707600000|  0%| F|  |TAMS 0x0000000707400000, 0x0000000707400000| Untracked 
|  48|0x0000000707600000, 0x0000000707600000, 0x0000000707800000|  0%| F|  |TAMS 0x0000000707600000, 0x0000000707600000| Untracked 
|  49|0x0000000707800000, 0x0000000707800000, 0x0000000707a00000|  0%| F|  |TAMS 0x0000000707800000, 0x0000000707800000| Untracked 
|  50|0x0000000707a00000, 0x0000000707a00000, 0x0000000707c00000|  0%| F|  |TAMS 0x0000000707a00000, 0x0000000707a00000| Untracked 
|  51|0x0000000707c00000, 0x0000000707c00000, 0x0000000707e00000|  0%| F|  |TAMS 0x0000000707c00000, 0x0000000707c00000| Untracked 
|  52|0x0000000707e00000, 0x0000000707e00000, 0x0000000708000000|  0%| F|  |TAMS 0x0000000707e00000, 0x0000000707e00000| Untracked 
|  53|0x0000000708000000, 0x0000000708000000, 0x0000000708200000|  0%| F|  |TAMS 0x0000000708000000, 0x0000000708000000| Untracked 
|  54|0x0000000708200000, 0x0000000708200000, 0x0000000708400000|  0%| F|  |TAMS 0x0000000708200000, 0x0000000708200000| Untracked 
|  55|0x0000000708400000, 0x0000000708400000, 0x0000000708600000|  0%| F|  |TAMS 0x0000000708400000, 0x0000000708400000| Untracked 
|  56|0x0000000708600000, 0x0000000708600000, 0x0000000708800000|  0%| F|  |TAMS 0x0000000708600000, 0x0000000708600000| Untracked 
|  57|0x0000000708800000, 0x0000000708800000, 0x0000000708a00000|  0%| F|  |TAMS 0x0000000708800000, 0x0000000708800000| Untracked 
|  58|0x0000000708a00000, 0x0000000708a00000, 0x0000000708c00000|  0%| F|  |TAMS 0x0000000708a00000, 0x0000000708a00000| Untracked 
|  59|0x0000000708c00000, 0x0000000708c00000, 0x0000000708e00000|  0%| F|  |TAMS 0x0000000708c00000, 0x0000000708c00000| Untracked 
|  60|0x0000000708e00000, 0x0000000708e00000, 0x0000000709000000|  0%| F|  |TAMS 0x0000000708e00000, 0x0000000708e00000| Untracked 
|  61|0x0000000709000000, 0x0000000709000000, 0x0000000709200000|  0%| F|  |TAMS 0x0000000709000000, 0x0000000709000000| Untracked 
|  62|0x0000000709200000, 0x0000000709200000, 0x0000000709400000|  0%| F|  |TAMS 0x0000000709200000, 0x0000000709200000| Untracked 
|  63|0x0000000709400000, 0x0000000709400000, 0x0000000709600000|  0%| F|  |TAMS 0x0000000709400000, 0x0000000709400000| Untracked 
|  64|0x0000000709600000, 0x0000000709600000, 0x0000000709800000|  0%| F|  |TAMS 0x0000000709600000, 0x0000000709600000| Untracked 
|  65|0x0000000709800000, 0x0000000709800000, 0x0000000709a00000|  0%| F|  |TAMS 0x0000000709800000, 0x0000000709800000| Untracked 
|  66|0x0000000709a00000, 0x0000000709a00000, 0x0000000709c00000|  0%| F|  |TAMS 0x0000000709a00000, 0x0000000709a00000| Untracked 
|  67|0x0000000709c00000, 0x0000000709c00000, 0x0000000709e00000|  0%| F|  |TAMS 0x0000000709c00000, 0x0000000709c00000| Untracked 
|  68|0x0000000709e00000, 0x0000000709e00000, 0x000000070a000000|  0%| F|  |TAMS 0x0000000709e00000, 0x0000000709e00000| Untracked 
|  69|0x000000070a000000, 0x000000070a000000, 0x000000070a200000|  0%| F|  |TAMS 0x000000070a000000, 0x000000070a000000| Untracked 
|  70|0x000000070a200000, 0x000000070a200000, 0x000000070a400000|  0%| F|  |TAMS 0x000000070a200000, 0x000000070a200000| Untracked 
|  71|0x000000070a400000, 0x000000070a400000, 0x000000070a600000|  0%| F|  |TAMS 0x000000070a400000, 0x000000070a400000| Untracked 
|  72|0x000000070a600000, 0x000000070a600000, 0x000000070a800000|  0%| F|  |TAMS 0x000000070a600000, 0x000000070a600000| Untracked 
|  73|0x000000070a800000, 0x000000070a800000, 0x000000070aa00000|  0%| F|  |TAMS 0x000000070a800000, 0x000000070a800000| Untracked 
|  74|0x000000070aa00000, 0x000000070aa00000, 0x000000070ac00000|  0%| F|  |TAMS 0x000000070aa00000, 0x000000070aa00000| Untracked 
|  75|0x000000070ac00000, 0x000000070ac00000, 0x000000070ae00000|  0%| F|  |TAMS 0x000000070ac00000, 0x000000070ac00000| Untracked 
|  76|0x000000070ae00000, 0x000000070ae00000, 0x000000070b000000|  0%| F|  |TAMS 0x000000070ae00000, 0x000000070ae00000| Untracked 
|  77|0x000000070b000000, 0x000000070b000000, 0x000000070b200000|  0%| F|  |TAMS 0x000000070b000000, 0x000000070b000000| Untracked 
|  78|0x000000070b200000, 0x000000070b200000, 0x000000070b400000|  0%| F|  |TAMS 0x000000070b200000, 0x000000070b200000| Untracked 
|  79|0x000000070b400000, 0x000000070b400000, 0x000000070b600000|  0%| F|  |TAMS 0x000000070b400000, 0x000000070b400000| Untracked 
|  80|0x000000070b600000, 0x000000070b600000, 0x000000070b800000|  0%| F|  |TAMS 0x000000070b600000, 0x000000070b600000| Untracked 
|  81|0x000000070b800000, 0x000000070b800000, 0x000000070ba00000|  0%| F|  |TAMS 0x000000070b800000, 0x000000070b800000| Untracked 
|  82|0x000000070ba00000, 0x000000070ba00000, 0x000000070bc00000|  0%| F|  |TAMS 0x000000070ba00000, 0x000000070ba00000| Untracked 
|  83|0x000000070bc00000, 0x000000070bc00000, 0x000000070be00000|  0%| F|  |TAMS 0x000000070bc00000, 0x000000070bc00000| Untracked 
|  84|0x000000070be00000, 0x000000070be00000, 0x000000070c000000|  0%| F|  |TAMS 0x000000070be00000, 0x000000070be00000| Untracked 
|  85|0x000000070c000000, 0x000000070c000000, 0x000000070c200000|  0%| F|  |TAMS 0x000000070c000000, 0x000000070c000000| Untracked 
|  86|0x000000070c200000, 0x000000070c200000, 0x000000070c400000|  0%| F|  |TAMS 0x000000070c200000, 0x000000070c200000| Untracked 
|  87|0x000000070c400000, 0x000000070c400000, 0x000000070c600000|  0%| F|  |TAMS 0x000000070c400000, 0x000000070c400000| Untracked 
|  88|0x000000070c600000, 0x000000070c600000, 0x000000070c800000|  0%| F|  |TAMS 0x000000070c600000, 0x000000070c600000| Untracked 
|  89|0x000000070c800000, 0x000000070c800000, 0x000000070ca00000|  0%| F|  |TAMS 0x000000070c800000, 0x000000070c800000| Untracked 
|  90|0x000000070ca00000, 0x000000070ca00000, 0x000000070cc00000|  0%| F|  |TAMS 0x000000070ca00000, 0x000000070ca00000| Untracked 
|  91|0x000000070cc00000, 0x000000070cc00000, 0x000000070ce00000|  0%| F|  |TAMS 0x000000070cc00000, 0x000000070cc00000| Untracked 
|  92|0x000000070ce00000, 0x000000070ce00000, 0x000000070d000000|  0%| F|  |TAMS 0x000000070ce00000, 0x000000070ce00000| Untracked 
|  93|0x000000070d000000, 0x000000070d000000, 0x000000070d200000|  0%| F|  |TAMS 0x000000070d000000, 0x000000070d000000| Untracked 
|  94|0x000000070d200000, 0x000000070d200000, 0x000000070d400000|  0%| F|  |TAMS 0x000000070d200000, 0x000000070d200000| Untracked 
|  95|0x000000070d400000, 0x000000070d400000, 0x000000070d600000|  0%| F|  |TAMS 0x000000070d400000, 0x000000070d400000| Untracked 
|  96|0x000000070d600000, 0x000000070d600000, 0x000000070d800000|  0%| F|  |TAMS 0x000000070d600000, 0x000000070d600000| Untracked 
|  97|0x000000070d800000, 0x000000070d800000, 0x000000070da00000|  0%| F|  |TAMS 0x000000070d800000, 0x000000070d800000| Untracked 
|  98|0x000000070da00000, 0x000000070da00000, 0x000000070dc00000|  0%| F|  |TAMS 0x000000070da00000, 0x000000070da00000| Untracked 
|  99|0x000000070dc00000, 0x000000070dc00000, 0x000000070de00000|  0%| F|  |TAMS 0x000000070dc00000, 0x000000070dc00000| Untracked 
| 100|0x000000070de00000, 0x000000070de00000, 0x000000070e000000|  0%| F|  |TAMS 0x000000070de00000, 0x000000070de00000| Untracked 
| 101|0x000000070e000000, 0x000000070e000000, 0x000000070e200000|  0%| F|  |TAMS 0x000000070e000000, 0x000000070e000000| Untracked 
| 102|0x000000070e200000, 0x000000070e200000, 0x000000070e400000|  0%| F|  |TAMS 0x000000070e200000, 0x000000070e200000| Untracked 
| 103|0x000000070e400000, 0x000000070e400000, 0x000000070e600000|  0%| F|  |TAMS 0x000000070e400000, 0x000000070e400000| Untracked 
| 104|0x000000070e600000, 0x000000070e600000, 0x000000070e800000|  0%| F|  |TAMS 0x000000070e600000, 0x000000070e600000| Untracked 
| 105|0x000000070e800000, 0x000000070e800000, 0x000000070ea00000|  0%| F|  |TAMS 0x000000070e800000, 0x000000070e800000| Untracked 
| 106|0x000000070ea00000, 0x000000070ea00000, 0x000000070ec00000|  0%| F|  |TAMS 0x000000070ea00000, 0x000000070ea00000| Untracked 
| 107|0x000000070ec00000, 0x000000070ec00000, 0x000000070ee00000|  0%| F|  |TAMS 0x000000070ec00000, 0x000000070ec00000| Untracked 
| 108|0x000000070ee00000, 0x000000070ee00000, 0x000000070f000000|  0%| F|  |TAMS 0x000000070ee00000, 0x000000070ee00000| Untracked 
| 109|0x000000070f000000, 0x000000070f000000, 0x000000070f200000|  0%| F|  |TAMS 0x000000070f000000, 0x000000070f000000| Untracked 
| 110|0x000000070f200000, 0x000000070f200000, 0x000000070f400000|  0%| F|  |TAMS 0x000000070f200000, 0x000000070f200000| Untracked 
| 111|0x000000070f400000, 0x000000070f400000, 0x000000070f600000|  0%| F|  |TAMS 0x000000070f400000, 0x000000070f400000| Untracked 
| 112|0x000000070f600000, 0x000000070f600000, 0x000000070f800000|  0%| F|  |TAMS 0x000000070f600000, 0x000000070f600000| Untracked 
| 113|0x000000070f800000, 0x000000070f800000, 0x000000070fa00000|  0%| F|  |TAMS 0x000000070f800000, 0x000000070f800000| Untracked 
| 114|0x000000070fa00000, 0x000000070fa00000, 0x000000070fc00000|  0%| F|  |TAMS 0x000000070fa00000, 0x000000070fa00000| Untracked 
| 115|0x000000070fc00000, 0x000000070fc00000, 0x000000070fe00000|  0%| F|  |TAMS 0x000000070fc00000, 0x000000070fc00000| Untracked 
| 116|0x000000070fe00000, 0x000000070fe00000, 0x0000000710000000|  0%| F|  |TAMS 0x000000070fe00000, 0x000000070fe00000| Untracked 
| 117|0x0000000710000000, 0x0000000710000000, 0x0000000710200000|  0%| F|  |TAMS 0x0000000710000000, 0x0000000710000000| Untracked 
| 118|0x0000000710200000, 0x0000000710200000, 0x0000000710400000|  0%| F|  |TAMS 0x0000000710200000, 0x0000000710200000| Untracked 
| 119|0x0000000710400000, 0x0000000710400000, 0x0000000710600000|  0%| F|  |TAMS 0x0000000710400000, 0x0000000710400000| Untracked 
| 120|0x0000000710600000, 0x0000000710600000, 0x0000000710800000|  0%| F|  |TAMS 0x0000000710600000, 0x0000000710600000| Untracked 
| 121|0x0000000710800000, 0x0000000710800000, 0x0000000710a00000|  0%| F|  |TAMS 0x0000000710800000, 0x0000000710800000| Untracked 
| 122|0x0000000710a00000, 0x0000000710a00000, 0x0000000710c00000|  0%| F|  |TAMS 0x0000000710a00000, 0x0000000710a00000| Untracked 
| 123|0x0000000710c00000, 0x0000000710c00000, 0x0000000710e00000|  0%| F|  |TAMS 0x0000000710c00000, 0x0000000710c00000| Untracked 
| 124|0x0000000710e00000, 0x0000000710e00000, 0x0000000711000000|  0%| F|  |TAMS 0x0000000710e00000, 0x0000000710e00000| Untracked 
| 125|0x0000000711000000, 0x0000000711000000, 0x0000000711200000|  0%| F|  |TAMS 0x0000000711000000, 0x0000000711000000| Untracked 
| 126|0x0000000711200000, 0x0000000711200000, 0x0000000711400000|  0%| F|  |TAMS 0x0000000711200000, 0x0000000711200000| Untracked 
| 127|0x0000000711400000, 0x00000007115c2a00, 0x0000000711600000| 88%| E|  |TAMS 0x0000000711400000, 0x0000000711400000| Complete 

Card table byte_map: [0x0000013b992d0000,0x0000013b99ad0000] _byte_map_base: 0x0000013b95ac5000

Marking Bits (Prev, Next): (CMBitMap*) 0x0000013b81ccb7f0, (CMBitMap*) 0x0000013b81ccb830
 Prev Bits: [0x0000013b9a2d0000, 0x0000013b9e278000)
 Next Bits: [0x0000013b9e280000, 0x0000013ba2228000)

Polling page: 0x0000013b81410000

Metaspace:

Usage:
  Non-class:    204.01 KB used.
      Class:     12.85 KB used.
       Both:    216.86 KB used.

Virtual space:
  Non-class space:       64.00 MB reserved,     320.00 KB ( <1%) committed,  1 nodes.
      Class space:        1.00 GB reserved,     128.00 KB ( <1%) committed,  1 nodes.
             Both:        1.06 GB reserved,     448.00 KB ( <1%) committed. 

Chunk freelists:
   Non-Class:  3.99 MB
       Class:  3.75 MB
        Both:  7.74 MB

MaxMetaspaceSize: unlimited
CompressedClassSpaceSize: 1.00 GB
Initial GC threshold: 21.00 MB
Current GC threshold: 21.00 MB
CDS: on
MetaspaceReclaimPolicy: balanced
 - commit_granule_bytes: 65536.
 - commit_granule_words: 8192.
 - virtual_space_node_default_size: 8388608.
 - enlarge_chunks_in_place: 1.
 - new_chunks_are_fully_committed: 0.
 - uncommit_free_chunks: 1.
 - use_allocation_guard: 0.


Internal statistics:

num_allocs_failed_limit: 0.
num_arena_births: 4.
num_arena_deaths: 0.
num_vsnodes_births: 2.
num_vsnodes_deaths: 0.
num_space_committed: 7.
num_space_uncommitted: 0.
num_chunks_returned_to_freelist: 0.
num_chunks_taken_from_freelist: 6.
num_chunk_merges: 0.
num_chunk_splits: 2.
num_chunks_enlarged: 1.
num_inconsistent_stats: 0.

CodeHeap 'non-profiled nmethods': size=120000Kb used=13Kb max_used=13Kb free=119986Kb
 bounds [0x0000013b91050000, 0x0000013b912c0000, 0x0000013b98580000]
CodeHeap 'profiled nmethods': size=120000Kb used=96Kb max_used=96Kb free=119903Kb
 bounds [0x0000013b89b20000, 0x0000013b89d90000, 0x0000013b91050000]
CodeHeap 'non-nmethods': size=5760Kb used=1069Kb max_used=1069Kb free=4691Kb
 bounds [0x0000013b89580000, 0x0000013b897f0000, 0x0000013b89b20000]
 total_blobs=396 nmethods=76 adapters=233
 compilation: enabled
              stopped_count=0, restarted_count=0
 full_count=0

Compilation events (20 events):
Event: 0.044 Thread 0x0000013ba4e72160   67       3       java.lang.String::indexOf (29 bytes)
Event: 0.044 Thread 0x0000013ba4e72160 nmethod 67 0x0000013b89b35090 code [0x0000013b89b35260, 0x0000013b89b35518]
Event: 0.050 Thread 0x0000013ba4e72160   68       3       java.lang.String::isEmpty (14 bytes)
Event: 0.051 Thread 0x0000013ba4e72160 nmethod 68 0x0000013b89b35610 code [0x0000013b89b357a0, 0x0000013b89b35918]
Event: 0.053 Thread 0x0000013ba4e72160   69       3       java.lang.AbstractStringBuilder::ensureCapacityInternal (39 bytes)
Event: 0.053 Thread 0x0000013ba4e72160 nmethod 69 0x0000013b89b35a10 code [0x0000013b89b35bc0, 0x0000013b89b35df8]
Event: 0.053 Thread 0x0000013ba4e72160   70       3       java.lang.AbstractStringBuilder::isLatin1 (19 bytes)
Event: 0.053 Thread 0x0000013ba4e72160 nmethod 70 0x0000013b89b35f10 code [0x0000013b89b360a0, 0x0000013b89b36218]
Event: 0.054 Thread 0x0000013ba4e72160   71       3       java.lang.StringBuilder::append (8 bytes)
Event: 0.054 Thread 0x0000013ba4e72160 nmethod 71 0x0000013b89b36290 code [0x0000013b89b36420, 0x0000013b89b36568]
Event: 0.054 Thread 0x0000013ba4e72160   72       3       java.lang.AbstractStringBuilder::append (77 bytes)
Event: 0.054 Thread 0x0000013ba4e72160 nmethod 72 0x0000013b89b36610 code [0x0000013b89b36820, 0x0000013b89b36f18]
Event: 0.054 Thread 0x0000013ba4e72160   73       3       java.lang.CharacterDataLatin1::getProperties (11 bytes)
Event: 0.054 Thread 0x0000013ba4e72160 nmethod 73 0x0000013b89b37190 code [0x0000013b89b37320, 0x0000013b89b37458]
Event: 0.054 Thread 0x0000013ba4e72160   74       3       java.lang.CharacterDataLatin1::toLowerCase (39 bytes)
Event: 0.054 Thread 0x0000013ba4e72160 nmethod 74 0x0000013b89b37510 code [0x0000013b89b376c0, 0x0000013b89b37918]
Event: 0.055 Thread 0x0000013ba4e72160   75       3       java.util.zip.ZipUtils::SH (21 bytes)
Event: 0.055 Thread 0x0000013ba4e72160 nmethod 75 0x0000013b89b37a10 code [0x0000013b89b37ba0, 0x0000013b89b37cf8]
Event: 0.056 Thread 0x0000013ba4e72160   76       3       java.lang.String::<init> (15 bytes)
Event: 0.056 Thread 0x0000013ba4e72160 nmethod 76 0x0000013b89b37e10 code [0x0000013b89b37fa0, 0x0000013b89b38178]

GC Heap History (0 events):
No events

Deoptimization events (0 events):
No events

Classes loaded (12 events):
Event: 0.024 Loading class sun/nio/cs/MS1251
Event: 0.024 Loading class sun/nio/cs/MS1251 done
Event: 0.024 Loading class sun/nio/cs/MS1251$Holder
Event: 0.025 Loading class sun/nio/cs/MS1251$Holder done
Event: 0.026 Loading class sun/nio/cs/IBM866
Event: 0.026 Loading class sun/nio/cs/IBM866 done
Event: 0.026 Loading class sun/nio/cs/IBM866$Holder
Event: 0.026 Loading class sun/nio/cs/IBM866$Holder done
Event: 0.053 Loading class sun/nio/cs/UTF_8$Decoder
Event: 0.053 Loading class sun/nio/cs/UTF_8$Decoder done
Event: 0.055 Loading class sun/security/util/ManifestEntryVerifier
Event: 0.055 Loading class sun/security/util/ManifestEntryVerifier done

Classes unloaded (0 events):
No events

Classes redefined (0 events):
No events

Internal exceptions (0 events):
No events

VM Operations (2 events):
Event: 0.052 Executing VM operation: HandshakeAllThreads
Event: 0.052 Executing VM operation: HandshakeAllThreads done

Events (17 events):
Event: 0.008 Loaded shared library C:\Program Files\Java\jdk-18.0.2.1\bin\java.dll
Event: 0.015 Loaded shared library C:\Program Files\Java\jdk-18.0.2.1\bin\jsvml.dll
Event: 0.016 Thread 0x0000013b81c56830 Thread added: 0x0000013b81c56830
Event: 0.017 Thread 0x0000013ba4e40e40 Thread added: 0x0000013ba4e40e40
Event: 0.018 Thread 0x0000013ba4e42ab0 Thread added: 0x0000013ba4e42ab0
Event: 0.027 Thread 0x0000013ba4e5c5a0 Thread added: 0x0000013ba4e5c5a0
Event: 0.027 Thread 0x0000013ba4e5ce50 Thread added: 0x0000013ba4e5ce50
Event: 0.027 Thread 0x0000013ba4e5d7f0 Thread added: 0x0000013ba4e5d7f0
Event: 0.027 Thread 0x0000013ba4e5e190 Thread added: 0x0000013ba4e5e190
Event: 0.028 Thread 0x0000013ba4e6ae90 Thread added: 0x0000013ba4e6ae90
Event: 0.028 Thread 0x0000013ba4e72160 Thread added: 0x0000013ba4e72160
Event: 0.028 Thread 0x0000013ba4e77280 Thread added: 0x0000013ba4e77280
Event: 0.041 Thread 0x0000013ba90cdea0 Thread added: 0x0000013ba90cdea0
Event: 0.043 Thread 0x0000013ba90ce9e0 Thread added: 0x0000013ba90ce9e0
Event: 0.046 Loaded shared library C:\Program Files\Java\jdk-18.0.2.1\bin\net.dll
Event: 0.049 Loaded shared library C:\Program Files\Java\jdk-18.0.2.1\bin\nio.dll
Event: 0.052 Loaded shared library C:\Program Files\Java\jdk-18.0.2.1\bin\zip.dll


Dynamic libraries:
0x00007ff792480000 - 0x00007ff792490000 	C:\Program Files\Java\jdk-18.0.2.1\bin\java.exe
0x00007ffcab470000 - 0x00007ffcab687000 	C:\WINDOWS\SYSTEM32\ntdll.dll
0x00007ffca9280000 - 0x00007ffca9344000 	C:\WINDOWS\System32\KERNEL32.DLL
0x00007ffca8de0000 - 0x00007ffca9186000 	C:\WINDOWS\System32\KERNELBASE.dll
0x00007ffca8c40000 - 0x00007ffca8d51000 	C:\WINDOWS\System32\ucrtbase.dll
0x00007ffc81590000 - 0x00007ffc815a8000 	C:\Program Files\Java\jdk-18.0.2.1\bin\jli.dll
0x00007ffcaa6a0000 - 0x00007ffcaa753000 	C:\WINDOWS\System32\ADVAPI32.dll
0x00007ffca9dd0000 - 0x00007ffca9e77000 	C:\WINDOWS\System32\msvcrt.dll
0x00007ffca9450000 - 0x00007ffca94f8000 	C:\WINDOWS\System32\sechost.dll
0x00007ffca8b50000 - 0x00007ffca8b78000 	C:\WINDOWS\System32\bcrypt.dll
0x00007ffca9fd0000 - 0x00007ffcaa0e7000 	C:\WINDOWS\System32\RPCRT4.dll
0x00007ffcaa860000 - 0x00007ffcaaa0e000 	C:\WINDOWS\System32\USER32.dll
0x00007ffca9190000 - 0x00007ffca91b6000 	C:\WINDOWS\System32\win32u.dll
0x00007ffca9da0000 - 0x00007ffca9dc9000 	C:\WINDOWS\System32\GDI32.dll
0x00007ffca8920000 - 0x00007ffca8a38000 	C:\WINDOWS\System32\gdi32full.dll
0x00007ffca8ab0000 - 0x00007ffca8b4a000 	C:\WINDOWS\System32\msvcp_win.dll
0x00007ffc7bec0000 - 0x00007ffc7beda000 	C:\Program Files\Java\jdk-18.0.2.1\bin\VCRUNTIME140.dll
0x00007ffc9cb30000 - 0x00007ffc9cdc3000 	C:\WINDOWS\WinSxS\amd64_microsoft.windows.common-controls_6595b64144ccf1df_6.0.22621.2506_none_270c5ae97388e100\COMCTL32.dll
0x00007ffca0150000 - 0x00007ffca015a000 	C:\WINDOWS\SYSTEM32\VERSION.dll
0x00007ffca9d60000 - 0x00007ffca9d91000 	C:\WINDOWS\System32\IMM32.DLL
0x00007ffc81a70000 - 0x00007ffc81a7c000 	C:\Program Files\Java\jdk-18.0.2.1\bin\vcruntime140_1.dll
0x00007ffc28370000 - 0x00007ffc283fd000 	C:\Program Files\Java\jdk-18.0.2.1\bin\msvcp140.dll
0x00007ffbfbfd0000 - 0x00007ffbfcbe1000 	C:\Program Files\Java\jdk-18.0.2.1\bin\server\jvm.dll
0x00007ffcab240000 - 0x00007ffcab248000 	C:\WINDOWS\System32\PSAPI.DLL
0x00007ffc77290000 - 0x00007ffc77299000 	C:\WINDOWS\SYSTEM32\WSOCK32.dll
0x00007ffcaa620000 - 0x00007ffcaa691000 	C:\WINDOWS\System32\WS2_32.dll
0x00007ffc9b8e0000 - 0x00007ffc9b914000 	C:\WINDOWS\SYSTEM32\WINMM.dll
0x00007ffca77a0000 - 0x00007ffca77b8000 	C:\WINDOWS\SYSTEM32\kernel.appcore.dll
0x00007ffc81820000 - 0x00007ffc8182a000 	C:\Program Files\Java\jdk-18.0.2.1\bin\jimage.dll
0x00007ffc94480000 - 0x00007ffc946b3000 	C:\WINDOWS\SYSTEM32\DBGHELP.DLL
0x00007ffcaa210000 - 0x00007ffcaa599000 	C:\WINDOWS\System32\combase.dll
0x00007ffcaabd0000 - 0x00007ffcaaca7000 	C:\WINDOWS\System32\OLEAUT32.dll
0x00007ffc9d640000 - 0x00007ffc9d672000 	C:\WINDOWS\SYSTEM32\dbgcore.DLL
0x00007ffca8d60000 - 0x00007ffca8dda000 	C:\WINDOWS\System32\bcryptPrimitives.dll
0x00007ffc7a470000 - 0x00007ffc7a495000 	C:\Program Files\Java\jdk-18.0.2.1\bin\java.dll
0x00007ffc12550000 - 0x00007ffc12626000 	C:\Program Files\Java\jdk-18.0.2.1\bin\jsvml.dll
0x00007ffca9500000 - 0x00007ffca9d5a000 	C:\WINDOWS\System32\SHELL32.dll
0x00007ffca66b0000 - 0x00007ffca6fa6000 	C:\WINDOWS\SYSTEM32\windows.storage.dll
0x00007ffca6570000 - 0x00007ffca66ae000 	C:\WINDOWS\SYSTEM32\wintypes.dll
0x00007ffcaacb0000 - 0x00007ffcaada3000 	C:\WINDOWS\System32\SHCORE.dll
0x00007ffca9220000 - 0x00007ffca927e000 	C:\WINDOWS\System32\shlwapi.dll
0x00007ffca86e0000 - 0x00007ffca8706000 	C:\WINDOWS\SYSTEM32\profapi.dll
0x00007ffc79d00000 - 0x00007ffc79d13000 	C:\Program Files\Java\jdk-18.0.2.1\bin\net.dll
0x00007ffca1600000 - 0x00007ffca1737000 	C:\WINDOWS\SYSTEM32\WINHTTP.dll
0x00007ffca7c10000 - 0x00007ffca7c79000 	C:\WINDOWS\system32\mswsock.dll
0x00007ffc79550000 - 0x00007ffc79566000 	C:\Program Files\Java\jdk-18.0.2.1\bin\nio.dll
0x00007ffc76f70000 - 0x00007ffc76f88000 	C:\Program Files\Java\jdk-18.0.2.1\bin\zip.dll

dbghelp: loaded successfully - version: 4.0.5 - missing functions: none
symbol engine: initialized successfully - sym options: 0x614 - pdb path: .;C:\Program Files\Java\jdk-18.0.2.1\bin;C:\WINDOWS\SYSTEM32;C:\WINDOWS\WinSxS\amd64_microsoft.windows.common-controls_6595b64144ccf1df_6.0.22621.2506_none_270c5ae97388e100;C:\Program Files\Java\jdk-18.0.2.1\bin\server

VM Arguments:
jvm_args: -Xverify:none 
java_command: code.jar
java_class_path (initial): code.jar
Launcher Type: SUN_STANDARD

[Global flags]
     intx CICompilerCount                          = 4                                         {product} {ergonomic}
     uint ConcGCThreads                            = 3                                         {product} {ergonomic}
     uint G1ConcRefinementThreads                  = 10                                        {product} {ergonomic}
   size_t G1HeapRegionSize                         = 2097152                                   {product} {ergonomic}
    uintx GCDrainStackTargetSize                   = 64                                        {product} {ergonomic}
   size_t InitialHeapSize                          = 268435456                                 {product} {ergonomic}
   size_t MarkStackSize                            = 4194304                                   {product} {ergonomic}
   size_t MaxHeapSize                              = 4271898624                                {product} {ergonomic}
   size_t MaxNewSize                               = 2562719744                                {product} {ergonomic}
   size_t MinHeapDeltaBytes                        = 2097152                                   {product} {ergonomic}
   size_t MinHeapSize                              = 8388608                                   {product} {ergonomic}
    uintx NonNMethodCodeHeapSize                   = 5839372                                {pd product} {ergonomic}
    uintx NonProfiledCodeHeapSize                  = 122909434                              {pd product} {ergonomic}
    uintx ProfiledCodeHeapSize                     = 122909434                              {pd product} {ergonomic}
    uintx ReservedCodeCacheSize                    = 251658240                              {pd product} {ergonomic}
     bool SegmentedCodeCache                       = true                                      {product} {ergonomic}
   size_t SoftMaxHeapSize                          = 4271898624                             {manageable} {ergonomic}
     bool UseCompressedClassPointers               = true                           {product lp64_product} {ergonomic}
     bool UseCompressedOops                        = true                           {product lp64_product} {ergonomic}
     bool UseG1GC                                  = true                                      {product} {ergonomic}
     bool UseLargePagesIndividualAllocation        = false                                  {pd product} {ergonomic}

Logging:
Log output configuration:
 #0: stdout all=warning uptime,level,tags foldmultilines=false
 #1: stderr all=off uptime,level,tags foldmultilines=false

Environment Variables:
PATH=C:\Program Files\Common Files\Oracle\Java\javapath;C:\Program Files (x86)\Common Files\Intel\Shared Libraries\redist\intel64_win\compiler;C:\Program Files (x86)\Common Files\Oracle\Java\javapath;C:\ProgramData\Oracle\Java\javapath;C:\Windows\system32;C:\Windows;C:\Windows\System32\Wbem;C:\Windows\System32\WindowsPowerShell\v1.0\;C:\Windows\System32\OpenSSH\;C:\Program Files\NVIDIA Corporation\NVIDIA NvDLISR;C:\Program Files (x86)\NVIDIA Corporation\PhysX\Common;C:\Program Files\doxygen\bin;C:\WINDOWS\system32;C:\WINDOWS;C:\WINDOWS\System32\Wbem;C:\WINDOWS\System32\WindowsPowerShell\v1.0\;C:\WINDOWS\System32\OpenSSH\;C:\Program Files\Git\cmd;C:\Program Files\Microsoft SQL Server\150\Tools\Binn\;C:\WINDOWS\system32;C:\WINDOWS;C:\WINDOWS\System32\Wbem;C:\WINDOWS\System32\WindowsPowerShell\v1.0\;C:\WINDOWS\System32\OpenSSH\;C:\Program Files\Microsoft SQL Server\Client SDK\ODBC\170\Tools\Binn\;C:\Program Files\dotnet\;C:\Users\User\AppData\Local\Packages\PythonSoftwareFoundation.Python.3.9_qbz5n2kfra8p0\LocalCache\local-packages\Python39\Scripts;D:\Programs\GNUstepCore\GNUstep\bin;D:\Programs\NodeJs\;C:\Program Files\Java\jdk-18.0.2.1\bin;C:\Program Files\MySQL\MySQL Shell 8.0\bin\;C:\Program Files\Graphviz\bin;C:\Users\User\AppData\Local\Microsoft\WindowsApps;C:\Users\User\AppData\Local\Programs\Microsoft VS Code\bin;C:\Users\User\AppData\Local\GitHubDesktop\bin;D:\Programs\IntelliJ IDEA Community Edition 2022.3.3\bin;C:\Users\User\.dotnet\tools;C:\Users\User\AppData\Local\JetBrains\Toolbox\scripts;C:\Users\User\AppData\Roaming\npm;D:\Programs\JetBrains\PhpStorm 2023.2.1\bin;;D:\Programs\JetBrains\DataSpell 2023.2.2\bin;;D:\Programs\GNUstepCore\GNUstep\bin;D:\Programs\GNUstepCore\GNUstep\GNUstep\System\Tools;D:\Programs\JetBrains\WebStorm 2023.2.3\bin;;D:\AppData\Roaming\npm;C:\Users\User\.dotnet\tools
USERNAME=User
OS=Windows_NT
PROCESSOR_IDENTIFIER=AMD64 Family 23 Model 8 Stepping 2, AuthenticAMD



---------------  S Y S T E M  ---------------

OS:
 Windows 11 , 64 bit Build 22621 (10.0.22621.2506)
OS uptime: 0 days 2:26 hours
Hyper-V role detected

CPU: total 12 (initial active 12) (12 cores per cpu, 2 threads per core) family 23 model 8 stepping 2 microcode 0x0, cx8, cmov, fxsr, ht, mmx, 3dnowpref, sse, sse2, sse3, ssse3, sse4a, sse4.1, sse4.2, popcnt, lzcnt, tsc, tscinvbit, avx, avx2, aes, clmul, bmi1, bmi2, adx, sha, fma, vzeroupper, clflush, clflushopt, hv

Memory: 4k page, system-wide physical 16295M (5944M free)
TotalPageFile size 28583M (AvailPageFile size 9987M)
current process WorkingSet (physical memory assigned to process): 29M, peak: 29M
current process commit charge ("private bytes"): 347M, peak: 347M

vm_info: Java HotSpot(TM) 64-Bit Server VM (18.0.2.1+1-1) for windows-amd64 JRE (18.0.2.1+1-1), built on Aug 16 2022 01:46:33 by "mach5one" with MS VC++ 16.8 / 16.9 (VS2019)

END.
